[2019-07-03 09:03:34] local.ERROR: PDOException: SQLSTATE[42000]: Syntax error or access violation: 1071 Specified key was too long; max key length is 767 bytes in C:\xampp\htdocs\lumen_projects\WealthSmithApi\vendor\illuminate\database\Connection.php:458
Stack trace:
#0 C:\xampp\htdocs\lumen_projects\WealthSmithApi\vendor\illuminate\database\Connection.php(458): PDOStatement->execute()
#1 C:\xampp\htdocs\lumen_projects\WealthSmithApi\vendor\illuminate\database\Connection.php(657): Illuminate\Database\Connection->Illuminate\Database\{closure}('alter table `us...', Array)
#2 C:\xampp\htdocs\lumen_projects\WealthSmithApi\vendor\illuminate\database\Connection.php(624): Illuminate\Database\Connection->runQueryCallback('alter table `us...', Array, Object(Closure))
#3 C:\xampp\htdocs\lumen_projects\WealthSmithApi\vendor\illuminate\database\Connection.php(459): Illuminate\Database\Connection->run('alter table `us...', Array, Object(Closure))
#4 C:\xampp\htdocs\lumen_projects\WealthSmithApi\vendor\illuminate\database\Schema\Blueprint.php(97): Illuminate\Database\Connection->statement('alter table `us...')
#5 C:\xampp\htdocs\lumen_projects\WealthSmithApi\vendor\illuminate\database\Schema\Builder.php(278): Illuminate\Database\Schema\Blueprint->build(Object(Illuminate\Database\MySqlConnection), Object(Illuminate\Database\Schema\Grammars\MySqlGrammar))
#6 C:\xampp\htdocs\lumen_projects\WealthSmithApi\vendor\illuminate\database\Schema\Builder.php(167): Illuminate\Database\Schema\Builder->build(Object(Illuminate\Database\Schema\Blueprint))
#7 C:\xampp\htdocs\lumen_projects\WealthSmithApi\vendor\illuminate\support\Facades\Facade.php(237): Illuminate\Database\Schema\Builder->create('users', Object(Closure))
#8 C:\xampp\htdocs\lumen_projects\WealthSmithApi\database\migrations\2019_06_28_171406_create_users_table.php(35): Illuminate\Support\Facades\Facade::__callStatic('create', Array)
#9 C:\xampp\htdocs\lumen_projects\WealthSmithApi\vendor\illuminate\database\Migrations\Migrator.php(385): CreateUsersTable->up()
#10 C:\xampp\htdocs\lumen_projects\WealthSmithApi\vendor\illuminate\database\Migrations\Migrator.php(394): Illuminate\Database\Migrations\Migrator->Illuminate\Database\Migrations\{closure}()
#11 C:\xampp\htdocs\lumen_projects\WealthSmithApi\vendor\illuminate\database\Migrations\Migrator.php(197): Illuminate\Database\Migrations\Migrator->runMigration(Object(CreateUsersTable), 'up')
#12 C:\xampp\htdocs\lumen_projects\WealthSmithApi\vendor\illuminate\database\Migrations\Migrator.php(164): Illuminate\Database\Migrations\Migrator->runUp('C:\\xampp\\htdocs...', 1, false)
#13 C:\xampp\htdocs\lumen_projects\WealthSmithApi\vendor\illuminate\database\Migrations\Migrator.php(111): Illuminate\Database\Migrations\Migrator->runPending(Array, Array)
#14 C:\xampp\htdocs\lumen_projects\WealthSmithApi\vendor\illuminate\database\Console\Migrations\MigrateCommand.php(71): Illuminate\Database\Migrations\Migrator->run(Array, Array)
#15 [internal function]: Illuminate\Database\Console\Migrations\MigrateCommand->handle()
#16 C:\xampp\htdocs\lumen_projects\WealthSmithApi\vendor\illuminate\container\BoundMethod.php(32): call_user_func_array(Array, Array)
#17 C:\xampp\htdocs\lumen_projects\WealthSmithApi\vendor\illuminate\container\BoundMethod.php(90): Illuminate\Container\BoundMethod::Illuminate\Container\{closure}()
#18 C:\xampp\htdocs\lumen_projects\WealthSmithApi\vendor\illuminate\container\BoundMethod.php(34): Illuminate\Container\BoundMethod::callBoundMethod(Object(Laravel\Lumen\Application), Array, Object(Closure))
#19 C:\xampp\htdocs\lumen_projects\WealthSmithApi\vendor\illuminate\container\Container.php(576): Illuminate\Container\BoundMethod::call(Object(Laravel\Lumen\Application), Array, Array, NULL)
#20 C:\xampp\htdocs\lumen_projects\WealthSmithApi\vendor\illuminate\console\Command.php(183): Illuminate\Container\Container->call(Array)
#21 C:\xampp\htdocs\lumen_projects\WealthSmithApi\vendor\symfony\console\Command\Command.php(255): Illuminate\Console\Command->execute(Object(Symfony\Component\Console\Input\ArgvInput), Object(Illuminate\Console\OutputStyle))
#22 C:\xampp\htdocs\lumen_projects\WealthSmithApi\vendor\illuminate\console\Command.php(170): Symfony\Component\Console\Command\Command->run(Object(Symfony\Component\Console\Input\ArgvInput), Object(Illuminate\Console\OutputStyle))
#23 C:\xampp\htdocs\lumen_projects\WealthSmithApi\vendor\symfony\console\Application.php(921): Illuminate\Console\Command->run(Object(Symfony\Component\Console\Input\ArgvInput), Object(Symfony\Component\Console\Output\ConsoleOutput))
#24 C:\xampp\htdocs\lumen_projects\WealthSmithApi\vendor\symfony\console\Application.php(273): Symfony\Component\Console\Application->doRunCommand(Object(Illuminate\Database\Console\Migrations\MigrateCommand), Object(Symfony\Component\Console\Input\ArgvInput), Object(Symfony\Component\Console\Output\ConsoleOutput))
#25 C:\xampp\htdocs\lumen_projects\WealthSmithApi\vendor\symfony\console\Application.php(149): Symfony\Component\Console\Application->doRun(Object(Symfony\Component\Console\Input\ArgvInput), Object(Symfony\Component\Console\Output\ConsoleOutput))
#26 C:\xampp\htdocs\lumen_projects\WealthSmithApi\vendor\illuminate\console\Application.php(90): Symfony\Component\Console\Application->run(Object(Symfony\Component\Console\Input\ArgvInput), Object(Symfony\Component\Console\Output\ConsoleOutput))
#27 C:\xampp\htdocs\lumen_projects\WealthSmithApi\vendor\laravel\lumen-framework\src\Console\Kernel.php(115): Illuminate\Console\Application->run(Object(Symfony\Component\Console\Input\ArgvInput), Object(Symfony\Component\Console\Output\ConsoleOutput))
#28 C:\xampp\htdocs\lumen_projects\WealthSmithApi\artisan(35): Laravel\Lumen\Console\Kernel->handle(Object(Symfony\Component\Console\Input\ArgvInput), Object(Symfony\Component\Console\Output\ConsoleOutput))
#29 {main}

Next Illuminate\Database\QueryException: SQLSTATE[42000]: Syntax error or access violation: 1071 Specified key was too long; max key length is 767 bytes (SQL: alter table `users` add unique `users_email_unique`(`email`)) in C:\xampp\htdocs\lumen_projects\WealthSmithApi\vendor\illuminate\database\Connection.php:664
Stack trace:
#0 C:\xampp\htdocs\lumen_projects\WealthSmithApi\vendor\illuminate\database\Connection.php(624): Illuminate\Database\Connection->runQueryCallback('alter table `us...', Array, Object(Closure))
#1 C:\xampp\htdocs\lumen_projects\WealthSmithApi\vendor\illuminate\database\Connection.php(459): Illuminate\Database\Connection->run('alter table `us...', Array, Object(Closure))
#2 C:\xampp\htdocs\lumen_projects\WealthSmithApi\vendor\illuminate\database\Schema\Blueprint.php(97): Illuminate\Database\Connection->statement('alter table `us...')
#3 C:\xampp\htdocs\lumen_projects\WealthSmithApi\vendor\illuminate\database\Schema\Builder.php(278): Illuminate\Database\Schema\Blueprint->build(Object(Illuminate\Database\MySqlConnection), Object(Illuminate\Database\Schema\Grammars\MySqlGrammar))
#4 C:\xampp\htdocs\lumen_projects\WealthSmithApi\vendor\illuminate\database\Schema\Builder.php(167): Illuminate\Database\Schema\Builder->build(Object(Illuminate\Database\Schema\Blueprint))
#5 C:\xampp\htdocs\lumen_projects\WealthSmithApi\vendor\illuminate\support\Facades\Facade.php(237): Illuminate\Database\Schema\Builder->create('users', Object(Closure))
#6 C:\xampp\htdocs\lumen_projects\WealthSmithApi\database\migrations\2019_06_28_171406_create_users_table.php(35): Illuminate\Support\Facades\Facade::__callStatic('create', Array)
#7 C:\xampp\htdocs\lumen_projects\WealthSmithApi\vendor\illuminate\database\Migrations\Migrator.php(385): CreateUsersTable->up()
#8 C:\xampp\htdocs\lumen_projects\WealthSmithApi\vendor\illuminate\database\Migrations\Migrator.php(394): Illuminate\Database\Migrations\Migrator->Illuminate\Database\Migrations\{closure}()
#9 C:\xampp\htdocs\lumen_projects\WealthSmithApi\vendor\illuminate\database\Migrations\Migrator.php(197): Illuminate\Database\Migrations\Migrator->runMigration(Object(CreateUsersTable), 'up')
#10 C:\xampp\htdocs\lumen_projects\WealthSmithApi\vendor\illuminate\database\Migrations\Migrator.php(164): Illuminate\Database\Migrations\Migrator->runUp('C:\\xampp\\htdocs...', 1, false)
#11 C:\xampp\htdocs\lumen_projects\WealthSmithApi\vendor\illuminate\database\Migrations\Migrator.php(111): Illuminate\Database\Migrations\Migrator->runPending(Array, Array)
#12 C:\xampp\htdocs\lumen_projects\WealthSmithApi\vendor\illuminate\database\Console\Migrations\MigrateCommand.php(71): Illuminate\Database\Migrations\Migrator->run(Array, Array)
#13 [internal function]: Illuminate\Database\Console\Migrations\MigrateCommand->handle()
#14 C:\xampp\htdocs\lumen_projects\WealthSmithApi\vendor\illuminate\container\BoundMethod.php(32): call_user_func_array(Array, Array)
#15 C:\xampp\htdocs\lumen_projects\WealthSmithApi\vendor\illuminate\container\BoundMethod.php(90): Illuminate\Container\BoundMethod::Illuminate\Container\{closure}()
#16 C:\xampp\htdocs\lumen_projects\WealthSmithApi\vendor\illuminate\container\BoundMethod.php(34): Illuminate\Container\BoundMethod::callBoundMethod(Object(Laravel\Lumen\Application), Array, Object(Closure))
#17 C:\xampp\htdocs\lumen_projects\WealthSmithApi\vendor\illuminate\container\Container.php(576): Illuminate\Container\BoundMethod::call(Object(Laravel\Lumen\Application), Array, Array, NULL)
#18 C:\xampp\htdocs\lumen_projects\WealthSmithApi\vendor\illuminate\console\Command.php(183): Illuminate\Container\Container->call(Array)
#19 C:\xampp\htdocs\lumen_projects\WealthSmithApi\vendor\symfony\console\Command\Command.php(255): Illuminate\Console\Command->execute(Object(Symfony\Component\Console\Input\ArgvInput), Object(Illuminate\Console\OutputStyle))
#20 C:\xampp\htdocs\lumen_projects\WealthSmithApi\vendor\illuminate\console\Command.php(170): Symfony\Component\Console\Command\Command->run(Object(Symfony\Component\Console\Input\ArgvInput), Object(Illuminate\Console\OutputStyle))
#21 C:\xampp\htdocs\lumen_projects\WealthSmithApi\vendor\symfony\console\Application.php(921): Illuminate\Console\Command->run(Object(Symfony\Component\Console\Input\ArgvInput), Object(Symfony\Component\Console\Output\ConsoleOutput))
#22 C:\xampp\htdocs\lumen_projects\WealthSmithApi\vendor\symfony\console\Application.php(273): Symfony\Component\Console\Application->doRunCommand(Object(Illuminate\Database\Console\Migrations\MigrateCommand), Object(Symfony\Component\Console\Input\ArgvInput), Object(Symfony\Component\Console\Output\ConsoleOutput))
#23 C:\xampp\htdocs\lumen_projects\WealthSmithApi\vendor\symfony\console\Application.php(149): Symfony\Component\Console\Application->doRun(Object(Symfony\Component\Console\Input\ArgvInput), Object(Symfony\Component\Console\Output\ConsoleOutput))
#24 C:\xampp\htdocs\lumen_projects\WealthSmithApi\vendor\illuminate\console\Application.php(90): Symfony\Component\Console\Application->run(Object(Symfony\Component\Console\Input\ArgvInput), Object(Symfony\Component\Console\Output\ConsoleOutput))
#25 C:\xampp\htdocs\lumen_projects\WealthSmithApi\vendor\laravel\lumen-framework\src\Console\Kernel.php(115): Illuminate\Console\Application->run(Object(Symfony\Component\Console\Input\ArgvInput), Object(Symfony\Component\Console\Output\ConsoleOutput))
#26 C:\xampp\htdocs\lumen_projects\WealthSmithApi\artisan(35): Laravel\Lumen\Console\Kernel->handle(Object(Symfony\Component\Console\Input\ArgvInput), Object(Symfony\Component\Console\Output\ConsoleOutput))
#27 {main} {"exception":"[object] (Illuminate\\Database\\QueryException(code: 42000): SQLSTATE[42000]: Syntax error or access violation: 1071 Specified key was too long; max key length is 767 bytes (SQL: alter table `users` add unique `users_email_unique`(`email`)) at C:\\xampp\\htdocs\\lumen_projects\\WealthSmithApi\\vendor\\illuminate\\database\\Connection.php:664, PDOException(code: 42000): SQLSTATE[42000]: Syntax error or access violation: 1071 Specified key was too long; max key length is 767 bytes at C:\\xampp\\htdocs\\lumen_projects\\WealthSmithApi\\vendor\\illuminate\\database\\Connection.php:458)
[stacktrace]
#0 C:\\xampp\\htdocs\\lumen_projects\\WealthSmithApi\\vendor\\illuminate\\database\\Connection.php(624): Illuminate\\Database\\Connection->runQueryCallback('alter table `us...', Array, Object(Closure))
#1 C:\\xampp\\htdocs\\lumen_projects\\WealthSmithApi\\vendor\\illuminate\\database\\Connection.php(459): Illuminate\\Database\\Connection->run('alter table `us...', Array, Object(Closure))
#2 C:\\xampp\\htdocs\\lumen_projects\\WealthSmithApi\\vendor\\illuminate\\database\\Schema\\Blueprint.php(97): Illuminate\\Database\\Connection->statement('alter table `us...')
#3 C:\\xampp\\htdocs\\lumen_projects\\WealthSmithApi\\vendor\\illuminate\\database\\Schema\\Builder.php(278): Illuminate\\Database\\Schema\\Blueprint->build(Object(Illuminate\\Database\\MySqlConnection), Object(Illuminate\\Database\\Schema\\Grammars\\MySqlGrammar))
#4 C:\\xampp\\htdocs\\lumen_projects\\WealthSmithApi\\vendor\\illuminate\\database\\Schema\\Builder.php(167): Illuminate\\Database\\Schema\\Builder->build(Object(Illuminate\\Database\\Schema\\Blueprint))
#5 C:\\xampp\\htdocs\\lumen_projects\\WealthSmithApi\\vendor\\illuminate\\support\\Facades\\Facade.php(237): Illuminate\\Database\\Schema\\Builder->create('users', Object(Closure))
#6 C:\\xampp\\htdocs\\lumen_projects\\WealthSmithApi\\database\\migrations\\2019_06_28_171406_create_users_table.php(35): Illuminate\\Support\\Facades\\Facade::__callStatic('create', Array)
#7 C:\\xampp\\htdocs\\lumen_projects\\WealthSmithApi\\vendor\\illuminate\\database\\Migrations\\Migrator.php(385): CreateUsersTable->up()
#8 C:\\xampp\\htdocs\\lumen_projects\\WealthSmithApi\\vendor\\illuminate\\database\\Migrations\\Migrator.php(394): Illuminate\\Database\\Migrations\\Migrator->Illuminate\\Database\\Migrations\\{closure}()
#9 C:\\xampp\\htdocs\\lumen_projects\\WealthSmithApi\\vendor\\illuminate\\database\\Migrations\\Migrator.php(197): Illuminate\\Database\\Migrations\\Migrator->runMigration(Object(CreateUsersTable), 'up')
#10 C:\\xampp\\htdocs\\lumen_projects\\WealthSmithApi\\vendor\\illuminate\\database\\Migrations\\Migrator.php(164): Illuminate\\Database\\Migrations\\Migrator->runUp('C:\\\\xampp\\\\htdocs...', 1, false)
#11 C:\\xampp\\htdocs\\lumen_projects\\WealthSmithApi\\vendor\\illuminate\\database\\Migrations\\Migrator.php(111): Illuminate\\Database\\Migrations\\Migrator->runPending(Array, Array)
#12 C:\\xampp\\htdocs\\lumen_projects\\WealthSmithApi\\vendor\\illuminate\\database\\Console\\Migrations\\MigrateCommand.php(71): Illuminate\\Database\\Migrations\\Migrator->run(Array, Array)
#13 [internal function]: Illuminate\\Database\\Console\\Migrations\\MigrateCommand->handle()
#14 C:\\xampp\\htdocs\\lumen_projects\\WealthSmithApi\\vendor\\illuminate\\container\\BoundMethod.php(32): call_user_func_array(Array, Array)
#15 C:\\xampp\\htdocs\\lumen_projects\\WealthSmithApi\\vendor\\illuminate\\container\\BoundMethod.php(90): Illuminate\\Container\\BoundMethod::Illuminate\\Container\\{closure}()
#16 C:\\xampp\\htdocs\\lumen_projects\\WealthSmithApi\\vendor\\illuminate\\container\\BoundMethod.php(34): Illuminate\\Container\\BoundMethod::callBoundMethod(Object(Laravel\\Lumen\\Application), Array, Object(Closure))
#17 C:\\xampp\\htdocs\\lumen_projects\\WealthSmithApi\\vendor\\illuminate\\container\\Container.php(576): Illuminate\\Container\\BoundMethod::call(Object(Laravel\\Lumen\\Application), Array, Array, NULL)
#18 C:\\xampp\\htdocs\\lumen_projects\\WealthSmithApi\\vendor\\illuminate\\console\\Command.php(183): Illuminate\\Container\\Container->call(Array)
#19 C:\\xampp\\htdocs\\lumen_projects\\WealthSmithApi\\vendor\\symfony\\console\\Command\\Command.php(255): Illuminate\\Console\\Command->execute(Object(Symfony\\Component\\Console\\Input\\ArgvInput), Object(Illuminate\\Console\\OutputStyle))
#20 C:\\xampp\\htdocs\\lumen_projects\\WealthSmithApi\\vendor\\illuminate\\console\\Command.php(170): Symfony\\Component\\Console\\Command\\Command->run(Object(Symfony\\Component\\Console\\Input\\ArgvInput), Object(Illuminate\\Console\\OutputStyle))
#21 C:\\xampp\\htdocs\\lumen_projects\\WealthSmithApi\\vendor\\symfony\\console\\Application.php(921): Illuminate\\Console\\Command->run(Object(Symfony\\Component\\Console\\Input\\ArgvInput), Object(Symfony\\Component\\Console\\Output\\ConsoleOutput))
#22 C:\\xampp\\htdocs\\lumen_projects\\WealthSmithApi\\vendor\\symfony\\console\\Application.php(273): Symfony\\Component\\Console\\Application->doRunCommand(Object(Illuminate\\Database\\Console\\Migrations\\MigrateCommand), Object(Symfony\\Component\\Console\\Input\\ArgvInput), Object(Symfony\\Component\\Console\\Output\\ConsoleOutput))
#23 C:\\xampp\\htdocs\\lumen_projects\\WealthSmithApi\\vendor\\symfony\\console\\Application.php(149): Symfony\\Component\\Console\\Application->doRun(Object(Symfony\\Component\\Console\\Input\\ArgvInput), Object(Symfony\\Component\\Console\\Output\\ConsoleOutput))
#24 C:\\xampp\\htdocs\\lumen_projects\\WealthSmithApi\\vendor\\illuminate\\console\\Application.php(90): Symfony\\Component\\Console\\Application->run(Object(Symfony\\Component\\Console\\Input\\ArgvInput), Object(Symfony\\Component\\Console\\Output\\ConsoleOutput))
#25 C:\\xampp\\htdocs\\lumen_projects\\WealthSmithApi\\vendor\\laravel\\lumen-framework\\src\\Console\\Kernel.php(115): Illuminate\\Console\\Application->run(Object(Symfony\\Component\\Console\\Input\\ArgvInput), Object(Symfony\\Component\\Console\\Output\\ConsoleOutput))
#26 C:\\xampp\\htdocs\\lumen_projects\\WealthSmithApi\\artisan(35): Laravel\\Lumen\\Console\\Kernel->handle(Object(Symfony\\Component\\Console\\Input\\ArgvInput), Object(Symfony\\Component\\Console\\Output\\ConsoleOutput))
#27 {main}
"} 
[2019-07-03 09:04:33] local.ERROR: PDOException: SQLSTATE[42000]: Syntax error or access violation: 1071 Specified key was too long; max key length is 767 bytes in C:\xampp\htdocs\lumen_projects\WealthSmithApi\vendor\illuminate\database\Connection.php:458
Stack trace:
#0 C:\xampp\htdocs\lumen_projects\WealthSmithApi\vendor\illuminate\database\Connection.php(458): PDOStatement->execute()
#1 C:\xampp\htdocs\lumen_projects\WealthSmithApi\vendor\illuminate\database\Connection.php(657): Illuminate\Database\Connection->Illuminate\Database\{closure}('alter table `us...', Array)
#2 C:\xampp\htdocs\lumen_projects\WealthSmithApi\vendor\illuminate\database\Connection.php(624): Illuminate\Database\Connection->runQueryCallback('alter table `us...', Array, Object(Closure))
#3 C:\xampp\htdocs\lumen_projects\WealthSmithApi\vendor\illuminate\database\Connection.php(459): Illuminate\Database\Connection->run('alter table `us...', Array, Object(Closure))
#4 C:\xampp\htdocs\lumen_projects\WealthSmithApi\vendor\illuminate\database\Schema\Blueprint.php(97): Illuminate\Database\Connection->statement('alter table `us...')
#5 C:\xampp\htdocs\lumen_projects\WealthSmithApi\vendor\illuminate\database\Schema\Builder.php(278): Illuminate\Database\Schema\Blueprint->build(Object(Illuminate\Database\MySqlConnection), Object(Illuminate\Database\Schema\Grammars\MySqlGrammar))
#6 C:\xampp\htdocs\lumen_projects\WealthSmithApi\vendor\illuminate\database\Schema\Builder.php(167): Illuminate\Database\Schema\Builder->build(Object(Illuminate\Database\Schema\Blueprint))
#7 C:\xampp\htdocs\lumen_projects\WealthSmithApi\vendor\illuminate\support\Facades\Facade.php(237): Illuminate\Database\Schema\Builder->create('users', Object(Closure))
#8 C:\xampp\htdocs\lumen_projects\WealthSmithApi\database\migrations\2019_06_28_171406_create_users_table.php(35): Illuminate\Support\Facades\Facade::__callStatic('create', Array)
#9 C:\xampp\htdocs\lumen_projects\WealthSmithApi\vendor\illuminate\database\Migrations\Migrator.php(385): CreateUsersTable->up()
#10 C:\xampp\htdocs\lumen_projects\WealthSmithApi\vendor\illuminate\database\Migrations\Migrator.php(394): Illuminate\Database\Migrations\Migrator->Illuminate\Database\Migrations\{closure}()
#11 C:\xampp\htdocs\lumen_projects\WealthSmithApi\vendor\illuminate\database\Migrations\Migrator.php(197): Illuminate\Database\Migrations\Migrator->runMigration(Object(CreateUsersTable), 'up')
#12 C:\xampp\htdocs\lumen_projects\WealthSmithApi\vendor\illuminate\database\Migrations\Migrator.php(164): Illuminate\Database\Migrations\Migrator->runUp('C:\\xampp\\htdocs...', 1, false)
#13 C:\xampp\htdocs\lumen_projects\WealthSmithApi\vendor\illuminate\database\Migrations\Migrator.php(111): Illuminate\Database\Migrations\Migrator->runPending(Array, Array)
#14 C:\xampp\htdocs\lumen_projects\WealthSmithApi\vendor\illuminate\database\Console\Migrations\MigrateCommand.php(71): Illuminate\Database\Migrations\Migrator->run(Array, Array)
#15 [internal function]: Illuminate\Database\Console\Migrations\MigrateCommand->handle()
#16 C:\xampp\htdocs\lumen_projects\WealthSmithApi\vendor\illuminate\container\BoundMethod.php(32): call_user_func_array(Array, Array)
#17 C:\xampp\htdocs\lumen_projects\WealthSmithApi\vendor\illuminate\container\BoundMethod.php(90): Illuminate\Container\BoundMethod::Illuminate\Container\{closure}()
#18 C:\xampp\htdocs\lumen_projects\WealthSmithApi\vendor\illuminate\container\BoundMethod.php(34): Illuminate\Container\BoundMethod::callBoundMethod(Object(Laravel\Lumen\Application), Array, Object(Closure))
#19 C:\xampp\htdocs\lumen_projects\WealthSmithApi\vendor\illuminate\container\Container.php(576): Illuminate\Container\BoundMethod::call(Object(Laravel\Lumen\Application), Array, Array, NULL)
#20 C:\xampp\htdocs\lumen_projects\WealthSmithApi\vendor\illuminate\console\Command.php(183): Illuminate\Container\Container->call(Array)
#21 C:\xampp\htdocs\lumen_projects\WealthSmithApi\vendor\symfony\console\Command\Command.php(255): Illuminate\Console\Command->execute(Object(Symfony\Component\Console\Input\ArgvInput), Object(Illuminate\Console\OutputStyle))
#22 C:\xampp\htdocs\lumen_projects\WealthSmithApi\vendor\illuminate\console\Command.php(170): Symfony\Component\Console\Command\Command->run(Object(Symfony\Component\Console\Input\ArgvInput), Object(Illuminate\Console\OutputStyle))
#23 C:\xampp\htdocs\lumen_projects\WealthSmithApi\vendor\symfony\console\Application.php(921): Illuminate\Console\Command->run(Object(Symfony\Component\Console\Input\ArgvInput), Object(Symfony\Component\Console\Output\ConsoleOutput))
#24 C:\xampp\htdocs\lumen_projects\WealthSmithApi\vendor\symfony\console\Application.php(273): Symfony\Component\Console\Application->doRunCommand(Object(Illuminate\Database\Console\Migrations\MigrateCommand), Object(Symfony\Component\Console\Input\ArgvInput), Object(Symfony\Component\Console\Output\ConsoleOutput))
#25 C:\xampp\htdocs\lumen_projects\WealthSmithApi\vendor\symfony\console\Application.php(149): Symfony\Component\Console\Application->doRun(Object(Symfony\Component\Console\Input\ArgvInput), Object(Symfony\Component\Console\Output\ConsoleOutput))
#26 C:\xampp\htdocs\lumen_projects\WealthSmithApi\vendor\illuminate\console\Application.php(90): Symfony\Component\Console\Application->run(Object(Symfony\Component\Console\Input\ArgvInput), Object(Symfony\Component\Console\Output\ConsoleOutput))
#27 C:\xampp\htdocs\lumen_projects\WealthSmithApi\vendor\laravel\lumen-framework\src\Console\Kernel.php(115): Illuminate\Console\Application->run(Object(Symfony\Component\Console\Input\ArgvInput), Object(Symfony\Component\Console\Output\ConsoleOutput))
#28 C:\xampp\htdocs\lumen_projects\WealthSmithApi\artisan(35): Laravel\Lumen\Console\Kernel->handle(Object(Symfony\Component\Console\Input\ArgvInput), Object(Symfony\Component\Console\Output\ConsoleOutput))
#29 {main}

Next Illuminate\Database\QueryException: SQLSTATE[42000]: Syntax error or access violation: 1071 Specified key was too long; max key length is 767 bytes (SQL: alter table `users` add unique `users_email_unique`(`email`)) in C:\xampp\htdocs\lumen_projects\WealthSmithApi\vendor\illuminate\database\Connection.php:664
Stack trace:
#0 C:\xampp\htdocs\lumen_projects\WealthSmithApi\vendor\illuminate\database\Connection.php(624): Illuminate\Database\Connection->runQueryCallback('alter table `us...', Array, Object(Closure))
#1 C:\xampp\htdocs\lumen_projects\WealthSmithApi\vendor\illuminate\database\Connection.php(459): Illuminate\Database\Connection->run('alter table `us...', Array, Object(Closure))
#2 C:\xampp\htdocs\lumen_projects\WealthSmithApi\vendor\illuminate\database\Schema\Blueprint.php(97): Illuminate\Database\Connection->statement('alter table `us...')
#3 C:\xampp\htdocs\lumen_projects\WealthSmithApi\vendor\illuminate\database\Schema\Builder.php(278): Illuminate\Database\Schema\Blueprint->build(Object(Illuminate\Database\MySqlConnection), Object(Illuminate\Database\Schema\Grammars\MySqlGrammar))
#4 C:\xampp\htdocs\lumen_projects\WealthSmithApi\vendor\illuminate\database\Schema\Builder.php(167): Illuminate\Database\Schema\Builder->build(Object(Illuminate\Database\Schema\Blueprint))
#5 C:\xampp\htdocs\lumen_projects\WealthSmithApi\vendor\illuminate\support\Facades\Facade.php(237): Illuminate\Database\Schema\Builder->create('users', Object(Closure))
#6 C:\xampp\htdocs\lumen_projects\WealthSmithApi\database\migrations\2019_06_28_171406_create_users_table.php(35): Illuminate\Support\Facades\Facade::__callStatic('create', Array)
#7 C:\xampp\htdocs\lumen_projects\WealthSmithApi\vendor\illuminate\database\Migrations\Migrator.php(385): CreateUsersTable->up()
#8 C:\xampp\htdocs\lumen_projects\WealthSmithApi\vendor\illuminate\database\Migrations\Migrator.php(394): Illuminate\Database\Migrations\Migrator->Illuminate\Database\Migrations\{closure}()
#9 C:\xampp\htdocs\lumen_projects\WealthSmithApi\vendor\illuminate\database\Migrations\Migrator.php(197): Illuminate\Database\Migrations\Migrator->runMigration(Object(CreateUsersTable), 'up')
#10 C:\xampp\htdocs\lumen_projects\WealthSmithApi\vendor\illuminate\database\Migrations\Migrator.php(164): Illuminate\Database\Migrations\Migrator->runUp('C:\\xampp\\htdocs...', 1, false)
#11 C:\xampp\htdocs\lumen_projects\WealthSmithApi\vendor\illuminate\database\Migrations\Migrator.php(111): Illuminate\Database\Migrations\Migrator->runPending(Array, Array)
#12 C:\xampp\htdocs\lumen_projects\WealthSmithApi\vendor\illuminate\database\Console\Migrations\MigrateCommand.php(71): Illuminate\Database\Migrations\Migrator->run(Array, Array)
#13 [internal function]: Illuminate\Database\Console\Migrations\MigrateCommand->handle()
#14 C:\xampp\htdocs\lumen_projects\WealthSmithApi\vendor\illuminate\container\BoundMethod.php(32): call_user_func_array(Array, Array)
#15 C:\xampp\htdocs\lumen_projects\WealthSmithApi\vendor\illuminate\container\BoundMethod.php(90): Illuminate\Container\BoundMethod::Illuminate\Container\{closure}()
#16 C:\xampp\htdocs\lumen_projects\WealthSmithApi\vendor\illuminate\container\BoundMethod.php(34): Illuminate\Container\BoundMethod::callBoundMethod(Object(Laravel\Lumen\Application), Array, Object(Closure))
#17 C:\xampp\htdocs\lumen_projects\WealthSmithApi\vendor\illuminate\container\Container.php(576): Illuminate\Container\BoundMethod::call(Object(Laravel\Lumen\Application), Array, Array, NULL)
#18 C:\xampp\htdocs\lumen_projects\WealthSmithApi\vendor\illuminate\console\Command.php(183): Illuminate\Container\Container->call(Array)
#19 C:\xampp\htdocs\lumen_projects\WealthSmithApi\vendor\symfony\console\Command\Command.php(255): Illuminate\Console\Command->execute(Object(Symfony\Component\Console\Input\ArgvInput), Object(Illuminate\Console\OutputStyle))
#20 C:\xampp\htdocs\lumen_projects\WealthSmithApi\vendor\illuminate\console\Command.php(170): Symfony\Component\Console\Command\Command->run(Object(Symfony\Component\Console\Input\ArgvInput), Object(Illuminate\Console\OutputStyle))
#21 C:\xampp\htdocs\lumen_projects\WealthSmithApi\vendor\symfony\console\Application.php(921): Illuminate\Console\Command->run(Object(Symfony\Component\Console\Input\ArgvInput), Object(Symfony\Component\Console\Output\ConsoleOutput))
#22 C:\xampp\htdocs\lumen_projects\WealthSmithApi\vendor\symfony\console\Application.php(273): Symfony\Component\Console\Application->doRunCommand(Object(Illuminate\Database\Console\Migrations\MigrateCommand), Object(Symfony\Component\Console\Input\ArgvInput), Object(Symfony\Component\Console\Output\ConsoleOutput))
#23 C:\xampp\htdocs\lumen_projects\WealthSmithApi\vendor\symfony\console\Application.php(149): Symfony\Component\Console\Application->doRun(Object(Symfony\Component\Console\Input\ArgvInput), Object(Symfony\Component\Console\Output\ConsoleOutput))
#24 C:\xampp\htdocs\lumen_projects\WealthSmithApi\vendor\illuminate\console\Application.php(90): Symfony\Component\Console\Application->run(Object(Symfony\Component\Console\Input\ArgvInput), Object(Symfony\Component\Console\Output\ConsoleOutput))
#25 C:\xampp\htdocs\lumen_projects\WealthSmithApi\vendor\laravel\lumen-framework\src\Console\Kernel.php(115): Illuminate\Console\Application->run(Object(Symfony\Component\Console\Input\ArgvInput), Object(Symfony\Component\Console\Output\ConsoleOutput))
#26 C:\xampp\htdocs\lumen_projects\WealthSmithApi\artisan(35): Laravel\Lumen\Console\Kernel->handle(Object(Symfony\Component\Console\Input\ArgvInput), Object(Symfony\Component\Console\Output\ConsoleOutput))
#27 {main} {"exception":"[object] (Illuminate\\Database\\QueryException(code: 42000): SQLSTATE[42000]: Syntax error or access violation: 1071 Specified key was too long; max key length is 767 bytes (SQL: alter table `users` add unique `users_email_unique`(`email`)) at C:\\xampp\\htdocs\\lumen_projects\\WealthSmithApi\\vendor\\illuminate\\database\\Connection.php:664, PDOException(code: 42000): SQLSTATE[42000]: Syntax error or access violation: 1071 Specified key was too long; max key length is 767 bytes at C:\\xampp\\htdocs\\lumen_projects\\WealthSmithApi\\vendor\\illuminate\\database\\Connection.php:458)
[stacktrace]
#0 C:\\xampp\\htdocs\\lumen_projects\\WealthSmithApi\\vendor\\illuminate\\database\\Connection.php(624): Illuminate\\Database\\Connection->runQueryCallback('alter table `us...', Array, Object(Closure))
#1 C:\\xampp\\htdocs\\lumen_projects\\WealthSmithApi\\vendor\\illuminate\\database\\Connection.php(459): Illuminate\\Database\\Connection->run('alter table `us...', Array, Object(Closure))
#2 C:\\xampp\\htdocs\\lumen_projects\\WealthSmithApi\\vendor\\illuminate\\database\\Schema\\Blueprint.php(97): Illuminate\\Database\\Connection->statement('alter table `us...')
#3 C:\\xampp\\htdocs\\lumen_projects\\WealthSmithApi\\vendor\\illuminate\\database\\Schema\\Builder.php(278): Illuminate\\Database\\Schema\\Blueprint->build(Object(Illuminate\\Database\\MySqlConnection), Object(Illuminate\\Database\\Schema\\Grammars\\MySqlGrammar))
#4 C:\\xampp\\htdocs\\lumen_projects\\WealthSmithApi\\vendor\\illuminate\\database\\Schema\\Builder.php(167): Illuminate\\Database\\Schema\\Builder->build(Object(Illuminate\\Database\\Schema\\Blueprint))
#5 C:\\xampp\\htdocs\\lumen_projects\\WealthSmithApi\\vendor\\illuminate\\support\\Facades\\Facade.php(237): Illuminate\\Database\\Schema\\Builder->create('users', Object(Closure))
#6 C:\\xampp\\htdocs\\lumen_projects\\WealthSmithApi\\database\\migrations\\2019_06_28_171406_create_users_table.php(35): Illuminate\\Support\\Facades\\Facade::__callStatic('create', Array)
#7 C:\\xampp\\htdocs\\lumen_projects\\WealthSmithApi\\vendor\\illuminate\\database\\Migrations\\Migrator.php(385): CreateUsersTable->up()
#8 C:\\xampp\\htdocs\\lumen_projects\\WealthSmithApi\\vendor\\illuminate\\database\\Migrations\\Migrator.php(394): Illuminate\\Database\\Migrations\\Migrator->Illuminate\\Database\\Migrations\\{closure}()
#9 C:\\xampp\\htdocs\\lumen_projects\\WealthSmithApi\\vendor\\illuminate\\database\\Migrations\\Migrator.php(197): Illuminate\\Database\\Migrations\\Migrator->runMigration(Object(CreateUsersTable), 'up')
#10 C:\\xampp\\htdocs\\lumen_projects\\WealthSmithApi\\vendor\\illuminate\\database\\Migrations\\Migrator.php(164): Illuminate\\Database\\Migrations\\Migrator->runUp('C:\\\\xampp\\\\htdocs...', 1, false)
#11 C:\\xampp\\htdocs\\lumen_projects\\WealthSmithApi\\vendor\\illuminate\\database\\Migrations\\Migrator.php(111): Illuminate\\Database\\Migrations\\Migrator->runPending(Array, Array)
#12 C:\\xampp\\htdocs\\lumen_projects\\WealthSmithApi\\vendor\\illuminate\\database\\Console\\Migrations\\MigrateCommand.php(71): Illuminate\\Database\\Migrations\\Migrator->run(Array, Array)
#13 [internal function]: Illuminate\\Database\\Console\\Migrations\\MigrateCommand->handle()
#14 C:\\xampp\\htdocs\\lumen_projects\\WealthSmithApi\\vendor\\illuminate\\container\\BoundMethod.php(32): call_user_func_array(Array, Array)
#15 C:\\xampp\\htdocs\\lumen_projects\\WealthSmithApi\\vendor\\illuminate\\container\\BoundMethod.php(90): Illuminate\\Container\\BoundMethod::Illuminate\\Container\\{closure}()
#16 C:\\xampp\\htdocs\\lumen_projects\\WealthSmithApi\\vendor\\illuminate\\container\\BoundMethod.php(34): Illuminate\\Container\\BoundMethod::callBoundMethod(Object(Laravel\\Lumen\\Application), Array, Object(Closure))
#17 C:\\xampp\\htdocs\\lumen_projects\\WealthSmithApi\\vendor\\illuminate\\container\\Container.php(576): Illuminate\\Container\\BoundMethod::call(Object(Laravel\\Lumen\\Application), Array, Array, NULL)
#18 C:\\xampp\\htdocs\\lumen_projects\\WealthSmithApi\\vendor\\illuminate\\console\\Command.php(183): Illuminate\\Container\\Container->call(Array)
#19 C:\\xampp\\htdocs\\lumen_projects\\WealthSmithApi\\vendor\\symfony\\console\\Command\\Command.php(255): Illuminate\\Console\\Command->execute(Object(Symfony\\Component\\Console\\Input\\ArgvInput), Object(Illuminate\\Console\\OutputStyle))
#20 C:\\xampp\\htdocs\\lumen_projects\\WealthSmithApi\\vendor\\illuminate\\console\\Command.php(170): Symfony\\Component\\Console\\Command\\Command->run(Object(Symfony\\Component\\Console\\Input\\ArgvInput), Object(Illuminate\\Console\\OutputStyle))
#21 C:\\xampp\\htdocs\\lumen_projects\\WealthSmithApi\\vendor\\symfony\\console\\Application.php(921): Illuminate\\Console\\Command->run(Object(Symfony\\Component\\Console\\Input\\ArgvInput), Object(Symfony\\Component\\Console\\Output\\ConsoleOutput))
#22 C:\\xampp\\htdocs\\lumen_projects\\WealthSmithApi\\vendor\\symfony\\console\\Application.php(273): Symfony\\Component\\Console\\Application->doRunCommand(Object(Illuminate\\Database\\Console\\Migrations\\MigrateCommand), Object(Symfony\\Component\\Console\\Input\\ArgvInput), Object(Symfony\\Component\\Console\\Output\\ConsoleOutput))
#23 C:\\xampp\\htdocs\\lumen_projects\\WealthSmithApi\\vendor\\symfony\\console\\Application.php(149): Symfony\\Component\\Console\\Application->doRun(Object(Symfony\\Component\\Console\\Input\\ArgvInput), Object(Symfony\\Component\\Console\\Output\\ConsoleOutput))
#24 C:\\xampp\\htdocs\\lumen_projects\\WealthSmithApi\\vendor\\illuminate\\console\\Application.php(90): Symfony\\Component\\Console\\Application->run(Object(Symfony\\Component\\Console\\Input\\ArgvInput), Object(Symfony\\Component\\Console\\Output\\ConsoleOutput))
#25 C:\\xampp\\htdocs\\lumen_projects\\WealthSmithApi\\vendor\\laravel\\lumen-framework\\src\\Console\\Kernel.php(115): Illuminate\\Console\\Application->run(Object(Symfony\\Component\\Console\\Input\\ArgvInput), Object(Symfony\\Component\\Console\\Output\\ConsoleOutput))
#26 C:\\xampp\\htdocs\\lumen_projects\\WealthSmithApi\\artisan(35): Laravel\\Lumen\\Console\\Kernel->handle(Object(Symfony\\Component\\Console\\Input\\ArgvInput), Object(Symfony\\Component\\Console\\Output\\ConsoleOutput))
#27 {main}
"} 
[2019-07-03 09:14:45] local.ERROR: PDOException: SQLSTATE[42000]: Syntax error or access violation: 1075 Incorrect table definition; there can be only one auto column and it must be defined as a key in C:\xampp\htdocs\lumen_projects\WealthSmithApi\vendor\illuminate\database\Connection.php:458
Stack trace:
#0 C:\xampp\htdocs\lumen_projects\WealthSmithApi\vendor\illuminate\database\Connection.php(458): PDOStatement->execute()
#1 C:\xampp\htdocs\lumen_projects\WealthSmithApi\vendor\illuminate\database\Connection.php(657): Illuminate\Database\Connection->Illuminate\Database\{closure}('create table `w...', Array)
#2 C:\xampp\htdocs\lumen_projects\WealthSmithApi\vendor\illuminate\database\Connection.php(624): Illuminate\Database\Connection->runQueryCallback('create table `w...', Array, Object(Closure))
#3 C:\xampp\htdocs\lumen_projects\WealthSmithApi\vendor\illuminate\database\Connection.php(459): Illuminate\Database\Connection->run('create table `w...', Array, Object(Closure))
#4 C:\xampp\htdocs\lumen_projects\WealthSmithApi\vendor\illuminate\database\Schema\Blueprint.php(97): Illuminate\Database\Connection->statement('create table `w...')
#5 C:\xampp\htdocs\lumen_projects\WealthSmithApi\vendor\illuminate\database\Schema\Builder.php(278): Illuminate\Database\Schema\Blueprint->build(Object(Illuminate\Database\MySqlConnection), Object(Illuminate\Database\Schema\Grammars\MySqlGrammar))
#6 C:\xampp\htdocs\lumen_projects\WealthSmithApi\vendor\illuminate\database\Schema\Builder.php(167): Illuminate\Database\Schema\Builder->build(Object(Illuminate\Database\Schema\Blueprint))
#7 C:\xampp\htdocs\lumen_projects\WealthSmithApi\vendor\illuminate\support\Facades\Facade.php(237): Illuminate\Database\Schema\Builder->create('wallets', Object(Closure))
#8 C:\xampp\htdocs\lumen_projects\WealthSmithApi\database\migrations\2019_06_28_175916_create_wallets_table.php(24): Illuminate\Support\Facades\Facade::__callStatic('create', Array)
#9 C:\xampp\htdocs\lumen_projects\WealthSmithApi\vendor\illuminate\database\Migrations\Migrator.php(385): CreateWalletsTable->up()
#10 C:\xampp\htdocs\lumen_projects\WealthSmithApi\vendor\illuminate\database\Migrations\Migrator.php(394): Illuminate\Database\Migrations\Migrator->Illuminate\Database\Migrations\{closure}()
#11 C:\xampp\htdocs\lumen_projects\WealthSmithApi\vendor\illuminate\database\Migrations\Migrator.php(197): Illuminate\Database\Migrations\Migrator->runMigration(Object(CreateWalletsTable), 'up')
#12 C:\xampp\htdocs\lumen_projects\WealthSmithApi\vendor\illuminate\database\Migrations\Migrator.php(164): Illuminate\Database\Migrations\Migrator->runUp('C:\\xampp\\htdocs...', 1, false)
#13 C:\xampp\htdocs\lumen_projects\WealthSmithApi\vendor\illuminate\database\Migrations\Migrator.php(111): Illuminate\Database\Migrations\Migrator->runPending(Array, Array)
#14 C:\xampp\htdocs\lumen_projects\WealthSmithApi\vendor\illuminate\database\Console\Migrations\MigrateCommand.php(71): Illuminate\Database\Migrations\Migrator->run(Array, Array)
#15 [internal function]: Illuminate\Database\Console\Migrations\MigrateCommand->handle()
#16 C:\xampp\htdocs\lumen_projects\WealthSmithApi\vendor\illuminate\container\BoundMethod.php(32): call_user_func_array(Array, Array)
#17 C:\xampp\htdocs\lumen_projects\WealthSmithApi\vendor\illuminate\container\BoundMethod.php(90): Illuminate\Container\BoundMethod::Illuminate\Container\{closure}()
#18 C:\xampp\htdocs\lumen_projects\WealthSmithApi\vendor\illuminate\container\BoundMethod.php(34): Illuminate\Container\BoundMethod::callBoundMethod(Object(Laravel\Lumen\Application), Array, Object(Closure))
#19 C:\xampp\htdocs\lumen_projects\WealthSmithApi\vendor\illuminate\container\Container.php(576): Illuminate\Container\BoundMethod::call(Object(Laravel\Lumen\Application), Array, Array, NULL)
#20 C:\xampp\htdocs\lumen_projects\WealthSmithApi\vendor\illuminate\console\Command.php(183): Illuminate\Container\Container->call(Array)
#21 C:\xampp\htdocs\lumen_projects\WealthSmithApi\vendor\symfony\console\Command\Command.php(255): Illuminate\Console\Command->execute(Object(Symfony\Component\Console\Input\ArgvInput), Object(Illuminate\Console\OutputStyle))
#22 C:\xampp\htdocs\lumen_projects\WealthSmithApi\vendor\illuminate\console\Command.php(170): Symfony\Component\Console\Command\Command->run(Object(Symfony\Component\Console\Input\ArgvInput), Object(Illuminate\Console\OutputStyle))
#23 C:\xampp\htdocs\lumen_projects\WealthSmithApi\vendor\symfony\console\Application.php(921): Illuminate\Console\Command->run(Object(Symfony\Component\Console\Input\ArgvInput), Object(Symfony\Component\Console\Output\ConsoleOutput))
#24 C:\xampp\htdocs\lumen_projects\WealthSmithApi\vendor\symfony\console\Application.php(273): Symfony\Component\Console\Application->doRunCommand(Object(Illuminate\Database\Console\Migrations\MigrateCommand), Object(Symfony\Component\Console\Input\ArgvInput), Object(Symfony\Component\Console\Output\ConsoleOutput))
#25 C:\xampp\htdocs\lumen_projects\WealthSmithApi\vendor\symfony\console\Application.php(149): Symfony\Component\Console\Application->doRun(Object(Symfony\Component\Console\Input\ArgvInput), Object(Symfony\Component\Console\Output\ConsoleOutput))
#26 C:\xampp\htdocs\lumen_projects\WealthSmithApi\vendor\illuminate\console\Application.php(90): Symfony\Component\Console\Application->run(Object(Symfony\Component\Console\Input\ArgvInput), Object(Symfony\Component\Console\Output\ConsoleOutput))
#27 C:\xampp\htdocs\lumen_projects\WealthSmithApi\vendor\laravel\lumen-framework\src\Console\Kernel.php(115): Illuminate\Console\Application->run(Object(Symfony\Component\Console\Input\ArgvInput), Object(Symfony\Component\Console\Output\ConsoleOutput))
#28 C:\xampp\htdocs\lumen_projects\WealthSmithApi\artisan(35): Laravel\Lumen\Console\Kernel->handle(Object(Symfony\Component\Console\Input\ArgvInput), Object(Symfony\Component\Console\Output\ConsoleOutput))
#29 {main}

Next Illuminate\Database\QueryException: SQLSTATE[42000]: Syntax error or access violation: 1075 Incorrect table definition; there can be only one auto column and it must be defined as a key (SQL: create table `wallets` (`id` bigint unsigned not null auto_increment primary key, `risk_level` varchar(255) not null, `start_amount` int not null, `frequency` varchar(255) not null, `timeframe` varchar(255) not null, `user_id` bigint unsigned not null auto_increment primary key, `created_at` timestamp null, `updated_at` timestamp null) default character set utf8mb4 collate 'utf8mb4_unicode_ci') in C:\xampp\htdocs\lumen_projects\WealthSmithApi\vendor\illuminate\database\Connection.php:664
Stack trace:
#0 C:\xampp\htdocs\lumen_projects\WealthSmithApi\vendor\illuminate\database\Connection.php(624): Illuminate\Database\Connection->runQueryCallback('create table `w...', Array, Object(Closure))
#1 C:\xampp\htdocs\lumen_projects\WealthSmithApi\vendor\illuminate\database\Connection.php(459): Illuminate\Database\Connection->run('create table `w...', Array, Object(Closure))
#2 C:\xampp\htdocs\lumen_projects\WealthSmithApi\vendor\illuminate\database\Schema\Blueprint.php(97): Illuminate\Database\Connection->statement('create table `w...')
#3 C:\xampp\htdocs\lumen_projects\WealthSmithApi\vendor\illuminate\database\Schema\Builder.php(278): Illuminate\Database\Schema\Blueprint->build(Object(Illuminate\Database\MySqlConnection), Object(Illuminate\Database\Schema\Grammars\MySqlGrammar))
#4 C:\xampp\htdocs\lumen_projects\WealthSmithApi\vendor\illuminate\database\Schema\Builder.php(167): Illuminate\Database\Schema\Builder->build(Object(Illuminate\Database\Schema\Blueprint))
#5 C:\xampp\htdocs\lumen_projects\WealthSmithApi\vendor\illuminate\support\Facades\Facade.php(237): Illuminate\Database\Schema\Builder->create('wallets', Object(Closure))
#6 C:\xampp\htdocs\lumen_projects\WealthSmithApi\database\migrations\2019_06_28_175916_create_wallets_table.php(24): Illuminate\Support\Facades\Facade::__callStatic('create', Array)
#7 C:\xampp\htdocs\lumen_projects\WealthSmithApi\vendor\illuminate\database\Migrations\Migrator.php(385): CreateWalletsTable->up()
#8 C:\xampp\htdocs\lumen_projects\WealthSmithApi\vendor\illuminate\database\Migrations\Migrator.php(394): Illuminate\Database\Migrations\Migrator->Illuminate\Database\Migrations\{closure}()
#9 C:\xampp\htdocs\lumen_projects\WealthSmithApi\vendor\illuminate\database\Migrations\Migrator.php(197): Illuminate\Database\Migrations\Migrator->runMigration(Object(CreateWalletsTable), 'up')
#10 C:\xampp\htdocs\lumen_projects\WealthSmithApi\vendor\illuminate\database\Migrations\Migrator.php(164): Illuminate\Database\Migrations\Migrator->runUp('C:\\xampp\\htdocs...', 1, false)
#11 C:\xampp\htdocs\lumen_projects\WealthSmithApi\vendor\illuminate\database\Migrations\Migrator.php(111): Illuminate\Database\Migrations\Migrator->runPending(Array, Array)
#12 C:\xampp\htdocs\lumen_projects\WealthSmithApi\vendor\illuminate\database\Console\Migrations\MigrateCommand.php(71): Illuminate\Database\Migrations\Migrator->run(Array, Array)
#13 [internal function]: Illuminate\Database\Console\Migrations\MigrateCommand->handle()
#14 C:\xampp\htdocs\lumen_projects\WealthSmithApi\vendor\illuminate\container\BoundMethod.php(32): call_user_func_array(Array, Array)
#15 C:\xampp\htdocs\lumen_projects\WealthSmithApi\vendor\illuminate\container\BoundMethod.php(90): Illuminate\Container\BoundMethod::Illuminate\Container\{closure}()
#16 C:\xampp\htdocs\lumen_projects\WealthSmithApi\vendor\illuminate\container\BoundMethod.php(34): Illuminate\Container\BoundMethod::callBoundMethod(Object(Laravel\Lumen\Application), Array, Object(Closure))
#17 C:\xampp\htdocs\lumen_projects\WealthSmithApi\vendor\illuminate\container\Container.php(576): Illuminate\Container\BoundMethod::call(Object(Laravel\Lumen\Application), Array, Array, NULL)
#18 C:\xampp\htdocs\lumen_projects\WealthSmithApi\vendor\illuminate\console\Command.php(183): Illuminate\Container\Container->call(Array)
#19 C:\xampp\htdocs\lumen_projects\WealthSmithApi\vendor\symfony\console\Command\Command.php(255): Illuminate\Console\Command->execute(Object(Symfony\Component\Console\Input\ArgvInput), Object(Illuminate\Console\OutputStyle))
#20 C:\xampp\htdocs\lumen_projects\WealthSmithApi\vendor\illuminate\console\Command.php(170): Symfony\Component\Console\Command\Command->run(Object(Symfony\Component\Console\Input\ArgvInput), Object(Illuminate\Console\OutputStyle))
#21 C:\xampp\htdocs\lumen_projects\WealthSmithApi\vendor\symfony\console\Application.php(921): Illuminate\Console\Command->run(Object(Symfony\Component\Console\Input\ArgvInput), Object(Symfony\Component\Console\Output\ConsoleOutput))
#22 C:\xampp\htdocs\lumen_projects\WealthSmithApi\vendor\symfony\console\Application.php(273): Symfony\Component\Console\Application->doRunCommand(Object(Illuminate\Database\Console\Migrations\MigrateCommand), Object(Symfony\Component\Console\Input\ArgvInput), Object(Symfony\Component\Console\Output\ConsoleOutput))
#23 C:\xampp\htdocs\lumen_projects\WealthSmithApi\vendor\symfony\console\Application.php(149): Symfony\Component\Console\Application->doRun(Object(Symfony\Component\Console\Input\ArgvInput), Object(Symfony\Component\Console\Output\ConsoleOutput))
#24 C:\xampp\htdocs\lumen_projects\WealthSmithApi\vendor\illuminate\console\Application.php(90): Symfony\Component\Console\Application->run(Object(Symfony\Component\Console\Input\ArgvInput), Object(Symfony\Component\Console\Output\ConsoleOutput))
#25 C:\xampp\htdocs\lumen_projects\WealthSmithApi\vendor\laravel\lumen-framework\src\Console\Kernel.php(115): Illuminate\Console\Application->run(Object(Symfony\Component\Console\Input\ArgvInput), Object(Symfony\Component\Console\Output\ConsoleOutput))
#26 C:\xampp\htdocs\lumen_projects\WealthSmithApi\artisan(35): Laravel\Lumen\Console\Kernel->handle(Object(Symfony\Component\Console\Input\ArgvInput), Object(Symfony\Component\Console\Output\ConsoleOutput))
#27 {main} {"exception":"[object] (Illuminate\\Database\\QueryException(code: 42000): SQLSTATE[42000]: Syntax error or access violation: 1075 Incorrect table definition; there can be only one auto column and it must be defined as a key (SQL: create table `wallets` (`id` bigint unsigned not null auto_increment primary key, `risk_level` varchar(255) not null, `start_amount` int not null, `frequency` varchar(255) not null, `timeframe` varchar(255) not null, `user_id` bigint unsigned not null auto_increment primary key, `created_at` timestamp null, `updated_at` timestamp null) default character set utf8mb4 collate 'utf8mb4_unicode_ci') at C:\\xampp\\htdocs\\lumen_projects\\WealthSmithApi\\vendor\\illuminate\\database\\Connection.php:664, PDOException(code: 42000): SQLSTATE[42000]: Syntax error or access violation: 1075 Incorrect table definition; there can be only one auto column and it must be defined as a key at C:\\xampp\\htdocs\\lumen_projects\\WealthSmithApi\\vendor\\illuminate\\database\\Connection.php:458)
[stacktrace]
#0 C:\\xampp\\htdocs\\lumen_projects\\WealthSmithApi\\vendor\\illuminate\\database\\Connection.php(624): Illuminate\\Database\\Connection->runQueryCallback('create table `w...', Array, Object(Closure))
#1 C:\\xampp\\htdocs\\lumen_projects\\WealthSmithApi\\vendor\\illuminate\\database\\Connection.php(459): Illuminate\\Database\\Connection->run('create table `w...', Array, Object(Closure))
#2 C:\\xampp\\htdocs\\lumen_projects\\WealthSmithApi\\vendor\\illuminate\\database\\Schema\\Blueprint.php(97): Illuminate\\Database\\Connection->statement('create table `w...')
#3 C:\\xampp\\htdocs\\lumen_projects\\WealthSmithApi\\vendor\\illuminate\\database\\Schema\\Builder.php(278): Illuminate\\Database\\Schema\\Blueprint->build(Object(Illuminate\\Database\\MySqlConnection), Object(Illuminate\\Database\\Schema\\Grammars\\MySqlGrammar))
#4 C:\\xampp\\htdocs\\lumen_projects\\WealthSmithApi\\vendor\\illuminate\\database\\Schema\\Builder.php(167): Illuminate\\Database\\Schema\\Builder->build(Object(Illuminate\\Database\\Schema\\Blueprint))
#5 C:\\xampp\\htdocs\\lumen_projects\\WealthSmithApi\\vendor\\illuminate\\support\\Facades\\Facade.php(237): Illuminate\\Database\\Schema\\Builder->create('wallets', Object(Closure))
#6 C:\\xampp\\htdocs\\lumen_projects\\WealthSmithApi\\database\\migrations\\2019_06_28_175916_create_wallets_table.php(24): Illuminate\\Support\\Facades\\Facade::__callStatic('create', Array)
#7 C:\\xampp\\htdocs\\lumen_projects\\WealthSmithApi\\vendor\\illuminate\\database\\Migrations\\Migrator.php(385): CreateWalletsTable->up()
#8 C:\\xampp\\htdocs\\lumen_projects\\WealthSmithApi\\vendor\\illuminate\\database\\Migrations\\Migrator.php(394): Illuminate\\Database\\Migrations\\Migrator->Illuminate\\Database\\Migrations\\{closure}()
#9 C:\\xampp\\htdocs\\lumen_projects\\WealthSmithApi\\vendor\\illuminate\\database\\Migrations\\Migrator.php(197): Illuminate\\Database\\Migrations\\Migrator->runMigration(Object(CreateWalletsTable), 'up')
#10 C:\\xampp\\htdocs\\lumen_projects\\WealthSmithApi\\vendor\\illuminate\\database\\Migrations\\Migrator.php(164): Illuminate\\Database\\Migrations\\Migrator->runUp('C:\\\\xampp\\\\htdocs...', 1, false)
#11 C:\\xampp\\htdocs\\lumen_projects\\WealthSmithApi\\vendor\\illuminate\\database\\Migrations\\Migrator.php(111): Illuminate\\Database\\Migrations\\Migrator->runPending(Array, Array)
#12 C:\\xampp\\htdocs\\lumen_projects\\WealthSmithApi\\vendor\\illuminate\\database\\Console\\Migrations\\MigrateCommand.php(71): Illuminate\\Database\\Migrations\\Migrator->run(Array, Array)
#13 [internal function]: Illuminate\\Database\\Console\\Migrations\\MigrateCommand->handle()
#14 C:\\xampp\\htdocs\\lumen_projects\\WealthSmithApi\\vendor\\illuminate\\container\\BoundMethod.php(32): call_user_func_array(Array, Array)
#15 C:\\xampp\\htdocs\\lumen_projects\\WealthSmithApi\\vendor\\illuminate\\container\\BoundMethod.php(90): Illuminate\\Container\\BoundMethod::Illuminate\\Container\\{closure}()
#16 C:\\xampp\\htdocs\\lumen_projects\\WealthSmithApi\\vendor\\illuminate\\container\\BoundMethod.php(34): Illuminate\\Container\\BoundMethod::callBoundMethod(Object(Laravel\\Lumen\\Application), Array, Object(Closure))
#17 C:\\xampp\\htdocs\\lumen_projects\\WealthSmithApi\\vendor\\illuminate\\container\\Container.php(576): Illuminate\\Container\\BoundMethod::call(Object(Laravel\\Lumen\\Application), Array, Array, NULL)
#18 C:\\xampp\\htdocs\\lumen_projects\\WealthSmithApi\\vendor\\illuminate\\console\\Command.php(183): Illuminate\\Container\\Container->call(Array)
#19 C:\\xampp\\htdocs\\lumen_projects\\WealthSmithApi\\vendor\\symfony\\console\\Command\\Command.php(255): Illuminate\\Console\\Command->execute(Object(Symfony\\Component\\Console\\Input\\ArgvInput), Object(Illuminate\\Console\\OutputStyle))
#20 C:\\xampp\\htdocs\\lumen_projects\\WealthSmithApi\\vendor\\illuminate\\console\\Command.php(170): Symfony\\Component\\Console\\Command\\Command->run(Object(Symfony\\Component\\Console\\Input\\ArgvInput), Object(Illuminate\\Console\\OutputStyle))
#21 C:\\xampp\\htdocs\\lumen_projects\\WealthSmithApi\\vendor\\symfony\\console\\Application.php(921): Illuminate\\Console\\Command->run(Object(Symfony\\Component\\Console\\Input\\ArgvInput), Object(Symfony\\Component\\Console\\Output\\ConsoleOutput))
#22 C:\\xampp\\htdocs\\lumen_projects\\WealthSmithApi\\vendor\\symfony\\console\\Application.php(273): Symfony\\Component\\Console\\Application->doRunCommand(Object(Illuminate\\Database\\Console\\Migrations\\MigrateCommand), Object(Symfony\\Component\\Console\\Input\\ArgvInput), Object(Symfony\\Component\\Console\\Output\\ConsoleOutput))
#23 C:\\xampp\\htdocs\\lumen_projects\\WealthSmithApi\\vendor\\symfony\\console\\Application.php(149): Symfony\\Component\\Console\\Application->doRun(Object(Symfony\\Component\\Console\\Input\\ArgvInput), Object(Symfony\\Component\\Console\\Output\\ConsoleOutput))
#24 C:\\xampp\\htdocs\\lumen_projects\\WealthSmithApi\\vendor\\illuminate\\console\\Application.php(90): Symfony\\Component\\Console\\Application->run(Object(Symfony\\Component\\Console\\Input\\ArgvInput), Object(Symfony\\Component\\Console\\Output\\ConsoleOutput))
#25 C:\\xampp\\htdocs\\lumen_projects\\WealthSmithApi\\vendor\\laravel\\lumen-framework\\src\\Console\\Kernel.php(115): Illuminate\\Console\\Application->run(Object(Symfony\\Component\\Console\\Input\\ArgvInput), Object(Symfony\\Component\\Console\\Output\\ConsoleOutput))
#26 C:\\xampp\\htdocs\\lumen_projects\\WealthSmithApi\\artisan(35): Laravel\\Lumen\\Console\\Kernel->handle(Object(Symfony\\Component\\Console\\Input\\ArgvInput), Object(Symfony\\Component\\Console\\Output\\ConsoleOutput))
#27 {main}
"} 
[2019-07-03 11:55:45] local.ERROR: Symfony\Component\Debug\Exception\FatalErrorException: Maximum execution time of 30 seconds exceeded in C:\xampp\htdocs\lumen_projects\WealthSmithApi\vendor\illuminate\database\DatabaseManager.php:15
Stack trace:
#0 C:\xampp\htdocs\lumen_projects\WealthSmithApi\vendor\laravel\lumen-framework\src\Concerns\RegistersExceptionHandlers.php(54): Laravel\Lumen\Application->handleShutdown()
#1 [internal function]: Laravel\Lumen\Application->Laravel\Lumen\Concerns\{closure}()
#2 {main} {"exception":"[object] (Symfony\\Component\\Debug\\Exception\\FatalErrorException(code: 1): Maximum execution time of 30 seconds exceeded at C:\\xampp\\htdocs\\lumen_projects\\WealthSmithApi\\vendor\\illuminate\\database\\DatabaseManager.php:15)
[stacktrace]
#0 C:\\xampp\\htdocs\\lumen_projects\\WealthSmithApi\\vendor\\laravel\\lumen-framework\\src\\Concerns\\RegistersExceptionHandlers.php(54): Laravel\\Lumen\\Application->handleShutdown()
#1 [internal function]: Laravel\\Lumen\\Application->Laravel\\Lumen\\Concerns\\{closure}()
#2 {main}
"} 
[2019-07-03 11:56:34] local.ERROR: Symfony\Component\Debug\Exception\FatalErrorException: Trait 'Illuminate\Notifications\Notifiable' not found in C:\xampp\htdocs\lumen_projects\WealthSmithApi\app\Models\User.php:17
Stack trace:
#0 C:\xampp\htdocs\lumen_projects\WealthSmithApi\vendor\laravel\lumen-framework\src\Concerns\RegistersExceptionHandlers.php(54): Laravel\Lumen\Application->handleShutdown()
#1 [internal function]: Laravel\Lumen\Application->Laravel\Lumen\Concerns\{closure}()
#2 {main} {"exception":"[object] (Symfony\\Component\\Debug\\Exception\\FatalErrorException(code: 1): Trait 'Illuminate\\Notifications\\Notifiable' not found at C:\\xampp\\htdocs\\lumen_projects\\WealthSmithApi\\app\\Models\\User.php:17)
[stacktrace]
#0 C:\\xampp\\htdocs\\lumen_projects\\WealthSmithApi\\vendor\\laravel\\lumen-framework\\src\\Concerns\\RegistersExceptionHandlers.php(54): Laravel\\Lumen\\Application->handleShutdown()
#1 [internal function]: Laravel\\Lumen\\Application->Laravel\\Lumen\\Concerns\\{closure}()
#2 {main}
"} 
[2019-07-03 11:59:23] local.ERROR: Symfony\Component\Debug\Exception\FatalThrowableError: Class 'Illuminate\Notifications\NotificationServiceProvider' not found in C:\xampp\htdocs\lumen_projects\WealthSmithApi\vendor\laravel\lumen-framework\src\Application.php:190
Stack trace:
#0 C:\xampp\htdocs\lumen_projects\WealthSmithApi\bootstrap\app.php(33): Laravel\Lumen\Application->register('Illuminate\\Noti...')
#1 C:\xampp\htdocs\lumen_projects\WealthSmithApi\public\index.php(14): require('C:\\xampp\\htdocs...')
#2 {main} {"exception":"[object] (Symfony\\Component\\Debug\\Exception\\FatalThrowableError(code: 0): Class 'Illuminate\\Notifications\\NotificationServiceProvider' not found at C:\\xampp\\htdocs\\lumen_projects\\WealthSmithApi\\vendor\\laravel\\lumen-framework\\src\\Application.php:190)
[stacktrace]
#0 C:\\xampp\\htdocs\\lumen_projects\\WealthSmithApi\\bootstrap\\app.php(33): Laravel\\Lumen\\Application->register('Illuminate\\\\Noti...')
#1 C:\\xampp\\htdocs\\lumen_projects\\WealthSmithApi\\public\\index.php(14): require('C:\\\\xampp\\\\htdocs...')
#2 {main}
"} 
[2019-07-03 12:06:38] local.ERROR: Symfony\Component\Debug\Exception\FatalThrowableError: Class 'Illuminate\Notifications\NotificationServiceProvider' not found in C:\xampp\htdocs\lumen_projects\WealthSmithApi\vendor\laravel\lumen-framework\src\Application.php:190
Stack trace:
#0 C:\xampp\htdocs\lumen_projects\WealthSmithApi\bootstrap\app.php(33): Laravel\Lumen\Application->register('Illuminate\\Noti...')
#1 C:\xampp\htdocs\lumen_projects\WealthSmithApi\public\index.php(14): require('C:\\xampp\\htdocs...')
#2 {main} {"exception":"[object] (Symfony\\Component\\Debug\\Exception\\FatalThrowableError(code: 0): Class 'Illuminate\\Notifications\\NotificationServiceProvider' not found at C:\\xampp\\htdocs\\lumen_projects\\WealthSmithApi\\vendor\\laravel\\lumen-framework\\src\\Application.php:190)
[stacktrace]
#0 C:\\xampp\\htdocs\\lumen_projects\\WealthSmithApi\\bootstrap\\app.php(33): Laravel\\Lumen\\Application->register('Illuminate\\\\Noti...')
#1 C:\\xampp\\htdocs\\lumen_projects\\WealthSmithApi\\public\\index.php(14): require('C:\\\\xampp\\\\htdocs...')
#2 {main}
"} 
[2019-07-03 14:00:33] local.ERROR: Symfony\Component\Debug\Exception\FatalErrorException: Maximum execution time of 30 seconds exceeded in C:\xampp\htdocs\lumen_projects\WealthSmithApi\vendor\nesbot\carbon\src\Carbon\Traits\Comparison.php:30
Stack trace:
#0 C:\xampp\htdocs\lumen_projects\WealthSmithApi\vendor\laravel\lumen-framework\src\Concerns\RegistersExceptionHandlers.php(54): Laravel\Lumen\Application->handleShutdown()
#1 [internal function]: Laravel\Lumen\Application->Laravel\Lumen\Concerns\{closure}()
#2 {main} {"exception":"[object] (Symfony\\Component\\Debug\\Exception\\FatalErrorException(code: 1): Maximum execution time of 30 seconds exceeded at C:\\xampp\\htdocs\\lumen_projects\\WealthSmithApi\\vendor\
esbot\\carbon\\src\\Carbon\\Traits\\Comparison.php:30)
[stacktrace]
#0 C:\\xampp\\htdocs\\lumen_projects\\WealthSmithApi\\vendor\\laravel\\lumen-framework\\src\\Concerns\\RegistersExceptionHandlers.php(54): Laravel\\Lumen\\Application->handleShutdown()
#1 [internal function]: Laravel\\Lumen\\Application->Laravel\\Lumen\\Concerns\\{closure}()
#2 {main}
"} 
[2019-07-03 14:08:03] local.ERROR: Symfony\Component\Debug\Exception\FatalErrorException: Maximum execution time of 30 seconds exceeded in C:\xampp\htdocs\lumen_projects\WealthSmithApi\vendor\illuminate\database\Eloquent\Concerns\HasTimestamps.php:7
Stack trace:
#0 C:\xampp\htdocs\lumen_projects\WealthSmithApi\vendor\laravel\lumen-framework\src\Concerns\RegistersExceptionHandlers.php(54): Laravel\Lumen\Application->handleShutdown()
#1 [internal function]: Laravel\Lumen\Application->Laravel\Lumen\Concerns\{closure}()
#2 {main} {"exception":"[object] (Symfony\\Component\\Debug\\Exception\\FatalErrorException(code: 1): Maximum execution time of 30 seconds exceeded at C:\\xampp\\htdocs\\lumen_projects\\WealthSmithApi\\vendor\\illuminate\\database\\Eloquent\\Concerns\\HasTimestamps.php:7)
[stacktrace]
#0 C:\\xampp\\htdocs\\lumen_projects\\WealthSmithApi\\vendor\\laravel\\lumen-framework\\src\\Concerns\\RegistersExceptionHandlers.php(54): Laravel\\Lumen\\Application->handleShutdown()
#1 [internal function]: Laravel\\Lumen\\Application->Laravel\\Lumen\\Concerns\\{closure}()
#2 {main}
"} 
[2019-07-03 14:58:58] local.ERROR: Symfony\Component\Debug\Exception\FatalErrorException: Maximum execution time of 30 seconds exceeded in C:\xampp\htdocs\lumen_projects\WealthSmithApi\vendor\illuminate\validation\Validator.php:18
Stack trace:
#0 C:\xampp\htdocs\lumen_projects\WealthSmithApi\vendor\laravel\lumen-framework\src\Concerns\RegistersExceptionHandlers.php(54): Laravel\Lumen\Application->handleShutdown()
#1 [internal function]: Laravel\Lumen\Application->Laravel\Lumen\Concerns\{closure}()
#2 {main} {"exception":"[object] (Symfony\\Component\\Debug\\Exception\\FatalErrorException(code: 1): Maximum execution time of 30 seconds exceeded at C:\\xampp\\htdocs\\lumen_projects\\WealthSmithApi\\vendor\\illuminate\\validation\\Validator.php:18)
[stacktrace]
#0 C:\\xampp\\htdocs\\lumen_projects\\WealthSmithApi\\vendor\\laravel\\lumen-framework\\src\\Concerns\\RegistersExceptionHandlers.php(54): Laravel\\Lumen\\Application->handleShutdown()
#1 [internal function]: Laravel\\Lumen\\Application->Laravel\\Lumen\\Concerns\\{closure}()
#2 {main}
"} 
[2019-07-03 15:05:29] local.ERROR: BadMethodCallException: Method Illuminate\Validation\Validator::validateAccountNo does not exist. in C:\xampp\htdocs\lumen_projects\WealthSmithApi\vendor\illuminate\validation\Validator.php:1187
Stack trace:
#0 C:\xampp\htdocs\lumen_projects\WealthSmithApi\vendor\illuminate\validation\Validator.php(398): Illuminate\Validation\Validator->__call('validateAccount...', Array)
#1 C:\xampp\htdocs\lumen_projects\WealthSmithApi\vendor\illuminate\validation\Validator.php(277): Illuminate\Validation\Validator->validateAttribute('account_no', 'AccountNo')
#2 C:\xampp\htdocs\lumen_projects\WealthSmithApi\vendor\illuminate\validation\Validator.php(302): Illuminate\Validation\Validator->passes()
#3 C:\xampp\htdocs\lumen_projects\WealthSmithApi\app\Http\Controllers\UserController.php(154): Illuminate\Validation\Validator->fails()
#4 [internal function]: App\Http\Controllers\UserController->authenticate(Object(App\Models\User))
#5 C:\xampp\htdocs\lumen_projects\WealthSmithApi\vendor\illuminate\container\BoundMethod.php(32): call_user_func_array(Array, Array)
#6 C:\xampp\htdocs\lumen_projects\WealthSmithApi\vendor\illuminate\container\BoundMethod.php(90): Illuminate\Container\BoundMethod::Illuminate\Container\{closure}()
#7 C:\xampp\htdocs\lumen_projects\WealthSmithApi\vendor\illuminate\container\BoundMethod.php(34): Illuminate\Container\BoundMethod::callBoundMethod(Object(Laravel\Lumen\Application), Array, Object(Closure))
#8 C:\xampp\htdocs\lumen_projects\WealthSmithApi\vendor\illuminate\container\Container.php(576): Illuminate\Container\BoundMethod::call(Object(Laravel\Lumen\Application), Array, Array, NULL)
#9 C:\xampp\htdocs\lumen_projects\WealthSmithApi\vendor\laravel\lumen-framework\src\Concerns\RoutesRequests.php(376): Illuminate\Container\Container->call(Array, Array)
#10 C:\xampp\htdocs\lumen_projects\WealthSmithApi\vendor\laravel\lumen-framework\src\Concerns\RoutesRequests.php(342): Laravel\Lumen\Application->callControllerCallable(Array, Array)
#11 C:\xampp\htdocs\lumen_projects\WealthSmithApi\vendor\laravel\lumen-framework\src\Concerns\RoutesRequests.php(316): Laravel\Lumen\Application->callLumenController(Object(App\Http\Controllers\UserController), 'authenticate', Array)
#12 C:\xampp\htdocs\lumen_projects\WealthSmithApi\vendor\laravel\lumen-framework\src\Concerns\RoutesRequests.php(278): Laravel\Lumen\Application->callControllerAction(Array)
#13 C:\xampp\htdocs\lumen_projects\WealthSmithApi\vendor\laravel\lumen-framework\src\Concerns\RoutesRequests.php(263): Laravel\Lumen\Application->callActionOnArrayBasedRoute(Array)
#14 C:\xampp\htdocs\lumen_projects\WealthSmithApi\vendor\laravel\lumen-framework\src\Concerns\RoutesRequests.php(165): Laravel\Lumen\Application->handleFoundRoute(Array)
#15 C:\xampp\htdocs\lumen_projects\WealthSmithApi\vendor\laravel\lumen-framework\src\Concerns\RoutesRequests.php(416): Laravel\Lumen\Application->Laravel\Lumen\Concerns\{closure}(Object(Laravel\Lumen\Http\Request))
#16 C:\xampp\htdocs\lumen_projects\WealthSmithApi\vendor\laravel\lumen-framework\src\Concerns\RoutesRequests.php(171): Laravel\Lumen\Application->sendThroughPipeline(Array, Object(Closure))
#17 C:\xampp\htdocs\lumen_projects\WealthSmithApi\vendor\laravel\lumen-framework\src\Concerns\RoutesRequests.php(108): Laravel\Lumen\Application->dispatch(NULL)
#18 C:\xampp\htdocs\lumen_projects\WealthSmithApi\public\index.php(28): Laravel\Lumen\Application->run()
#19 {main} {"exception":"[object] (BadMethodCallException(code: 0): Method Illuminate\\Validation\\Validator::validateAccountNo does not exist. at C:\\xampp\\htdocs\\lumen_projects\\WealthSmithApi\\vendor\\illuminate\\validation\\Validator.php:1187)
[stacktrace]
#0 C:\\xampp\\htdocs\\lumen_projects\\WealthSmithApi\\vendor\\illuminate\\validation\\Validator.php(398): Illuminate\\Validation\\Validator->__call('validateAccount...', Array)
#1 C:\\xampp\\htdocs\\lumen_projects\\WealthSmithApi\\vendor\\illuminate\\validation\\Validator.php(277): Illuminate\\Validation\\Validator->validateAttribute('account_no', 'AccountNo')
#2 C:\\xampp\\htdocs\\lumen_projects\\WealthSmithApi\\vendor\\illuminate\\validation\\Validator.php(302): Illuminate\\Validation\\Validator->passes()
#3 C:\\xampp\\htdocs\\lumen_projects\\WealthSmithApi\\app\\Http\\Controllers\\UserController.php(154): Illuminate\\Validation\\Validator->fails()
#4 [internal function]: App\\Http\\Controllers\\UserController->authenticate(Object(App\\Models\\User))
#5 C:\\xampp\\htdocs\\lumen_projects\\WealthSmithApi\\vendor\\illuminate\\container\\BoundMethod.php(32): call_user_func_array(Array, Array)
#6 C:\\xampp\\htdocs\\lumen_projects\\WealthSmithApi\\vendor\\illuminate\\container\\BoundMethod.php(90): Illuminate\\Container\\BoundMethod::Illuminate\\Container\\{closure}()
#7 C:\\xampp\\htdocs\\lumen_projects\\WealthSmithApi\\vendor\\illuminate\\container\\BoundMethod.php(34): Illuminate\\Container\\BoundMethod::callBoundMethod(Object(Laravel\\Lumen\\Application), Array, Object(Closure))
#8 C:\\xampp\\htdocs\\lumen_projects\\WealthSmithApi\\vendor\\illuminate\\container\\Container.php(576): Illuminate\\Container\\BoundMethod::call(Object(Laravel\\Lumen\\Application), Array, Array, NULL)
#9 C:\\xampp\\htdocs\\lumen_projects\\WealthSmithApi\\vendor\\laravel\\lumen-framework\\src\\Concerns\\RoutesRequests.php(376): Illuminate\\Container\\Container->call(Array, Array)
#10 C:\\xampp\\htdocs\\lumen_projects\\WealthSmithApi\\vendor\\laravel\\lumen-framework\\src\\Concerns\\RoutesRequests.php(342): Laravel\\Lumen\\Application->callControllerCallable(Array, Array)
#11 C:\\xampp\\htdocs\\lumen_projects\\WealthSmithApi\\vendor\\laravel\\lumen-framework\\src\\Concerns\\RoutesRequests.php(316): Laravel\\Lumen\\Application->callLumenController(Object(App\\Http\\Controllers\\UserController), 'authenticate', Array)
#12 C:\\xampp\\htdocs\\lumen_projects\\WealthSmithApi\\vendor\\laravel\\lumen-framework\\src\\Concerns\\RoutesRequests.php(278): Laravel\\Lumen\\Application->callControllerAction(Array)
#13 C:\\xampp\\htdocs\\lumen_projects\\WealthSmithApi\\vendor\\laravel\\lumen-framework\\src\\Concerns\\RoutesRequests.php(263): Laravel\\Lumen\\Application->callActionOnArrayBasedRoute(Array)
#14 C:\\xampp\\htdocs\\lumen_projects\\WealthSmithApi\\vendor\\laravel\\lumen-framework\\src\\Concerns\\RoutesRequests.php(165): Laravel\\Lumen\\Application->handleFoundRoute(Array)
#15 C:\\xampp\\htdocs\\lumen_projects\\WealthSmithApi\\vendor\\laravel\\lumen-framework\\src\\Concerns\\RoutesRequests.php(416): Laravel\\Lumen\\Application->Laravel\\Lumen\\Concerns\\{closure}(Object(Laravel\\Lumen\\Http\\Request))
#16 C:\\xampp\\htdocs\\lumen_projects\\WealthSmithApi\\vendor\\laravel\\lumen-framework\\src\\Concerns\\RoutesRequests.php(171): Laravel\\Lumen\\Application->sendThroughPipeline(Array, Object(Closure))
#17 C:\\xampp\\htdocs\\lumen_projects\\WealthSmithApi\\vendor\\laravel\\lumen-framework\\src\\Concerns\\RoutesRequests.php(108): Laravel\\Lumen\\Application->dispatch(NULL)
#18 C:\\xampp\\htdocs\\lumen_projects\\WealthSmithApi\\public\\index.php(28): Laravel\\Lumen\\Application->run()
#19 {main}
"} 
[2019-07-03 15:49:16] local.ERROR: Symfony\Component\Debug\Exception\FatalErrorException: Maximum execution time of 30 seconds exceeded in C:\xampp\htdocs\lumen_projects\WealthSmithApi\vendor\illuminate\notifications\NotificationServiceProvider.php:9
Stack trace:
#0 C:\xampp\htdocs\lumen_projects\WealthSmithApi\vendor\laravel\lumen-framework\src\Concerns\RegistersExceptionHandlers.php(54): Laravel\Lumen\Application->handleShutdown()
#1 [internal function]: Laravel\Lumen\Application->Laravel\Lumen\Concerns\{closure}()
#2 {main} {"exception":"[object] (Symfony\\Component\\Debug\\Exception\\FatalErrorException(code: 1): Maximum execution time of 30 seconds exceeded at C:\\xampp\\htdocs\\lumen_projects\\WealthSmithApi\\vendor\\illuminate\
otifications\\NotificationServiceProvider.php:9)
[stacktrace]
#0 C:\\xampp\\htdocs\\lumen_projects\\WealthSmithApi\\vendor\\laravel\\lumen-framework\\src\\Concerns\\RegistersExceptionHandlers.php(54): Laravel\\Lumen\\Application->handleShutdown()
#1 [internal function]: Laravel\\Lumen\\Application->Laravel\\Lumen\\Concerns\\{closure}()
#2 {main}
"} 
