[2019-07-09 14:48:35] local.ERROR: Symfony\Component\Debug\Exception\FatalErrorException: Maximum execution time of 30 seconds exceeded in C:\xampp\htdocs\lumen_projects\WealthSmithApi\vendor\laravel\lumen-framework\src\Routing\Router.php:7
Stack trace:
#0 C:\xampp\htdocs\lumen_projects\WealthSmithApi\vendor\laravel\lumen-framework\src\Concerns\RegistersExceptionHandlers.php(54): Laravel\Lumen\Application->handleShutdown()
#1 [internal function]: Laravel\Lumen\Application->Laravel\Lumen\Concerns\{closure}()
#2 {main} {"exception":"[object] (Symfony\\Component\\Debug\\Exception\\FatalErrorException(code: 1): Maximum execution time of 30 seconds exceeded at C:\\xampp\\htdocs\\lumen_projects\\WealthSmithApi\\vendor\\laravel\\lumen-framework\\src\\Routing\\Router.php:7)
[stacktrace]
#0 C:\\xampp\\htdocs\\lumen_projects\\WealthSmithApi\\vendor\\laravel\\lumen-framework\\src\\Concerns\\RegistersExceptionHandlers.php(54): Laravel\\Lumen\\Application->handleShutdown()
#1 [internal function]: Laravel\\Lumen\\Application->Laravel\\Lumen\\Concerns\\{closure}()
#2 {main}
"} 
[2019-07-09 14:51:05] local.ERROR: Symfony\Component\Debug\Exception\FatalErrorException: Maximum execution time of 30 seconds exceeded in C:\xampp\htdocs\lumen_projects\WealthSmithApi\vendor\illuminate\support\Facades\Storage.php:12
Stack trace:
#0 C:\xampp\htdocs\lumen_projects\WealthSmithApi\vendor\laravel\lumen-framework\src\Concerns\RegistersExceptionHandlers.php(54): Laravel\Lumen\Application->handleShutdown()
#1 [internal function]: Laravel\Lumen\Application->Laravel\Lumen\Concerns\{closure}()
#2 {main} {"exception":"[object] (Symfony\\Component\\Debug\\Exception\\FatalErrorException(code: 1): Maximum execution time of 30 seconds exceeded at C:\\xampp\\htdocs\\lumen_projects\\WealthSmithApi\\vendor\\illuminate\\support\\Facades\\Storage.php:12)
[stacktrace]
#0 C:\\xampp\\htdocs\\lumen_projects\\WealthSmithApi\\vendor\\laravel\\lumen-framework\\src\\Concerns\\RegistersExceptionHandlers.php(54): Laravel\\Lumen\\Application->handleShutdown()
#1 [internal function]: Laravel\\Lumen\\Application->Laravel\\Lumen\\Concerns\\{closure}()
#2 {main}
"} 
[2019-07-09 14:51:38] local.ERROR: PDOException: SQLSTATE[HY000] [2002] No connection could be made because the target machine actively refused it.
 in C:\xampp\htdocs\lumen_projects\WealthSmithApi\vendor\illuminate\database\Connectors\Connector.php:70
Stack trace:
#0 C:\xampp\htdocs\lumen_projects\WealthSmithApi\vendor\illuminate\database\Connectors\Connector.php(70): PDO->__construct('mysql:host=127....', 'root', '', Array)
#1 C:\xampp\htdocs\lumen_projects\WealthSmithApi\vendor\illuminate\database\Connectors\Connector.php(46): Illuminate\Database\Connectors\Connector->createPdoConnection('mysql:host=127....', 'root', '', Array)
#2 C:\xampp\htdocs\lumen_projects\WealthSmithApi\vendor\illuminate\database\Connectors\MySqlConnector.php(24): Illuminate\Database\Connectors\Connector->createConnection('mysql:host=127....', Array, Array)
#3 C:\xampp\htdocs\lumen_projects\WealthSmithApi\vendor\illuminate\database\Connectors\ConnectionFactory.php(182): Illuminate\Database\Connectors\MySqlConnector->connect(Array)
#4 [internal function]: Illuminate\Database\Connectors\ConnectionFactory->Illuminate\Database\Connectors\{closure}()
#5 C:\xampp\htdocs\lumen_projects\WealthSmithApi\vendor\illuminate\database\Connection.php(919): call_user_func(Object(Closure))
#6 C:\xampp\htdocs\lumen_projects\WealthSmithApi\vendor\illuminate\database\Connection.php(944): Illuminate\Database\Connection->getPdo()
#7 C:\xampp\htdocs\lumen_projects\WealthSmithApi\vendor\illuminate\database\Connection.php(399): Illuminate\Database\Connection->getReadPdo()
#8 C:\xampp\htdocs\lumen_projects\WealthSmithApi\vendor\illuminate\database\Connection.php(325): Illuminate\Database\Connection->getPdoForSelect(true)
#9 C:\xampp\htdocs\lumen_projects\WealthSmithApi\vendor\illuminate\database\Connection.php(657): Illuminate\Database\Connection->Illuminate\Database\{closure}('select * from `...', Array)
#10 C:\xampp\htdocs\lumen_projects\WealthSmithApi\vendor\illuminate\database\Connection.php(624): Illuminate\Database\Connection->runQueryCallback('select * from `...', Array, Object(Closure))
#11 C:\xampp\htdocs\lumen_projects\WealthSmithApi\vendor\illuminate\database\Connection.php(333): Illuminate\Database\Connection->run('select * from `...', Array, Object(Closure))
#12 C:\xampp\htdocs\lumen_projects\WealthSmithApi\vendor\illuminate\database\Query\Builder.php(2124): Illuminate\Database\Connection->select('select * from `...', Array, true)
#13 C:\xampp\htdocs\lumen_projects\WealthSmithApi\vendor\illuminate\database\Query\Builder.php(2112): Illuminate\Database\Query\Builder->runSelect()
#14 C:\xampp\htdocs\lumen_projects\WealthSmithApi\vendor\illuminate\database\Query\Builder.php(2598): Illuminate\Database\Query\Builder->Illuminate\Database\Query\{closure}()
#15 C:\xampp\htdocs\lumen_projects\WealthSmithApi\vendor\illuminate\database\Query\Builder.php(2113): Illuminate\Database\Query\Builder->onceWithColumns(Array, Object(Closure))
#16 C:\xampp\htdocs\lumen_projects\WealthSmithApi\vendor\illuminate\database\Eloquent\Builder.php(521): Illuminate\Database\Query\Builder->get(Array)
#17 C:\xampp\htdocs\lumen_projects\WealthSmithApi\vendor\illuminate\database\Eloquent\Builder.php(505): Illuminate\Database\Eloquent\Builder->getModels(Array)
#18 C:\xampp\htdocs\lumen_projects\WealthSmithApi\vendor\illuminate\database\Concerns\BuildsQueries.php(77): Illuminate\Database\Eloquent\Builder->get(Array)
#19 C:\xampp\htdocs\lumen_projects\WealthSmithApi\vendor\illuminate\database\Eloquent\Builder.php(329): Illuminate\Database\Eloquent\Builder->first(Array)
#20 C:\xampp\htdocs\lumen_projects\WealthSmithApi\vendor\illuminate\support\Traits\ForwardsCalls.php(23): Illuminate\Database\Eloquent\Builder->find(1)
#21 C:\xampp\htdocs\lumen_projects\WealthSmithApi\vendor\illuminate\database\Eloquent\Model.php(1618): Illuminate\Database\Eloquent\Model->forwardCallTo(Object(Illuminate\Database\Eloquent\Builder), 'find', Array)
#22 C:\xampp\htdocs\lumen_projects\WealthSmithApi\vendor\illuminate\database\Eloquent\Model.php(1630): Illuminate\Database\Eloquent\Model->__call('find', Array)
#23 C:\xampp\htdocs\lumen_projects\WealthSmithApi\app\Http\Middleware\JwtMiddleware.php(54): Illuminate\Database\Eloquent\Model::__callStatic('find', Array)
#24 C:\xampp\htdocs\lumen_projects\WealthSmithApi\vendor\illuminate\pipeline\Pipeline.php(163): App\Http\Middleware\JwtMiddleware->handle(Object(Laravel\Lumen\Http\Request), Object(Closure))
#25 [internal function]: Illuminate\Pipeline\Pipeline->Illuminate\Pipeline\{closure}(Object(Laravel\Lumen\Http\Request))
#26 C:\xampp\htdocs\lumen_projects\WealthSmithApi\vendor\laravel\lumen-framework\src\Routing\Pipeline.php(32): call_user_func(Object(Closure), Object(Laravel\Lumen\Http\Request))
#27 C:\xampp\htdocs\lumen_projects\WealthSmithApi\vendor\illuminate\pipeline\Pipeline.php(104): Laravel\Lumen\Routing\Pipeline->Laravel\Lumen\Routing\{closure}(Object(Laravel\Lumen\Http\Request))
#28 C:\xampp\htdocs\lumen_projects\WealthSmithApi\vendor\laravel\lumen-framework\src\Concerns\RoutesRequests.php(413): Illuminate\Pipeline\Pipeline->then(Object(Closure))
#29 C:\xampp\htdocs\lumen_projects\WealthSmithApi\vendor\laravel\lumen-framework\src\Concerns\RoutesRequests.php(259): Laravel\Lumen\Application->sendThroughPipeline(Array, Object(Closure))
#30 C:\xampp\htdocs\lumen_projects\WealthSmithApi\vendor\laravel\lumen-framework\src\Concerns\RoutesRequests.php(165): Laravel\Lumen\Application->handleFoundRoute(Array)
#31 [internal function]: Laravel\Lumen\Application->Laravel\Lumen\Concerns\{closure}(Object(Laravel\Lumen\Http\Request))
#32 C:\xampp\htdocs\lumen_projects\WealthSmithApi\vendor\laravel\lumen-framework\src\Routing\Pipeline.php(52): call_user_func(Object(Closure), Object(Laravel\Lumen\Http\Request))
#33 C:\xampp\htdocs\lumen_projects\WealthSmithApi\app\Http\Middleware\CorsMiddleware.php(28): Laravel\Lumen\Routing\Pipeline->Laravel\Lumen\Routing\{closure}(Object(Laravel\Lumen\Http\Request))
#34 C:\xampp\htdocs\lumen_projects\WealthSmithApi\vendor\illuminate\pipeline\Pipeline.php(163): App\Http\Middleware\CorsMiddleware->handle(Object(Laravel\Lumen\Http\Request), Object(Closure))
#35 [internal function]: Illuminate\Pipeline\Pipeline->Illuminate\Pipeline\{closure}(Object(Laravel\Lumen\Http\Request))
#36 C:\xampp\htdocs\lumen_projects\WealthSmithApi\vendor\laravel\lumen-framework\src\Routing\Pipeline.php(32): call_user_func(Object(Closure), Object(Laravel\Lumen\Http\Request))
#37 C:\xampp\htdocs\lumen_projects\WealthSmithApi\vendor\illuminate\pipeline\Pipeline.php(104): Laravel\Lumen\Routing\Pipeline->Laravel\Lumen\Routing\{closure}(Object(Laravel\Lumen\Http\Request))
#38 C:\xampp\htdocs\lumen_projects\WealthSmithApi\vendor\laravel\lumen-framework\src\Concerns\RoutesRequests.php(413): Illuminate\Pipeline\Pipeline->then(Object(Closure))
#39 C:\xampp\htdocs\lumen_projects\WealthSmithApi\vendor\laravel\lumen-framework\src\Concerns\RoutesRequests.php(171): Laravel\Lumen\Application->sendThroughPipeline(Array, Object(Closure))
#40 C:\xampp\htdocs\lumen_projects\WealthSmithApi\vendor\laravel\lumen-framework\src\Concerns\RoutesRequests.php(108): Laravel\Lumen\Application->dispatch(NULL)
#41 C:\xampp\htdocs\lumen_projects\WealthSmithApi\public\index.php(28): Laravel\Lumen\Application->run()
#42 {main}

Next Illuminate\Database\QueryException: SQLSTATE[HY000] [2002] No connection could be made because the target machine actively refused it.
 (SQL: select * from `users` where `users`.`id` = 1 limit 1) in C:\xampp\htdocs\lumen_projects\WealthSmithApi\vendor\illuminate\database\Connection.php:664
Stack trace:
#0 C:\xampp\htdocs\lumen_projects\WealthSmithApi\vendor\illuminate\database\Connection.php(624): Illuminate\Database\Connection->runQueryCallback('select * from `...', Array, Object(Closure))
#1 C:\xampp\htdocs\lumen_projects\WealthSmithApi\vendor\illuminate\database\Connection.php(333): Illuminate\Database\Connection->run('select * from `...', Array, Object(Closure))
#2 C:\xampp\htdocs\lumen_projects\WealthSmithApi\vendor\illuminate\database\Query\Builder.php(2124): Illuminate\Database\Connection->select('select * from `...', Array, true)
#3 C:\xampp\htdocs\lumen_projects\WealthSmithApi\vendor\illuminate\database\Query\Builder.php(2112): Illuminate\Database\Query\Builder->runSelect()
#4 C:\xampp\htdocs\lumen_projects\WealthSmithApi\vendor\illuminate\database\Query\Builder.php(2598): Illuminate\Database\Query\Builder->Illuminate\Database\Query\{closure}()
#5 C:\xampp\htdocs\lumen_projects\WealthSmithApi\vendor\illuminate\database\Query\Builder.php(2113): Illuminate\Database\Query\Builder->onceWithColumns(Array, Object(Closure))
#6 C:\xampp\htdocs\lumen_projects\WealthSmithApi\vendor\illuminate\database\Eloquent\Builder.php(521): Illuminate\Database\Query\Builder->get(Array)
#7 C:\xampp\htdocs\lumen_projects\WealthSmithApi\vendor\illuminate\database\Eloquent\Builder.php(505): Illuminate\Database\Eloquent\Builder->getModels(Array)
#8 C:\xampp\htdocs\lumen_projects\WealthSmithApi\vendor\illuminate\database\Concerns\BuildsQueries.php(77): Illuminate\Database\Eloquent\Builder->get(Array)
#9 C:\xampp\htdocs\lumen_projects\WealthSmithApi\vendor\illuminate\database\Eloquent\Builder.php(329): Illuminate\Database\Eloquent\Builder->first(Array)
#10 C:\xampp\htdocs\lumen_projects\WealthSmithApi\vendor\illuminate\support\Traits\ForwardsCalls.php(23): Illuminate\Database\Eloquent\Builder->find(1)
#11 C:\xampp\htdocs\lumen_projects\WealthSmithApi\vendor\illuminate\database\Eloquent\Model.php(1618): Illuminate\Database\Eloquent\Model->forwardCallTo(Object(Illuminate\Database\Eloquent\Builder), 'find', Array)
#12 C:\xampp\htdocs\lumen_projects\WealthSmithApi\vendor\illuminate\database\Eloquent\Model.php(1630): Illuminate\Database\Eloquent\Model->__call('find', Array)
#13 C:\xampp\htdocs\lumen_projects\WealthSmithApi\app\Http\Middleware\JwtMiddleware.php(54): Illuminate\Database\Eloquent\Model::__callStatic('find', Array)
#14 C:\xampp\htdocs\lumen_projects\WealthSmithApi\vendor\illuminate\pipeline\Pipeline.php(163): App\Http\Middleware\JwtMiddleware->handle(Object(Laravel\Lumen\Http\Request), Object(Closure))
#15 [internal function]: Illuminate\Pipeline\Pipeline->Illuminate\Pipeline\{closure}(Object(Laravel\Lumen\Http\Request))
#16 C:\xampp\htdocs\lumen_projects\WealthSmithApi\vendor\laravel\lumen-framework\src\Routing\Pipeline.php(32): call_user_func(Object(Closure), Object(Laravel\Lumen\Http\Request))
#17 C:\xampp\htdocs\lumen_projects\WealthSmithApi\vendor\illuminate\pipeline\Pipeline.php(104): Laravel\Lumen\Routing\Pipeline->Laravel\Lumen\Routing\{closure}(Object(Laravel\Lumen\Http\Request))
#18 C:\xampp\htdocs\lumen_projects\WealthSmithApi\vendor\laravel\lumen-framework\src\Concerns\RoutesRequests.php(413): Illuminate\Pipeline\Pipeline->then(Object(Closure))
#19 C:\xampp\htdocs\lumen_projects\WealthSmithApi\vendor\laravel\lumen-framework\src\Concerns\RoutesRequests.php(259): Laravel\Lumen\Application->sendThroughPipeline(Array, Object(Closure))
#20 C:\xampp\htdocs\lumen_projects\WealthSmithApi\vendor\laravel\lumen-framework\src\Concerns\RoutesRequests.php(165): Laravel\Lumen\Application->handleFoundRoute(Array)
#21 [internal function]: Laravel\Lumen\Application->Laravel\Lumen\Concerns\{closure}(Object(Laravel\Lumen\Http\Request))
#22 C:\xampp\htdocs\lumen_projects\WealthSmithApi\vendor\laravel\lumen-framework\src\Routing\Pipeline.php(52): call_user_func(Object(Closure), Object(Laravel\Lumen\Http\Request))
#23 C:\xampp\htdocs\lumen_projects\WealthSmithApi\app\Http\Middleware\CorsMiddleware.php(28): Laravel\Lumen\Routing\Pipeline->Laravel\Lumen\Routing\{closure}(Object(Laravel\Lumen\Http\Request))
#24 C:\xampp\htdocs\lumen_projects\WealthSmithApi\vendor\illuminate\pipeline\Pipeline.php(163): App\Http\Middleware\CorsMiddleware->handle(Object(Laravel\Lumen\Http\Request), Object(Closure))
#25 [internal function]: Illuminate\Pipeline\Pipeline->Illuminate\Pipeline\{closure}(Object(Laravel\Lumen\Http\Request))
#26 C:\xampp\htdocs\lumen_projects\WealthSmithApi\vendor\laravel\lumen-framework\src\Routing\Pipeline.php(32): call_user_func(Object(Closure), Object(Laravel\Lumen\Http\Request))
#27 C:\xampp\htdocs\lumen_projects\WealthSmithApi\vendor\illuminate\pipeline\Pipeline.php(104): Laravel\Lumen\Routing\Pipeline->Laravel\Lumen\Routing\{closure}(Object(Laravel\Lumen\Http\Request))
#28 C:\xampp\htdocs\lumen_projects\WealthSmithApi\vendor\laravel\lumen-framework\src\Concerns\RoutesRequests.php(413): Illuminate\Pipeline\Pipeline->then(Object(Closure))
#29 C:\xampp\htdocs\lumen_projects\WealthSmithApi\vendor\laravel\lumen-framework\src\Concerns\RoutesRequests.php(171): Laravel\Lumen\Application->sendThroughPipeline(Array, Object(Closure))
#30 C:\xampp\htdocs\lumen_projects\WealthSmithApi\vendor\laravel\lumen-framework\src\Concerns\RoutesRequests.php(108): Laravel\Lumen\Application->dispatch(NULL)
#31 C:\xampp\htdocs\lumen_projects\WealthSmithApi\public\index.php(28): Laravel\Lumen\Application->run()
#32 {main} {"exception":"[object] (Illuminate\\Database\\QueryException(code: 2002): SQLSTATE[HY000] [2002] No connection could be made because the target machine actively refused it.
 (SQL: select * from `users` where `users`.`id` = 1 limit 1) at C:\\xampp\\htdocs\\lumen_projects\\WealthSmithApi\\vendor\\illuminate\\database\\Connection.php:664, PDOException(code: 2002): SQLSTATE[HY000] [2002] No connection could be made because the target machine actively refused it.
 at C:\\xampp\\htdocs\\lumen_projects\\WealthSmithApi\\vendor\\illuminate\\database\\Connectors\\Connector.php:70)
[stacktrace]
#0 C:\\xampp\\htdocs\\lumen_projects\\WealthSmithApi\\vendor\\illuminate\\database\\Connection.php(624): Illuminate\\Database\\Connection->runQueryCallback('select * from `...', Array, Object(Closure))
#1 C:\\xampp\\htdocs\\lumen_projects\\WealthSmithApi\\vendor\\illuminate\\database\\Connection.php(333): Illuminate\\Database\\Connection->run('select * from `...', Array, Object(Closure))
#2 C:\\xampp\\htdocs\\lumen_projects\\WealthSmithApi\\vendor\\illuminate\\database\\Query\\Builder.php(2124): Illuminate\\Database\\Connection->select('select * from `...', Array, true)
#3 C:\\xampp\\htdocs\\lumen_projects\\WealthSmithApi\\vendor\\illuminate\\database\\Query\\Builder.php(2112): Illuminate\\Database\\Query\\Builder->runSelect()
#4 C:\\xampp\\htdocs\\lumen_projects\\WealthSmithApi\\vendor\\illuminate\\database\\Query\\Builder.php(2598): Illuminate\\Database\\Query\\Builder->Illuminate\\Database\\Query\\{closure}()
#5 C:\\xampp\\htdocs\\lumen_projects\\WealthSmithApi\\vendor\\illuminate\\database\\Query\\Builder.php(2113): Illuminate\\Database\\Query\\Builder->onceWithColumns(Array, Object(Closure))
#6 C:\\xampp\\htdocs\\lumen_projects\\WealthSmithApi\\vendor\\illuminate\\database\\Eloquent\\Builder.php(521): Illuminate\\Database\\Query\\Builder->get(Array)
#7 C:\\xampp\\htdocs\\lumen_projects\\WealthSmithApi\\vendor\\illuminate\\database\\Eloquent\\Builder.php(505): Illuminate\\Database\\Eloquent\\Builder->getModels(Array)
#8 C:\\xampp\\htdocs\\lumen_projects\\WealthSmithApi\\vendor\\illuminate\\database\\Concerns\\BuildsQueries.php(77): Illuminate\\Database\\Eloquent\\Builder->get(Array)
#9 C:\\xampp\\htdocs\\lumen_projects\\WealthSmithApi\\vendor\\illuminate\\database\\Eloquent\\Builder.php(329): Illuminate\\Database\\Eloquent\\Builder->first(Array)
#10 C:\\xampp\\htdocs\\lumen_projects\\WealthSmithApi\\vendor\\illuminate\\support\\Traits\\ForwardsCalls.php(23): Illuminate\\Database\\Eloquent\\Builder->find(1)
#11 C:\\xampp\\htdocs\\lumen_projects\\WealthSmithApi\\vendor\\illuminate\\database\\Eloquent\\Model.php(1618): Illuminate\\Database\\Eloquent\\Model->forwardCallTo(Object(Illuminate\\Database\\Eloquent\\Builder), 'find', Array)
#12 C:\\xampp\\htdocs\\lumen_projects\\WealthSmithApi\\vendor\\illuminate\\database\\Eloquent\\Model.php(1630): Illuminate\\Database\\Eloquent\\Model->__call('find', Array)
#13 C:\\xampp\\htdocs\\lumen_projects\\WealthSmithApi\\app\\Http\\Middleware\\JwtMiddleware.php(54): Illuminate\\Database\\Eloquent\\Model::__callStatic('find', Array)
#14 C:\\xampp\\htdocs\\lumen_projects\\WealthSmithApi\\vendor\\illuminate\\pipeline\\Pipeline.php(163): App\\Http\\Middleware\\JwtMiddleware->handle(Object(Laravel\\Lumen\\Http\\Request), Object(Closure))
#15 [internal function]: Illuminate\\Pipeline\\Pipeline->Illuminate\\Pipeline\\{closure}(Object(Laravel\\Lumen\\Http\\Request))
#16 C:\\xampp\\htdocs\\lumen_projects\\WealthSmithApi\\vendor\\laravel\\lumen-framework\\src\\Routing\\Pipeline.php(32): call_user_func(Object(Closure), Object(Laravel\\Lumen\\Http\\Request))
#17 C:\\xampp\\htdocs\\lumen_projects\\WealthSmithApi\\vendor\\illuminate\\pipeline\\Pipeline.php(104): Laravel\\Lumen\\Routing\\Pipeline->Laravel\\Lumen\\Routing\\{closure}(Object(Laravel\\Lumen\\Http\\Request))
#18 C:\\xampp\\htdocs\\lumen_projects\\WealthSmithApi\\vendor\\laravel\\lumen-framework\\src\\Concerns\\RoutesRequests.php(413): Illuminate\\Pipeline\\Pipeline->then(Object(Closure))
#19 C:\\xampp\\htdocs\\lumen_projects\\WealthSmithApi\\vendor\\laravel\\lumen-framework\\src\\Concerns\\RoutesRequests.php(259): Laravel\\Lumen\\Application->sendThroughPipeline(Array, Object(Closure))
#20 C:\\xampp\\htdocs\\lumen_projects\\WealthSmithApi\\vendor\\laravel\\lumen-framework\\src\\Concerns\\RoutesRequests.php(165): Laravel\\Lumen\\Application->handleFoundRoute(Array)
#21 [internal function]: Laravel\\Lumen\\Application->Laravel\\Lumen\\Concerns\\{closure}(Object(Laravel\\Lumen\\Http\\Request))
#22 C:\\xampp\\htdocs\\lumen_projects\\WealthSmithApi\\vendor\\laravel\\lumen-framework\\src\\Routing\\Pipeline.php(52): call_user_func(Object(Closure), Object(Laravel\\Lumen\\Http\\Request))
#23 C:\\xampp\\htdocs\\lumen_projects\\WealthSmithApi\\app\\Http\\Middleware\\CorsMiddleware.php(28): Laravel\\Lumen\\Routing\\Pipeline->Laravel\\Lumen\\Routing\\{closure}(Object(Laravel\\Lumen\\Http\\Request))
#24 C:\\xampp\\htdocs\\lumen_projects\\WealthSmithApi\\vendor\\illuminate\\pipeline\\Pipeline.php(163): App\\Http\\Middleware\\CorsMiddleware->handle(Object(Laravel\\Lumen\\Http\\Request), Object(Closure))
#25 [internal function]: Illuminate\\Pipeline\\Pipeline->Illuminate\\Pipeline\\{closure}(Object(Laravel\\Lumen\\Http\\Request))
#26 C:\\xampp\\htdocs\\lumen_projects\\WealthSmithApi\\vendor\\laravel\\lumen-framework\\src\\Routing\\Pipeline.php(32): call_user_func(Object(Closure), Object(Laravel\\Lumen\\Http\\Request))
#27 C:\\xampp\\htdocs\\lumen_projects\\WealthSmithApi\\vendor\\illuminate\\pipeline\\Pipeline.php(104): Laravel\\Lumen\\Routing\\Pipeline->Laravel\\Lumen\\Routing\\{closure}(Object(Laravel\\Lumen\\Http\\Request))
#28 C:\\xampp\\htdocs\\lumen_projects\\WealthSmithApi\\vendor\\laravel\\lumen-framework\\src\\Concerns\\RoutesRequests.php(413): Illuminate\\Pipeline\\Pipeline->then(Object(Closure))
#29 C:\\xampp\\htdocs\\lumen_projects\\WealthSmithApi\\vendor\\laravel\\lumen-framework\\src\\Concerns\\RoutesRequests.php(171): Laravel\\Lumen\\Application->sendThroughPipeline(Array, Object(Closure))
#30 C:\\xampp\\htdocs\\lumen_projects\\WealthSmithApi\\vendor\\laravel\\lumen-framework\\src\\Concerns\\RoutesRequests.php(108): Laravel\\Lumen\\Application->dispatch(NULL)
#31 C:\\xampp\\htdocs\\lumen_projects\\WealthSmithApi\\public\\index.php(28): Laravel\\Lumen\\Application->run()
#32 {main}
"} 
[2019-07-09 14:53:11] local.ERROR: Symfony\Component\Debug\Exception\FatalThrowableError: Call to a member function storeAs() on null in C:\xampp\htdocs\lumen_projects\WealthSmithApi\app\Http\Controllers\UserController.php:237
Stack trace:
#0 [internal function]: App\Http\Controllers\UserController->update_profile(Object(Laravel\Lumen\Http\Request))
#1 C:\xampp\htdocs\lumen_projects\WealthSmithApi\vendor\illuminate\container\BoundMethod.php(32): call_user_func_array(Array, Array)
#2 C:\xampp\htdocs\lumen_projects\WealthSmithApi\vendor\illuminate\container\BoundMethod.php(90): Illuminate\Container\BoundMethod::Illuminate\Container\{closure}()
#3 C:\xampp\htdocs\lumen_projects\WealthSmithApi\vendor\illuminate\container\BoundMethod.php(34): Illuminate\Container\BoundMethod::callBoundMethod(Object(Laravel\Lumen\Application), Array, Object(Closure))
#4 C:\xampp\htdocs\lumen_projects\WealthSmithApi\vendor\illuminate\container\Container.php(576): Illuminate\Container\BoundMethod::call(Object(Laravel\Lumen\Application), Array, Array, NULL)
#5 C:\xampp\htdocs\lumen_projects\WealthSmithApi\vendor\laravel\lumen-framework\src\Concerns\RoutesRequests.php(376): Illuminate\Container\Container->call(Array, Array)
#6 C:\xampp\htdocs\lumen_projects\WealthSmithApi\vendor\laravel\lumen-framework\src\Concerns\RoutesRequests.php(342): Laravel\Lumen\Application->callControllerCallable(Array, Array)
#7 C:\xampp\htdocs\lumen_projects\WealthSmithApi\vendor\laravel\lumen-framework\src\Concerns\RoutesRequests.php(316): Laravel\Lumen\Application->callLumenController(Object(App\Http\Controllers\UserController), 'update_profile', Array)
#8 C:\xampp\htdocs\lumen_projects\WealthSmithApi\vendor\laravel\lumen-framework\src\Concerns\RoutesRequests.php(278): Laravel\Lumen\Application->callControllerAction(Array)
#9 C:\xampp\htdocs\lumen_projects\WealthSmithApi\vendor\laravel\lumen-framework\src\Concerns\RoutesRequests.php(258): Laravel\Lumen\Application->callActionOnArrayBasedRoute(Array)
#10 [internal function]: Laravel\Lumen\Application->Laravel\Lumen\Concerns\{closure}(Object(Laravel\Lumen\Http\Request))
#11 C:\xampp\htdocs\lumen_projects\WealthSmithApi\vendor\laravel\lumen-framework\src\Routing\Pipeline.php(52): call_user_func(Object(Closure), Object(Laravel\Lumen\Http\Request))
#12 C:\xampp\htdocs\lumen_projects\WealthSmithApi\app\Http\Middleware\JwtMiddleware.php(74): Laravel\Lumen\Routing\Pipeline->Laravel\Lumen\Routing\{closure}(Object(Laravel\Lumen\Http\Request))
#13 C:\xampp\htdocs\lumen_projects\WealthSmithApi\vendor\illuminate\pipeline\Pipeline.php(163): App\Http\Middleware\JwtMiddleware->handle(Object(Laravel\Lumen\Http\Request), Object(Closure))
#14 [internal function]: Illuminate\Pipeline\Pipeline->Illuminate\Pipeline\{closure}(Object(Laravel\Lumen\Http\Request))
#15 C:\xampp\htdocs\lumen_projects\WealthSmithApi\vendor\laravel\lumen-framework\src\Routing\Pipeline.php(32): call_user_func(Object(Closure), Object(Laravel\Lumen\Http\Request))
#16 C:\xampp\htdocs\lumen_projects\WealthSmithApi\vendor\illuminate\pipeline\Pipeline.php(104): Laravel\Lumen\Routing\Pipeline->Laravel\Lumen\Routing\{closure}(Object(Laravel\Lumen\Http\Request))
#17 C:\xampp\htdocs\lumen_projects\WealthSmithApi\vendor\laravel\lumen-framework\src\Concerns\RoutesRequests.php(413): Illuminate\Pipeline\Pipeline->then(Object(Closure))
#18 C:\xampp\htdocs\lumen_projects\WealthSmithApi\vendor\laravel\lumen-framework\src\Concerns\RoutesRequests.php(259): Laravel\Lumen\Application->sendThroughPipeline(Array, Object(Closure))
#19 C:\xampp\htdocs\lumen_projects\WealthSmithApi\vendor\laravel\lumen-framework\src\Concerns\RoutesRequests.php(165): Laravel\Lumen\Application->handleFoundRoute(Array)
#20 [internal function]: Laravel\Lumen\Application->Laravel\Lumen\Concerns\{closure}(Object(Laravel\Lumen\Http\Request))
#21 C:\xampp\htdocs\lumen_projects\WealthSmithApi\vendor\laravel\lumen-framework\src\Routing\Pipeline.php(52): call_user_func(Object(Closure), Object(Laravel\Lumen\Http\Request))
#22 C:\xampp\htdocs\lumen_projects\WealthSmithApi\app\Http\Middleware\CorsMiddleware.php(28): Laravel\Lumen\Routing\Pipeline->Laravel\Lumen\Routing\{closure}(Object(Laravel\Lumen\Http\Request))
#23 C:\xampp\htdocs\lumen_projects\WealthSmithApi\vendor\illuminate\pipeline\Pipeline.php(163): App\Http\Middleware\CorsMiddleware->handle(Object(Laravel\Lumen\Http\Request), Object(Closure))
#24 [internal function]: Illuminate\Pipeline\Pipeline->Illuminate\Pipeline\{closure}(Object(Laravel\Lumen\Http\Request))
#25 C:\xampp\htdocs\lumen_projects\WealthSmithApi\vendor\laravel\lumen-framework\src\Routing\Pipeline.php(32): call_user_func(Object(Closure), Object(Laravel\Lumen\Http\Request))
#26 C:\xampp\htdocs\lumen_projects\WealthSmithApi\vendor\illuminate\pipeline\Pipeline.php(104): Laravel\Lumen\Routing\Pipeline->Laravel\Lumen\Routing\{closure}(Object(Laravel\Lumen\Http\Request))
#27 C:\xampp\htdocs\lumen_projects\WealthSmithApi\vendor\laravel\lumen-framework\src\Concerns\RoutesRequests.php(413): Illuminate\Pipeline\Pipeline->then(Object(Closure))
#28 C:\xampp\htdocs\lumen_projects\WealthSmithApi\vendor\laravel\lumen-framework\src\Concerns\RoutesRequests.php(171): Laravel\Lumen\Application->sendThroughPipeline(Array, Object(Closure))
#29 C:\xampp\htdocs\lumen_projects\WealthSmithApi\vendor\laravel\lumen-framework\src\Concerns\RoutesRequests.php(108): Laravel\Lumen\Application->dispatch(NULL)
#30 C:\xampp\htdocs\lumen_projects\WealthSmithApi\public\index.php(28): Laravel\Lumen\Application->run()
#31 {main} {"exception":"[object] (Symfony\\Component\\Debug\\Exception\\FatalThrowableError(code: 0): Call to a member function storeAs() on null at C:\\xampp\\htdocs\\lumen_projects\\WealthSmithApi\\app\\Http\\Controllers\\UserController.php:237)
[stacktrace]
#0 [internal function]: App\\Http\\Controllers\\UserController->update_profile(Object(Laravel\\Lumen\\Http\\Request))
#1 C:\\xampp\\htdocs\\lumen_projects\\WealthSmithApi\\vendor\\illuminate\\container\\BoundMethod.php(32): call_user_func_array(Array, Array)
#2 C:\\xampp\\htdocs\\lumen_projects\\WealthSmithApi\\vendor\\illuminate\\container\\BoundMethod.php(90): Illuminate\\Container\\BoundMethod::Illuminate\\Container\\{closure}()
#3 C:\\xampp\\htdocs\\lumen_projects\\WealthSmithApi\\vendor\\illuminate\\container\\BoundMethod.php(34): Illuminate\\Container\\BoundMethod::callBoundMethod(Object(Laravel\\Lumen\\Application), Array, Object(Closure))
#4 C:\\xampp\\htdocs\\lumen_projects\\WealthSmithApi\\vendor\\illuminate\\container\\Container.php(576): Illuminate\\Container\\BoundMethod::call(Object(Laravel\\Lumen\\Application), Array, Array, NULL)
#5 C:\\xampp\\htdocs\\lumen_projects\\WealthSmithApi\\vendor\\laravel\\lumen-framework\\src\\Concerns\\RoutesRequests.php(376): Illuminate\\Container\\Container->call(Array, Array)
#6 C:\\xampp\\htdocs\\lumen_projects\\WealthSmithApi\\vendor\\laravel\\lumen-framework\\src\\Concerns\\RoutesRequests.php(342): Laravel\\Lumen\\Application->callControllerCallable(Array, Array)
#7 C:\\xampp\\htdocs\\lumen_projects\\WealthSmithApi\\vendor\\laravel\\lumen-framework\\src\\Concerns\\RoutesRequests.php(316): Laravel\\Lumen\\Application->callLumenController(Object(App\\Http\\Controllers\\UserController), 'update_profile', Array)
#8 C:\\xampp\\htdocs\\lumen_projects\\WealthSmithApi\\vendor\\laravel\\lumen-framework\\src\\Concerns\\RoutesRequests.php(278): Laravel\\Lumen\\Application->callControllerAction(Array)
#9 C:\\xampp\\htdocs\\lumen_projects\\WealthSmithApi\\vendor\\laravel\\lumen-framework\\src\\Concerns\\RoutesRequests.php(258): Laravel\\Lumen\\Application->callActionOnArrayBasedRoute(Array)
#10 [internal function]: Laravel\\Lumen\\Application->Laravel\\Lumen\\Concerns\\{closure}(Object(Laravel\\Lumen\\Http\\Request))
#11 C:\\xampp\\htdocs\\lumen_projects\\WealthSmithApi\\vendor\\laravel\\lumen-framework\\src\\Routing\\Pipeline.php(52): call_user_func(Object(Closure), Object(Laravel\\Lumen\\Http\\Request))
#12 C:\\xampp\\htdocs\\lumen_projects\\WealthSmithApi\\app\\Http\\Middleware\\JwtMiddleware.php(74): Laravel\\Lumen\\Routing\\Pipeline->Laravel\\Lumen\\Routing\\{closure}(Object(Laravel\\Lumen\\Http\\Request))
#13 C:\\xampp\\htdocs\\lumen_projects\\WealthSmithApi\\vendor\\illuminate\\pipeline\\Pipeline.php(163): App\\Http\\Middleware\\JwtMiddleware->handle(Object(Laravel\\Lumen\\Http\\Request), Object(Closure))
#14 [internal function]: Illuminate\\Pipeline\\Pipeline->Illuminate\\Pipeline\\{closure}(Object(Laravel\\Lumen\\Http\\Request))
#15 C:\\xampp\\htdocs\\lumen_projects\\WealthSmithApi\\vendor\\laravel\\lumen-framework\\src\\Routing\\Pipeline.php(32): call_user_func(Object(Closure), Object(Laravel\\Lumen\\Http\\Request))
#16 C:\\xampp\\htdocs\\lumen_projects\\WealthSmithApi\\vendor\\illuminate\\pipeline\\Pipeline.php(104): Laravel\\Lumen\\Routing\\Pipeline->Laravel\\Lumen\\Routing\\{closure}(Object(Laravel\\Lumen\\Http\\Request))
#17 C:\\xampp\\htdocs\\lumen_projects\\WealthSmithApi\\vendor\\laravel\\lumen-framework\\src\\Concerns\\RoutesRequests.php(413): Illuminate\\Pipeline\\Pipeline->then(Object(Closure))
#18 C:\\xampp\\htdocs\\lumen_projects\\WealthSmithApi\\vendor\\laravel\\lumen-framework\\src\\Concerns\\RoutesRequests.php(259): Laravel\\Lumen\\Application->sendThroughPipeline(Array, Object(Closure))
#19 C:\\xampp\\htdocs\\lumen_projects\\WealthSmithApi\\vendor\\laravel\\lumen-framework\\src\\Concerns\\RoutesRequests.php(165): Laravel\\Lumen\\Application->handleFoundRoute(Array)
#20 [internal function]: Laravel\\Lumen\\Application->Laravel\\Lumen\\Concerns\\{closure}(Object(Laravel\\Lumen\\Http\\Request))
#21 C:\\xampp\\htdocs\\lumen_projects\\WealthSmithApi\\vendor\\laravel\\lumen-framework\\src\\Routing\\Pipeline.php(52): call_user_func(Object(Closure), Object(Laravel\\Lumen\\Http\\Request))
#22 C:\\xampp\\htdocs\\lumen_projects\\WealthSmithApi\\app\\Http\\Middleware\\CorsMiddleware.php(28): Laravel\\Lumen\\Routing\\Pipeline->Laravel\\Lumen\\Routing\\{closure}(Object(Laravel\\Lumen\\Http\\Request))
#23 C:\\xampp\\htdocs\\lumen_projects\\WealthSmithApi\\vendor\\illuminate\\pipeline\\Pipeline.php(163): App\\Http\\Middleware\\CorsMiddleware->handle(Object(Laravel\\Lumen\\Http\\Request), Object(Closure))
#24 [internal function]: Illuminate\\Pipeline\\Pipeline->Illuminate\\Pipeline\\{closure}(Object(Laravel\\Lumen\\Http\\Request))
#25 C:\\xampp\\htdocs\\lumen_projects\\WealthSmithApi\\vendor\\laravel\\lumen-framework\\src\\Routing\\Pipeline.php(32): call_user_func(Object(Closure), Object(Laravel\\Lumen\\Http\\Request))
#26 C:\\xampp\\htdocs\\lumen_projects\\WealthSmithApi\\vendor\\illuminate\\pipeline\\Pipeline.php(104): Laravel\\Lumen\\Routing\\Pipeline->Laravel\\Lumen\\Routing\\{closure}(Object(Laravel\\Lumen\\Http\\Request))
#27 C:\\xampp\\htdocs\\lumen_projects\\WealthSmithApi\\vendor\\laravel\\lumen-framework\\src\\Concerns\\RoutesRequests.php(413): Illuminate\\Pipeline\\Pipeline->then(Object(Closure))
#28 C:\\xampp\\htdocs\\lumen_projects\\WealthSmithApi\\vendor\\laravel\\lumen-framework\\src\\Concerns\\RoutesRequests.php(171): Laravel\\Lumen\\Application->sendThroughPipeline(Array, Object(Closure))
#29 C:\\xampp\\htdocs\\lumen_projects\\WealthSmithApi\\vendor\\laravel\\lumen-framework\\src\\Concerns\\RoutesRequests.php(108): Laravel\\Lumen\\Application->dispatch(NULL)
#30 C:\\xampp\\htdocs\\lumen_projects\\WealthSmithApi\\public\\index.php(28): Laravel\\Lumen\\Application->run()
#31 {main}
"} 
[2019-07-09 15:00:41] local.ERROR: Symfony\Component\Debug\Exception\FatalErrorException: Maximum execution time of 30 seconds exceeded in C:\xampp\htdocs\lumen_projects\WealthSmithApi\vendor\laravel\lumen-framework\config\services.php:18
Stack trace:
#0 C:\xampp\htdocs\lumen_projects\WealthSmithApi\vendor\laravel\lumen-framework\src\Concerns\RegistersExceptionHandlers.php(54): Laravel\Lumen\Application->handleShutdown()
#1 [internal function]: Laravel\Lumen\Application->Laravel\Lumen\Concerns\{closure}()
#2 {main} {"exception":"[object] (Symfony\\Component\\Debug\\Exception\\FatalErrorException(code: 1): Maximum execution time of 30 seconds exceeded at C:\\xampp\\htdocs\\lumen_projects\\WealthSmithApi\\vendor\\laravel\\lumen-framework\\config\\services.php:18)
[stacktrace]
#0 C:\\xampp\\htdocs\\lumen_projects\\WealthSmithApi\\vendor\\laravel\\lumen-framework\\src\\Concerns\\RegistersExceptionHandlers.php(54): Laravel\\Lumen\\Application->handleShutdown()
#1 [internal function]: Laravel\\Lumen\\Application->Laravel\\Lumen\\Concerns\\{closure}()
#2 {main}
"} 
[2019-07-09 15:01:24] local.ERROR: BadMethodCallException: Method Laravel\Lumen\Http\Request::getClientOriginalExtension does not exist. in C:\xampp\htdocs\lumen_projects\WealthSmithApi\vendor\illuminate\support\Traits\Macroable.php:102
Stack trace:
#0 C:\xampp\htdocs\lumen_projects\WealthSmithApi\app\Http\Controllers\UserController.php(238): Illuminate\Http\Request->__call('getClientOrigin...', Array)
#1 [internal function]: App\Http\Controllers\UserController->update_profile(Object(Laravel\Lumen\Http\Request))
#2 C:\xampp\htdocs\lumen_projects\WealthSmithApi\vendor\illuminate\container\BoundMethod.php(32): call_user_func_array(Array, Array)
#3 C:\xampp\htdocs\lumen_projects\WealthSmithApi\vendor\illuminate\container\BoundMethod.php(90): Illuminate\Container\BoundMethod::Illuminate\Container\{closure}()
#4 C:\xampp\htdocs\lumen_projects\WealthSmithApi\vendor\illuminate\container\BoundMethod.php(34): Illuminate\Container\BoundMethod::callBoundMethod(Object(Laravel\Lumen\Application), Array, Object(Closure))
#5 C:\xampp\htdocs\lumen_projects\WealthSmithApi\vendor\illuminate\container\Container.php(576): Illuminate\Container\BoundMethod::call(Object(Laravel\Lumen\Application), Array, Array, NULL)
#6 C:\xampp\htdocs\lumen_projects\WealthSmithApi\vendor\laravel\lumen-framework\src\Concerns\RoutesRequests.php(376): Illuminate\Container\Container->call(Array, Array)
#7 C:\xampp\htdocs\lumen_projects\WealthSmithApi\vendor\laravel\lumen-framework\src\Concerns\RoutesRequests.php(342): Laravel\Lumen\Application->callControllerCallable(Array, Array)
#8 C:\xampp\htdocs\lumen_projects\WealthSmithApi\vendor\laravel\lumen-framework\src\Concerns\RoutesRequests.php(316): Laravel\Lumen\Application->callLumenController(Object(App\Http\Controllers\UserController), 'update_profile', Array)
#9 C:\xampp\htdocs\lumen_projects\WealthSmithApi\vendor\laravel\lumen-framework\src\Concerns\RoutesRequests.php(278): Laravel\Lumen\Application->callControllerAction(Array)
#10 C:\xampp\htdocs\lumen_projects\WealthSmithApi\vendor\laravel\lumen-framework\src\Concerns\RoutesRequests.php(258): Laravel\Lumen\Application->callActionOnArrayBasedRoute(Array)
#11 [internal function]: Laravel\Lumen\Application->Laravel\Lumen\Concerns\{closure}(Object(Laravel\Lumen\Http\Request))
#12 C:\xampp\htdocs\lumen_projects\WealthSmithApi\vendor\laravel\lumen-framework\src\Routing\Pipeline.php(52): call_user_func(Object(Closure), Object(Laravel\Lumen\Http\Request))
#13 C:\xampp\htdocs\lumen_projects\WealthSmithApi\app\Http\Middleware\JwtMiddleware.php(74): Laravel\Lumen\Routing\Pipeline->Laravel\Lumen\Routing\{closure}(Object(Laravel\Lumen\Http\Request))
#14 C:\xampp\htdocs\lumen_projects\WealthSmithApi\vendor\illuminate\pipeline\Pipeline.php(163): App\Http\Middleware\JwtMiddleware->handle(Object(Laravel\Lumen\Http\Request), Object(Closure))
#15 [internal function]: Illuminate\Pipeline\Pipeline->Illuminate\Pipeline\{closure}(Object(Laravel\Lumen\Http\Request))
#16 C:\xampp\htdocs\lumen_projects\WealthSmithApi\vendor\laravel\lumen-framework\src\Routing\Pipeline.php(32): call_user_func(Object(Closure), Object(Laravel\Lumen\Http\Request))
#17 C:\xampp\htdocs\lumen_projects\WealthSmithApi\vendor\illuminate\pipeline\Pipeline.php(104): Laravel\Lumen\Routing\Pipeline->Laravel\Lumen\Routing\{closure}(Object(Laravel\Lumen\Http\Request))
#18 C:\xampp\htdocs\lumen_projects\WealthSmithApi\vendor\laravel\lumen-framework\src\Concerns\RoutesRequests.php(413): Illuminate\Pipeline\Pipeline->then(Object(Closure))
#19 C:\xampp\htdocs\lumen_projects\WealthSmithApi\vendor\laravel\lumen-framework\src\Concerns\RoutesRequests.php(259): Laravel\Lumen\Application->sendThroughPipeline(Array, Object(Closure))
#20 C:\xampp\htdocs\lumen_projects\WealthSmithApi\vendor\laravel\lumen-framework\src\Concerns\RoutesRequests.php(165): Laravel\Lumen\Application->handleFoundRoute(Array)
#21 [internal function]: Laravel\Lumen\Application->Laravel\Lumen\Concerns\{closure}(Object(Laravel\Lumen\Http\Request))
#22 C:\xampp\htdocs\lumen_projects\WealthSmithApi\vendor\laravel\lumen-framework\src\Routing\Pipeline.php(52): call_user_func(Object(Closure), Object(Laravel\Lumen\Http\Request))
#23 C:\xampp\htdocs\lumen_projects\WealthSmithApi\app\Http\Middleware\CorsMiddleware.php(28): Laravel\Lumen\Routing\Pipeline->Laravel\Lumen\Routing\{closure}(Object(Laravel\Lumen\Http\Request))
#24 C:\xampp\htdocs\lumen_projects\WealthSmithApi\vendor\illuminate\pipeline\Pipeline.php(163): App\Http\Middleware\CorsMiddleware->handle(Object(Laravel\Lumen\Http\Request), Object(Closure))
#25 [internal function]: Illuminate\Pipeline\Pipeline->Illuminate\Pipeline\{closure}(Object(Laravel\Lumen\Http\Request))
#26 C:\xampp\htdocs\lumen_projects\WealthSmithApi\vendor\laravel\lumen-framework\src\Routing\Pipeline.php(32): call_user_func(Object(Closure), Object(Laravel\Lumen\Http\Request))
#27 C:\xampp\htdocs\lumen_projects\WealthSmithApi\vendor\illuminate\pipeline\Pipeline.php(104): Laravel\Lumen\Routing\Pipeline->Laravel\Lumen\Routing\{closure}(Object(Laravel\Lumen\Http\Request))
#28 C:\xampp\htdocs\lumen_projects\WealthSmithApi\vendor\laravel\lumen-framework\src\Concerns\RoutesRequests.php(413): Illuminate\Pipeline\Pipeline->then(Object(Closure))
#29 C:\xampp\htdocs\lumen_projects\WealthSmithApi\vendor\laravel\lumen-framework\src\Concerns\RoutesRequests.php(171): Laravel\Lumen\Application->sendThroughPipeline(Array, Object(Closure))
#30 C:\xampp\htdocs\lumen_projects\WealthSmithApi\vendor\laravel\lumen-framework\src\Concerns\RoutesRequests.php(108): Laravel\Lumen\Application->dispatch(NULL)
#31 C:\xampp\htdocs\lumen_projects\WealthSmithApi\public\index.php(28): Laravel\Lumen\Application->run()
#32 {main} {"exception":"[object] (BadMethodCallException(code: 0): Method Laravel\\Lumen\\Http\\Request::getClientOriginalExtension does not exist. at C:\\xampp\\htdocs\\lumen_projects\\WealthSmithApi\\vendor\\illuminate\\support\\Traits\\Macroable.php:102)
[stacktrace]
#0 C:\\xampp\\htdocs\\lumen_projects\\WealthSmithApi\\app\\Http\\Controllers\\UserController.php(238): Illuminate\\Http\\Request->__call('getClientOrigin...', Array)
#1 [internal function]: App\\Http\\Controllers\\UserController->update_profile(Object(Laravel\\Lumen\\Http\\Request))
#2 C:\\xampp\\htdocs\\lumen_projects\\WealthSmithApi\\vendor\\illuminate\\container\\BoundMethod.php(32): call_user_func_array(Array, Array)
#3 C:\\xampp\\htdocs\\lumen_projects\\WealthSmithApi\\vendor\\illuminate\\container\\BoundMethod.php(90): Illuminate\\Container\\BoundMethod::Illuminate\\Container\\{closure}()
#4 C:\\xampp\\htdocs\\lumen_projects\\WealthSmithApi\\vendor\\illuminate\\container\\BoundMethod.php(34): Illuminate\\Container\\BoundMethod::callBoundMethod(Object(Laravel\\Lumen\\Application), Array, Object(Closure))
#5 C:\\xampp\\htdocs\\lumen_projects\\WealthSmithApi\\vendor\\illuminate\\container\\Container.php(576): Illuminate\\Container\\BoundMethod::call(Object(Laravel\\Lumen\\Application), Array, Array, NULL)
#6 C:\\xampp\\htdocs\\lumen_projects\\WealthSmithApi\\vendor\\laravel\\lumen-framework\\src\\Concerns\\RoutesRequests.php(376): Illuminate\\Container\\Container->call(Array, Array)
#7 C:\\xampp\\htdocs\\lumen_projects\\WealthSmithApi\\vendor\\laravel\\lumen-framework\\src\\Concerns\\RoutesRequests.php(342): Laravel\\Lumen\\Application->callControllerCallable(Array, Array)
#8 C:\\xampp\\htdocs\\lumen_projects\\WealthSmithApi\\vendor\\laravel\\lumen-framework\\src\\Concerns\\RoutesRequests.php(316): Laravel\\Lumen\\Application->callLumenController(Object(App\\Http\\Controllers\\UserController), 'update_profile', Array)
#9 C:\\xampp\\htdocs\\lumen_projects\\WealthSmithApi\\vendor\\laravel\\lumen-framework\\src\\Concerns\\RoutesRequests.php(278): Laravel\\Lumen\\Application->callControllerAction(Array)
#10 C:\\xampp\\htdocs\\lumen_projects\\WealthSmithApi\\vendor\\laravel\\lumen-framework\\src\\Concerns\\RoutesRequests.php(258): Laravel\\Lumen\\Application->callActionOnArrayBasedRoute(Array)
#11 [internal function]: Laravel\\Lumen\\Application->Laravel\\Lumen\\Concerns\\{closure}(Object(Laravel\\Lumen\\Http\\Request))
#12 C:\\xampp\\htdocs\\lumen_projects\\WealthSmithApi\\vendor\\laravel\\lumen-framework\\src\\Routing\\Pipeline.php(52): call_user_func(Object(Closure), Object(Laravel\\Lumen\\Http\\Request))
#13 C:\\xampp\\htdocs\\lumen_projects\\WealthSmithApi\\app\\Http\\Middleware\\JwtMiddleware.php(74): Laravel\\Lumen\\Routing\\Pipeline->Laravel\\Lumen\\Routing\\{closure}(Object(Laravel\\Lumen\\Http\\Request))
#14 C:\\xampp\\htdocs\\lumen_projects\\WealthSmithApi\\vendor\\illuminate\\pipeline\\Pipeline.php(163): App\\Http\\Middleware\\JwtMiddleware->handle(Object(Laravel\\Lumen\\Http\\Request), Object(Closure))
#15 [internal function]: Illuminate\\Pipeline\\Pipeline->Illuminate\\Pipeline\\{closure}(Object(Laravel\\Lumen\\Http\\Request))
#16 C:\\xampp\\htdocs\\lumen_projects\\WealthSmithApi\\vendor\\laravel\\lumen-framework\\src\\Routing\\Pipeline.php(32): call_user_func(Object(Closure), Object(Laravel\\Lumen\\Http\\Request))
#17 C:\\xampp\\htdocs\\lumen_projects\\WealthSmithApi\\vendor\\illuminate\\pipeline\\Pipeline.php(104): Laravel\\Lumen\\Routing\\Pipeline->Laravel\\Lumen\\Routing\\{closure}(Object(Laravel\\Lumen\\Http\\Request))
#18 C:\\xampp\\htdocs\\lumen_projects\\WealthSmithApi\\vendor\\laravel\\lumen-framework\\src\\Concerns\\RoutesRequests.php(413): Illuminate\\Pipeline\\Pipeline->then(Object(Closure))
#19 C:\\xampp\\htdocs\\lumen_projects\\WealthSmithApi\\vendor\\laravel\\lumen-framework\\src\\Concerns\\RoutesRequests.php(259): Laravel\\Lumen\\Application->sendThroughPipeline(Array, Object(Closure))
#20 C:\\xampp\\htdocs\\lumen_projects\\WealthSmithApi\\vendor\\laravel\\lumen-framework\\src\\Concerns\\RoutesRequests.php(165): Laravel\\Lumen\\Application->handleFoundRoute(Array)
#21 [internal function]: Laravel\\Lumen\\Application->Laravel\\Lumen\\Concerns\\{closure}(Object(Laravel\\Lumen\\Http\\Request))
#22 C:\\xampp\\htdocs\\lumen_projects\\WealthSmithApi\\vendor\\laravel\\lumen-framework\\src\\Routing\\Pipeline.php(52): call_user_func(Object(Closure), Object(Laravel\\Lumen\\Http\\Request))
#23 C:\\xampp\\htdocs\\lumen_projects\\WealthSmithApi\\app\\Http\\Middleware\\CorsMiddleware.php(28): Laravel\\Lumen\\Routing\\Pipeline->Laravel\\Lumen\\Routing\\{closure}(Object(Laravel\\Lumen\\Http\\Request))
#24 C:\\xampp\\htdocs\\lumen_projects\\WealthSmithApi\\vendor\\illuminate\\pipeline\\Pipeline.php(163): App\\Http\\Middleware\\CorsMiddleware->handle(Object(Laravel\\Lumen\\Http\\Request), Object(Closure))
#25 [internal function]: Illuminate\\Pipeline\\Pipeline->Illuminate\\Pipeline\\{closure}(Object(Laravel\\Lumen\\Http\\Request))
#26 C:\\xampp\\htdocs\\lumen_projects\\WealthSmithApi\\vendor\\laravel\\lumen-framework\\src\\Routing\\Pipeline.php(32): call_user_func(Object(Closure), Object(Laravel\\Lumen\\Http\\Request))
#27 C:\\xampp\\htdocs\\lumen_projects\\WealthSmithApi\\vendor\\illuminate\\pipeline\\Pipeline.php(104): Laravel\\Lumen\\Routing\\Pipeline->Laravel\\Lumen\\Routing\\{closure}(Object(Laravel\\Lumen\\Http\\Request))
#28 C:\\xampp\\htdocs\\lumen_projects\\WealthSmithApi\\vendor\\laravel\\lumen-framework\\src\\Concerns\\RoutesRequests.php(413): Illuminate\\Pipeline\\Pipeline->then(Object(Closure))
#29 C:\\xampp\\htdocs\\lumen_projects\\WealthSmithApi\\vendor\\laravel\\lumen-framework\\src\\Concerns\\RoutesRequests.php(171): Laravel\\Lumen\\Application->sendThroughPipeline(Array, Object(Closure))
#30 C:\\xampp\\htdocs\\lumen_projects\\WealthSmithApi\\vendor\\laravel\\lumen-framework\\src\\Concerns\\RoutesRequests.php(108): Laravel\\Lumen\\Application->dispatch(NULL)
#31 C:\\xampp\\htdocs\\lumen_projects\\WealthSmithApi\\public\\index.php(28): Laravel\\Lumen\\Application->run()
#32 {main}
"} 
[2019-07-09 15:06:43] local.ERROR: Symfony\Component\Debug\Exception\FatalErrorException: Maximum execution time of 30 seconds exceeded in C:\xampp\htdocs\lumen_projects\WealthSmithApi\vendor\league\flysystem\src\Filesystem.php:18
Stack trace:
#0 C:\xampp\htdocs\lumen_projects\WealthSmithApi\vendor\laravel\lumen-framework\src\Concerns\RegistersExceptionHandlers.php(54): Laravel\Lumen\Application->handleShutdown()
#1 [internal function]: Laravel\Lumen\Application->Laravel\Lumen\Concerns\{closure}()
#2 {main} {"exception":"[object] (Symfony\\Component\\Debug\\Exception\\FatalErrorException(code: 1): Maximum execution time of 30 seconds exceeded at C:\\xampp\\htdocs\\lumen_projects\\WealthSmithApi\\vendor\\league\\flysystem\\src\\Filesystem.php:18)
[stacktrace]
#0 C:\\xampp\\htdocs\\lumen_projects\\WealthSmithApi\\vendor\\laravel\\lumen-framework\\src\\Concerns\\RegistersExceptionHandlers.php(54): Laravel\\Lumen\\Application->handleShutdown()
#1 [internal function]: Laravel\\Lumen\\Application->Laravel\\Lumen\\Concerns\\{closure}()
#2 {main}
"} 
