[2019-07-02 17:44:48] local.ERROR: PDOException: SQLSTATE[42S21]: Column already exists: 1060 Duplicate column name 'url_of_id' in C:\xampp\htdocs\lumen_projects\WealthSmithApi\vendor\illuminate\database\Connection.php:458
Stack trace:
#0 C:\xampp\htdocs\lumen_projects\WealthSmithApi\vendor\illuminate\database\Connection.php(458): PDOStatement->execute()
#1 C:\xampp\htdocs\lumen_projects\WealthSmithApi\vendor\illuminate\database\Connection.php(657): Illuminate\Database\Connection->Illuminate\Database\{closure}('create table `u...', Array)
#2 C:\xampp\htdocs\lumen_projects\WealthSmithApi\vendor\illuminate\database\Connection.php(624): Illuminate\Database\Connection->runQueryCallback('create table `u...', Array, Object(Closure))
#3 C:\xampp\htdocs\lumen_projects\WealthSmithApi\vendor\illuminate\database\Connection.php(459): Illuminate\Database\Connection->run('create table `u...', Array, Object(Closure))
#4 C:\xampp\htdocs\lumen_projects\WealthSmithApi\vendor\illuminate\database\Schema\Blueprint.php(97): Illuminate\Database\Connection->statement('create table `u...')
#5 C:\xampp\htdocs\lumen_projects\WealthSmithApi\vendor\illuminate\database\Schema\Builder.php(278): Illuminate\Database\Schema\Blueprint->build(Object(Illuminate\Database\MySqlConnection), Object(Illuminate\Database\Schema\Grammars\MySqlGrammar))
#6 C:\xampp\htdocs\lumen_projects\WealthSmithApi\vendor\illuminate\database\Schema\Builder.php(167): Illuminate\Database\Schema\Builder->build(Object(Illuminate\Database\Schema\Blueprint))
#7 C:\xampp\htdocs\lumen_projects\WealthSmithApi\vendor\illuminate\support\Facades\Facade.php(237): Illuminate\Database\Schema\Builder->create('users', Object(Closure))
#8 C:\xampp\htdocs\lumen_projects\WealthSmithApi\database\migrations\2019_06_28_171406_create_users_table.php(35): Illuminate\Support\Facades\Facade::__callStatic('create', Array)
#9 C:\xampp\htdocs\lumen_projects\WealthSmithApi\vendor\illuminate\database\Migrations\Migrator.php(385): CreateUsersTable->up()
#10 C:\xampp\htdocs\lumen_projects\WealthSmithApi\vendor\illuminate\database\Migrations\Migrator.php(394): Illuminate\Database\Migrations\Migrator->Illuminate\Database\Migrations\{closure}()
#11 C:\xampp\htdocs\lumen_projects\WealthSmithApi\vendor\illuminate\database\Migrations\Migrator.php(197): Illuminate\Database\Migrations\Migrator->runMigration(Object(CreateUsersTable), 'up')
#12 C:\xampp\htdocs\lumen_projects\WealthSmithApi\vendor\illuminate\database\Migrations\Migrator.php(164): Illuminate\Database\Migrations\Migrator->runUp('C:\\xampp\\htdocs...', 1, false)
#13 C:\xampp\htdocs\lumen_projects\WealthSmithApi\vendor\illuminate\database\Migrations\Migrator.php(111): Illuminate\Database\Migrations\Migrator->runPending(Array, Array)
#14 C:\xampp\htdocs\lumen_projects\WealthSmithApi\vendor\illuminate\database\Console\Migrations\MigrateCommand.php(71): Illuminate\Database\Migrations\Migrator->run(Array, Array)
#15 [internal function]: Illuminate\Database\Console\Migrations\MigrateCommand->handle()
#16 C:\xampp\htdocs\lumen_projects\WealthSmithApi\vendor\illuminate\container\BoundMethod.php(32): call_user_func_array(Array, Array)
#17 C:\xampp\htdocs\lumen_projects\WealthSmithApi\vendor\illuminate\container\BoundMethod.php(90): Illuminate\Container\BoundMethod::Illuminate\Container\{closure}()
#18 C:\xampp\htdocs\lumen_projects\WealthSmithApi\vendor\illuminate\container\BoundMethod.php(34): Illuminate\Container\BoundMethod::callBoundMethod(Object(Laravel\Lumen\Application), Array, Object(Closure))
#19 C:\xampp\htdocs\lumen_projects\WealthSmithApi\vendor\illuminate\container\Container.php(576): Illuminate\Container\BoundMethod::call(Object(Laravel\Lumen\Application), Array, Array, NULL)
#20 C:\xampp\htdocs\lumen_projects\WealthSmithApi\vendor\illuminate\console\Command.php(183): Illuminate\Container\Container->call(Array)
#21 C:\xampp\htdocs\lumen_projects\WealthSmithApi\vendor\symfony\console\Command\Command.php(255): Illuminate\Console\Command->execute(Object(Symfony\Component\Console\Input\ArgvInput), Object(Illuminate\Console\OutputStyle))
#22 C:\xampp\htdocs\lumen_projects\WealthSmithApi\vendor\illuminate\console\Command.php(170): Symfony\Component\Console\Command\Command->run(Object(Symfony\Component\Console\Input\ArgvInput), Object(Illuminate\Console\OutputStyle))
#23 C:\xampp\htdocs\lumen_projects\WealthSmithApi\vendor\symfony\console\Application.php(921): Illuminate\Console\Command->run(Object(Symfony\Component\Console\Input\ArgvInput), Object(Symfony\Component\Console\Output\ConsoleOutput))
#24 C:\xampp\htdocs\lumen_projects\WealthSmithApi\vendor\symfony\console\Application.php(273): Symfony\Component\Console\Application->doRunCommand(Object(Illuminate\Database\Console\Migrations\MigrateCommand), Object(Symfony\Component\Console\Input\ArgvInput), Object(Symfony\Component\Console\Output\ConsoleOutput))
#25 C:\xampp\htdocs\lumen_projects\WealthSmithApi\vendor\symfony\console\Application.php(149): Symfony\Component\Console\Application->doRun(Object(Symfony\Component\Console\Input\ArgvInput), Object(Symfony\Component\Console\Output\ConsoleOutput))
#26 C:\xampp\htdocs\lumen_projects\WealthSmithApi\vendor\illuminate\console\Application.php(90): Symfony\Component\Console\Application->run(Object(Symfony\Component\Console\Input\ArgvInput), Object(Symfony\Component\Console\Output\ConsoleOutput))
#27 C:\xampp\htdocs\lumen_projects\WealthSmithApi\vendor\laravel\lumen-framework\src\Console\Kernel.php(115): Illuminate\Console\Application->run(Object(Symfony\Component\Console\Input\ArgvInput), Object(Symfony\Component\Console\Output\ConsoleOutput))
#28 C:\xampp\htdocs\lumen_projects\WealthSmithApi\artisan(35): Laravel\Lumen\Console\Kernel->handle(Object(Symfony\Component\Console\Input\ArgvInput), Object(Symfony\Component\Console\Output\ConsoleOutput))
#29 {main}

Next Illuminate\Database\QueryException: SQLSTATE[42S21]: Column already exists: 1060 Duplicate column name 'url_of_id' (SQL: create table `users` (`id` bigint unsigned not null auto_increment primary key, `name` varchar(255) not null, `email` varchar(255) not null, `account_no` varchar(255) not null, `image` varchar(255) not null, `provider` varchar(255) not null, `provider_id` varchar(255) not null, `password` varchar(255) null, `phone_number` varchar(255) null, `dob` varchar(255) null, `address` varchar(255) null, `bvn` varchar(255) null, `type_of_id` varchar(255) null, `url_of_id` varchar(255) null, `type_of_add` varchar(255) null, `url_of_id` varchar(255) null, `remember_token` varchar(100) null, `created_at` timestamp null, `updated_at` timestamp null) default character set utf8mb4 collate 'utf8mb4_unicode_ci') in C:\xampp\htdocs\lumen_projects\WealthSmithApi\vendor\illuminate\database\Connection.php:664
Stack trace:
#0 C:\xampp\htdocs\lumen_projects\WealthSmithApi\vendor\illuminate\database\Connection.php(624): Illuminate\Database\Connection->runQueryCallback('create table `u...', Array, Object(Closure))
#1 C:\xampp\htdocs\lumen_projects\WealthSmithApi\vendor\illuminate\database\Connection.php(459): Illuminate\Database\Connection->run('create table `u...', Array, Object(Closure))
#2 C:\xampp\htdocs\lumen_projects\WealthSmithApi\vendor\illuminate\database\Schema\Blueprint.php(97): Illuminate\Database\Connection->statement('create table `u...')
#3 C:\xampp\htdocs\lumen_projects\WealthSmithApi\vendor\illuminate\database\Schema\Builder.php(278): Illuminate\Database\Schema\Blueprint->build(Object(Illuminate\Database\MySqlConnection), Object(Illuminate\Database\Schema\Grammars\MySqlGrammar))
#4 C:\xampp\htdocs\lumen_projects\WealthSmithApi\vendor\illuminate\database\Schema\Builder.php(167): Illuminate\Database\Schema\Builder->build(Object(Illuminate\Database\Schema\Blueprint))
#5 C:\xampp\htdocs\lumen_projects\WealthSmithApi\vendor\illuminate\support\Facades\Facade.php(237): Illuminate\Database\Schema\Builder->create('users', Object(Closure))
#6 C:\xampp\htdocs\lumen_projects\WealthSmithApi\database\migrations\2019_06_28_171406_create_users_table.php(35): Illuminate\Support\Facades\Facade::__callStatic('create', Array)
#7 C:\xampp\htdocs\lumen_projects\WealthSmithApi\vendor\illuminate\database\Migrations\Migrator.php(385): CreateUsersTable->up()
#8 C:\xampp\htdocs\lumen_projects\WealthSmithApi\vendor\illuminate\database\Migrations\Migrator.php(394): Illuminate\Database\Migrations\Migrator->Illuminate\Database\Migrations\{closure}()
#9 C:\xampp\htdocs\lumen_projects\WealthSmithApi\vendor\illuminate\database\Migrations\Migrator.php(197): Illuminate\Database\Migrations\Migrator->runMigration(Object(CreateUsersTable), 'up')
#10 C:\xampp\htdocs\lumen_projects\WealthSmithApi\vendor\illuminate\database\Migrations\Migrator.php(164): Illuminate\Database\Migrations\Migrator->runUp('C:\\xampp\\htdocs...', 1, false)
#11 C:\xampp\htdocs\lumen_projects\WealthSmithApi\vendor\illuminate\database\Migrations\Migrator.php(111): Illuminate\Database\Migrations\Migrator->runPending(Array, Array)
#12 C:\xampp\htdocs\lumen_projects\WealthSmithApi\vendor\illuminate\database\Console\Migrations\MigrateCommand.php(71): Illuminate\Database\Migrations\Migrator->run(Array, Array)
#13 [internal function]: Illuminate\Database\Console\Migrations\MigrateCommand->handle()
#14 C:\xampp\htdocs\lumen_projects\WealthSmithApi\vendor\illuminate\container\BoundMethod.php(32): call_user_func_array(Array, Array)
#15 C:\xampp\htdocs\lumen_projects\WealthSmithApi\vendor\illuminate\container\BoundMethod.php(90): Illuminate\Container\BoundMethod::Illuminate\Container\{closure}()
#16 C:\xampp\htdocs\lumen_projects\WealthSmithApi\vendor\illuminate\container\BoundMethod.php(34): Illuminate\Container\BoundMethod::callBoundMethod(Object(Laravel\Lumen\Application), Array, Object(Closure))
#17 C:\xampp\htdocs\lumen_projects\WealthSmithApi\vendor\illuminate\container\Container.php(576): Illuminate\Container\BoundMethod::call(Object(Laravel\Lumen\Application), Array, Array, NULL)
#18 C:\xampp\htdocs\lumen_projects\WealthSmithApi\vendor\illuminate\console\Command.php(183): Illuminate\Container\Container->call(Array)
#19 C:\xampp\htdocs\lumen_projects\WealthSmithApi\vendor\symfony\console\Command\Command.php(255): Illuminate\Console\Command->execute(Object(Symfony\Component\Console\Input\ArgvInput), Object(Illuminate\Console\OutputStyle))
#20 C:\xampp\htdocs\lumen_projects\WealthSmithApi\vendor\illuminate\console\Command.php(170): Symfony\Component\Console\Command\Command->run(Object(Symfony\Component\Console\Input\ArgvInput), Object(Illuminate\Console\OutputStyle))
#21 C:\xampp\htdocs\lumen_projects\WealthSmithApi\vendor\symfony\console\Application.php(921): Illuminate\Console\Command->run(Object(Symfony\Component\Console\Input\ArgvInput), Object(Symfony\Component\Console\Output\ConsoleOutput))
#22 C:\xampp\htdocs\lumen_projects\WealthSmithApi\vendor\symfony\console\Application.php(273): Symfony\Component\Console\Application->doRunCommand(Object(Illuminate\Database\Console\Migrations\MigrateCommand), Object(Symfony\Component\Console\Input\ArgvInput), Object(Symfony\Component\Console\Output\ConsoleOutput))
#23 C:\xampp\htdocs\lumen_projects\WealthSmithApi\vendor\symfony\console\Application.php(149): Symfony\Component\Console\Application->doRun(Object(Symfony\Component\Console\Input\ArgvInput), Object(Symfony\Component\Console\Output\ConsoleOutput))
#24 C:\xampp\htdocs\lumen_projects\WealthSmithApi\vendor\illuminate\console\Application.php(90): Symfony\Component\Console\Application->run(Object(Symfony\Component\Console\Input\ArgvInput), Object(Symfony\Component\Console\Output\ConsoleOutput))
#25 C:\xampp\htdocs\lumen_projects\WealthSmithApi\vendor\laravel\lumen-framework\src\Console\Kernel.php(115): Illuminate\Console\Application->run(Object(Symfony\Component\Console\Input\ArgvInput), Object(Symfony\Component\Console\Output\ConsoleOutput))
#26 C:\xampp\htdocs\lumen_projects\WealthSmithApi\artisan(35): Laravel\Lumen\Console\Kernel->handle(Object(Symfony\Component\Console\Input\ArgvInput), Object(Symfony\Component\Console\Output\ConsoleOutput))
#27 {main} {"exception":"[object] (Illuminate\\Database\\QueryException(code: 42S21): SQLSTATE[42S21]: Column already exists: 1060 Duplicate column name 'url_of_id' (SQL: create table `users` (`id` bigint unsigned not null auto_increment primary key, `name` varchar(255) not null, `email` varchar(255) not null, `account_no` varchar(255) not null, `image` varchar(255) not null, `provider` varchar(255) not null, `provider_id` varchar(255) not null, `password` varchar(255) null, `phone_number` varchar(255) null, `dob` varchar(255) null, `address` varchar(255) null, `bvn` varchar(255) null, `type_of_id` varchar(255) null, `url_of_id` varchar(255) null, `type_of_add` varchar(255) null, `url_of_id` varchar(255) null, `remember_token` varchar(100) null, `created_at` timestamp null, `updated_at` timestamp null) default character set utf8mb4 collate 'utf8mb4_unicode_ci') at C:\\xampp\\htdocs\\lumen_projects\\WealthSmithApi\\vendor\\illuminate\\database\\Connection.php:664, PDOException(code: 42S21): SQLSTATE[42S21]: Column already exists: 1060 Duplicate column name 'url_of_id' at C:\\xampp\\htdocs\\lumen_projects\\WealthSmithApi\\vendor\\illuminate\\database\\Connection.php:458)
[stacktrace]
#0 C:\\xampp\\htdocs\\lumen_projects\\WealthSmithApi\\vendor\\illuminate\\database\\Connection.php(624): Illuminate\\Database\\Connection->runQueryCallback('create table `u...', Array, Object(Closure))
#1 C:\\xampp\\htdocs\\lumen_projects\\WealthSmithApi\\vendor\\illuminate\\database\\Connection.php(459): Illuminate\\Database\\Connection->run('create table `u...', Array, Object(Closure))
#2 C:\\xampp\\htdocs\\lumen_projects\\WealthSmithApi\\vendor\\illuminate\\database\\Schema\\Blueprint.php(97): Illuminate\\Database\\Connection->statement('create table `u...')
#3 C:\\xampp\\htdocs\\lumen_projects\\WealthSmithApi\\vendor\\illuminate\\database\\Schema\\Builder.php(278): Illuminate\\Database\\Schema\\Blueprint->build(Object(Illuminate\\Database\\MySqlConnection), Object(Illuminate\\Database\\Schema\\Grammars\\MySqlGrammar))
#4 C:\\xampp\\htdocs\\lumen_projects\\WealthSmithApi\\vendor\\illuminate\\database\\Schema\\Builder.php(167): Illuminate\\Database\\Schema\\Builder->build(Object(Illuminate\\Database\\Schema\\Blueprint))
#5 C:\\xampp\\htdocs\\lumen_projects\\WealthSmithApi\\vendor\\illuminate\\support\\Facades\\Facade.php(237): Illuminate\\Database\\Schema\\Builder->create('users', Object(Closure))
#6 C:\\xampp\\htdocs\\lumen_projects\\WealthSmithApi\\database\\migrations\\2019_06_28_171406_create_users_table.php(35): Illuminate\\Support\\Facades\\Facade::__callStatic('create', Array)
#7 C:\\xampp\\htdocs\\lumen_projects\\WealthSmithApi\\vendor\\illuminate\\database\\Migrations\\Migrator.php(385): CreateUsersTable->up()
#8 C:\\xampp\\htdocs\\lumen_projects\\WealthSmithApi\\vendor\\illuminate\\database\\Migrations\\Migrator.php(394): Illuminate\\Database\\Migrations\\Migrator->Illuminate\\Database\\Migrations\\{closure}()
#9 C:\\xampp\\htdocs\\lumen_projects\\WealthSmithApi\\vendor\\illuminate\\database\\Migrations\\Migrator.php(197): Illuminate\\Database\\Migrations\\Migrator->runMigration(Object(CreateUsersTable), 'up')
#10 C:\\xampp\\htdocs\\lumen_projects\\WealthSmithApi\\vendor\\illuminate\\database\\Migrations\\Migrator.php(164): Illuminate\\Database\\Migrations\\Migrator->runUp('C:\\\\xampp\\\\htdocs...', 1, false)
#11 C:\\xampp\\htdocs\\lumen_projects\\WealthSmithApi\\vendor\\illuminate\\database\\Migrations\\Migrator.php(111): Illuminate\\Database\\Migrations\\Migrator->runPending(Array, Array)
#12 C:\\xampp\\htdocs\\lumen_projects\\WealthSmithApi\\vendor\\illuminate\\database\\Console\\Migrations\\MigrateCommand.php(71): Illuminate\\Database\\Migrations\\Migrator->run(Array, Array)
#13 [internal function]: Illuminate\\Database\\Console\\Migrations\\MigrateCommand->handle()
#14 C:\\xampp\\htdocs\\lumen_projects\\WealthSmithApi\\vendor\\illuminate\\container\\BoundMethod.php(32): call_user_func_array(Array, Array)
#15 C:\\xampp\\htdocs\\lumen_projects\\WealthSmithApi\\vendor\\illuminate\\container\\BoundMethod.php(90): Illuminate\\Container\\BoundMethod::Illuminate\\Container\\{closure}()
#16 C:\\xampp\\htdocs\\lumen_projects\\WealthSmithApi\\vendor\\illuminate\\container\\BoundMethod.php(34): Illuminate\\Container\\BoundMethod::callBoundMethod(Object(Laravel\\Lumen\\Application), Array, Object(Closure))
#17 C:\\xampp\\htdocs\\lumen_projects\\WealthSmithApi\\vendor\\illuminate\\container\\Container.php(576): Illuminate\\Container\\BoundMethod::call(Object(Laravel\\Lumen\\Application), Array, Array, NULL)
#18 C:\\xampp\\htdocs\\lumen_projects\\WealthSmithApi\\vendor\\illuminate\\console\\Command.php(183): Illuminate\\Container\\Container->call(Array)
#19 C:\\xampp\\htdocs\\lumen_projects\\WealthSmithApi\\vendor\\symfony\\console\\Command\\Command.php(255): Illuminate\\Console\\Command->execute(Object(Symfony\\Component\\Console\\Input\\ArgvInput), Object(Illuminate\\Console\\OutputStyle))
#20 C:\\xampp\\htdocs\\lumen_projects\\WealthSmithApi\\vendor\\illuminate\\console\\Command.php(170): Symfony\\Component\\Console\\Command\\Command->run(Object(Symfony\\Component\\Console\\Input\\ArgvInput), Object(Illuminate\\Console\\OutputStyle))
#21 C:\\xampp\\htdocs\\lumen_projects\\WealthSmithApi\\vendor\\symfony\\console\\Application.php(921): Illuminate\\Console\\Command->run(Object(Symfony\\Component\\Console\\Input\\ArgvInput), Object(Symfony\\Component\\Console\\Output\\ConsoleOutput))
#22 C:\\xampp\\htdocs\\lumen_projects\\WealthSmithApi\\vendor\\symfony\\console\\Application.php(273): Symfony\\Component\\Console\\Application->doRunCommand(Object(Illuminate\\Database\\Console\\Migrations\\MigrateCommand), Object(Symfony\\Component\\Console\\Input\\ArgvInput), Object(Symfony\\Component\\Console\\Output\\ConsoleOutput))
#23 C:\\xampp\\htdocs\\lumen_projects\\WealthSmithApi\\vendor\\symfony\\console\\Application.php(149): Symfony\\Component\\Console\\Application->doRun(Object(Symfony\\Component\\Console\\Input\\ArgvInput), Object(Symfony\\Component\\Console\\Output\\ConsoleOutput))
#24 C:\\xampp\\htdocs\\lumen_projects\\WealthSmithApi\\vendor\\illuminate\\console\\Application.php(90): Symfony\\Component\\Console\\Application->run(Object(Symfony\\Component\\Console\\Input\\ArgvInput), Object(Symfony\\Component\\Console\\Output\\ConsoleOutput))
#25 C:\\xampp\\htdocs\\lumen_projects\\WealthSmithApi\\vendor\\laravel\\lumen-framework\\src\\Console\\Kernel.php(115): Illuminate\\Console\\Application->run(Object(Symfony\\Component\\Console\\Input\\ArgvInput), Object(Symfony\\Component\\Console\\Output\\ConsoleOutput))
#26 C:\\xampp\\htdocs\\lumen_projects\\WealthSmithApi\\artisan(35): Laravel\\Lumen\\Console\\Kernel->handle(Object(Symfony\\Component\\Console\\Input\\ArgvInput), Object(Symfony\\Component\\Console\\Output\\ConsoleOutput))
#27 {main}
"} 
[2019-07-02 17:46:08] local.ERROR: PDOException: SQLSTATE[42000]: Syntax error or access violation: 1071 Specified key was too long; max key length is 767 bytes in C:\xampp\htdocs\lumen_projects\WealthSmithApi\vendor\illuminate\database\Connection.php:458
Stack trace:
#0 C:\xampp\htdocs\lumen_projects\WealthSmithApi\vendor\illuminate\database\Connection.php(458): PDOStatement->execute()
#1 C:\xampp\htdocs\lumen_projects\WealthSmithApi\vendor\illuminate\database\Connection.php(657): Illuminate\Database\Connection->Illuminate\Database\{closure}('alter table `us...', Array)
#2 C:\xampp\htdocs\lumen_projects\WealthSmithApi\vendor\illuminate\database\Connection.php(624): Illuminate\Database\Connection->runQueryCallback('alter table `us...', Array, Object(Closure))
#3 C:\xampp\htdocs\lumen_projects\WealthSmithApi\vendor\illuminate\database\Connection.php(459): Illuminate\Database\Connection->run('alter table `us...', Array, Object(Closure))
#4 C:\xampp\htdocs\lumen_projects\WealthSmithApi\vendor\illuminate\database\Schema\Blueprint.php(97): Illuminate\Database\Connection->statement('alter table `us...')
#5 C:\xampp\htdocs\lumen_projects\WealthSmithApi\vendor\illuminate\database\Schema\Builder.php(278): Illuminate\Database\Schema\Blueprint->build(Object(Illuminate\Database\MySqlConnection), Object(Illuminate\Database\Schema\Grammars\MySqlGrammar))
#6 C:\xampp\htdocs\lumen_projects\WealthSmithApi\vendor\illuminate\database\Schema\Builder.php(167): Illuminate\Database\Schema\Builder->build(Object(Illuminate\Database\Schema\Blueprint))
#7 C:\xampp\htdocs\lumen_projects\WealthSmithApi\vendor\illuminate\support\Facades\Facade.php(237): Illuminate\Database\Schema\Builder->create('users', Object(Closure))
#8 C:\xampp\htdocs\lumen_projects\WealthSmithApi\database\migrations\2019_06_28_171406_create_users_table.php(35): Illuminate\Support\Facades\Facade::__callStatic('create', Array)
#9 C:\xampp\htdocs\lumen_projects\WealthSmithApi\vendor\illuminate\database\Migrations\Migrator.php(385): CreateUsersTable->up()
#10 C:\xampp\htdocs\lumen_projects\WealthSmithApi\vendor\illuminate\database\Migrations\Migrator.php(394): Illuminate\Database\Migrations\Migrator->Illuminate\Database\Migrations\{closure}()
#11 C:\xampp\htdocs\lumen_projects\WealthSmithApi\vendor\illuminate\database\Migrations\Migrator.php(197): Illuminate\Database\Migrations\Migrator->runMigration(Object(CreateUsersTable), 'up')
#12 C:\xampp\htdocs\lumen_projects\WealthSmithApi\vendor\illuminate\database\Migrations\Migrator.php(164): Illuminate\Database\Migrations\Migrator->runUp('C:\\xampp\\htdocs...', 1, false)
#13 C:\xampp\htdocs\lumen_projects\WealthSmithApi\vendor\illuminate\database\Migrations\Migrator.php(111): Illuminate\Database\Migrations\Migrator->runPending(Array, Array)
#14 C:\xampp\htdocs\lumen_projects\WealthSmithApi\vendor\illuminate\database\Console\Migrations\MigrateCommand.php(71): Illuminate\Database\Migrations\Migrator->run(Array, Array)
#15 [internal function]: Illuminate\Database\Console\Migrations\MigrateCommand->handle()
#16 C:\xampp\htdocs\lumen_projects\WealthSmithApi\vendor\illuminate\container\BoundMethod.php(32): call_user_func_array(Array, Array)
#17 C:\xampp\htdocs\lumen_projects\WealthSmithApi\vendor\illuminate\container\BoundMethod.php(90): Illuminate\Container\BoundMethod::Illuminate\Container\{closure}()
#18 C:\xampp\htdocs\lumen_projects\WealthSmithApi\vendor\illuminate\container\BoundMethod.php(34): Illuminate\Container\BoundMethod::callBoundMethod(Object(Laravel\Lumen\Application), Array, Object(Closure))
#19 C:\xampp\htdocs\lumen_projects\WealthSmithApi\vendor\illuminate\container\Container.php(576): Illuminate\Container\BoundMethod::call(Object(Laravel\Lumen\Application), Array, Array, NULL)
#20 C:\xampp\htdocs\lumen_projects\WealthSmithApi\vendor\illuminate\console\Command.php(183): Illuminate\Container\Container->call(Array)
#21 C:\xampp\htdocs\lumen_projects\WealthSmithApi\vendor\symfony\console\Command\Command.php(255): Illuminate\Console\Command->execute(Object(Symfony\Component\Console\Input\ArgvInput), Object(Illuminate\Console\OutputStyle))
#22 C:\xampp\htdocs\lumen_projects\WealthSmithApi\vendor\illuminate\console\Command.php(170): Symfony\Component\Console\Command\Command->run(Object(Symfony\Component\Console\Input\ArgvInput), Object(Illuminate\Console\OutputStyle))
#23 C:\xampp\htdocs\lumen_projects\WealthSmithApi\vendor\symfony\console\Application.php(921): Illuminate\Console\Command->run(Object(Symfony\Component\Console\Input\ArgvInput), Object(Symfony\Component\Console\Output\ConsoleOutput))
#24 C:\xampp\htdocs\lumen_projects\WealthSmithApi\vendor\symfony\console\Application.php(273): Symfony\Component\Console\Application->doRunCommand(Object(Illuminate\Database\Console\Migrations\MigrateCommand), Object(Symfony\Component\Console\Input\ArgvInput), Object(Symfony\Component\Console\Output\ConsoleOutput))
#25 C:\xampp\htdocs\lumen_projects\WealthSmithApi\vendor\symfony\console\Application.php(149): Symfony\Component\Console\Application->doRun(Object(Symfony\Component\Console\Input\ArgvInput), Object(Symfony\Component\Console\Output\ConsoleOutput))
#26 C:\xampp\htdocs\lumen_projects\WealthSmithApi\vendor\illuminate\console\Application.php(90): Symfony\Component\Console\Application->run(Object(Symfony\Component\Console\Input\ArgvInput), Object(Symfony\Component\Console\Output\ConsoleOutput))
#27 C:\xampp\htdocs\lumen_projects\WealthSmithApi\vendor\laravel\lumen-framework\src\Console\Kernel.php(115): Illuminate\Console\Application->run(Object(Symfony\Component\Console\Input\ArgvInput), Object(Symfony\Component\Console\Output\ConsoleOutput))
#28 C:\xampp\htdocs\lumen_projects\WealthSmithApi\artisan(35): Laravel\Lumen\Console\Kernel->handle(Object(Symfony\Component\Console\Input\ArgvInput), Object(Symfony\Component\Console\Output\ConsoleOutput))
#29 {main}

Next Illuminate\Database\QueryException: SQLSTATE[42000]: Syntax error or access violation: 1071 Specified key was too long; max key length is 767 bytes (SQL: alter table `users` add unique `users_email_unique`(`email`)) in C:\xampp\htdocs\lumen_projects\WealthSmithApi\vendor\illuminate\database\Connection.php:664
Stack trace:
#0 C:\xampp\htdocs\lumen_projects\WealthSmithApi\vendor\illuminate\database\Connection.php(624): Illuminate\Database\Connection->runQueryCallback('alter table `us...', Array, Object(Closure))
#1 C:\xampp\htdocs\lumen_projects\WealthSmithApi\vendor\illuminate\database\Connection.php(459): Illuminate\Database\Connection->run('alter table `us...', Array, Object(Closure))
#2 C:\xampp\htdocs\lumen_projects\WealthSmithApi\vendor\illuminate\database\Schema\Blueprint.php(97): Illuminate\Database\Connection->statement('alter table `us...')
#3 C:\xampp\htdocs\lumen_projects\WealthSmithApi\vendor\illuminate\database\Schema\Builder.php(278): Illuminate\Database\Schema\Blueprint->build(Object(Illuminate\Database\MySqlConnection), Object(Illuminate\Database\Schema\Grammars\MySqlGrammar))
#4 C:\xampp\htdocs\lumen_projects\WealthSmithApi\vendor\illuminate\database\Schema\Builder.php(167): Illuminate\Database\Schema\Builder->build(Object(Illuminate\Database\Schema\Blueprint))
#5 C:\xampp\htdocs\lumen_projects\WealthSmithApi\vendor\illuminate\support\Facades\Facade.php(237): Illuminate\Database\Schema\Builder->create('users', Object(Closure))
#6 C:\xampp\htdocs\lumen_projects\WealthSmithApi\database\migrations\2019_06_28_171406_create_users_table.php(35): Illuminate\Support\Facades\Facade::__callStatic('create', Array)
#7 C:\xampp\htdocs\lumen_projects\WealthSmithApi\vendor\illuminate\database\Migrations\Migrator.php(385): CreateUsersTable->up()
#8 C:\xampp\htdocs\lumen_projects\WealthSmithApi\vendor\illuminate\database\Migrations\Migrator.php(394): Illuminate\Database\Migrations\Migrator->Illuminate\Database\Migrations\{closure}()
#9 C:\xampp\htdocs\lumen_projects\WealthSmithApi\vendor\illuminate\database\Migrations\Migrator.php(197): Illuminate\Database\Migrations\Migrator->runMigration(Object(CreateUsersTable), 'up')
#10 C:\xampp\htdocs\lumen_projects\WealthSmithApi\vendor\illuminate\database\Migrations\Migrator.php(164): Illuminate\Database\Migrations\Migrator->runUp('C:\\xampp\\htdocs...', 1, false)
#11 C:\xampp\htdocs\lumen_projects\WealthSmithApi\vendor\illuminate\database\Migrations\Migrator.php(111): Illuminate\Database\Migrations\Migrator->runPending(Array, Array)
#12 C:\xampp\htdocs\lumen_projects\WealthSmithApi\vendor\illuminate\database\Console\Migrations\MigrateCommand.php(71): Illuminate\Database\Migrations\Migrator->run(Array, Array)
#13 [internal function]: Illuminate\Database\Console\Migrations\MigrateCommand->handle()
#14 C:\xampp\htdocs\lumen_projects\WealthSmithApi\vendor\illuminate\container\BoundMethod.php(32): call_user_func_array(Array, Array)
#15 C:\xampp\htdocs\lumen_projects\WealthSmithApi\vendor\illuminate\container\BoundMethod.php(90): Illuminate\Container\BoundMethod::Illuminate\Container\{closure}()
#16 C:\xampp\htdocs\lumen_projects\WealthSmithApi\vendor\illuminate\container\BoundMethod.php(34): Illuminate\Container\BoundMethod::callBoundMethod(Object(Laravel\Lumen\Application), Array, Object(Closure))
#17 C:\xampp\htdocs\lumen_projects\WealthSmithApi\vendor\illuminate\container\Container.php(576): Illuminate\Container\BoundMethod::call(Object(Laravel\Lumen\Application), Array, Array, NULL)
#18 C:\xampp\htdocs\lumen_projects\WealthSmithApi\vendor\illuminate\console\Command.php(183): Illuminate\Container\Container->call(Array)
#19 C:\xampp\htdocs\lumen_projects\WealthSmithApi\vendor\symfony\console\Command\Command.php(255): Illuminate\Console\Command->execute(Object(Symfony\Component\Console\Input\ArgvInput), Object(Illuminate\Console\OutputStyle))
#20 C:\xampp\htdocs\lumen_projects\WealthSmithApi\vendor\illuminate\console\Command.php(170): Symfony\Component\Console\Command\Command->run(Object(Symfony\Component\Console\Input\ArgvInput), Object(Illuminate\Console\OutputStyle))
#21 C:\xampp\htdocs\lumen_projects\WealthSmithApi\vendor\symfony\console\Application.php(921): Illuminate\Console\Command->run(Object(Symfony\Component\Console\Input\ArgvInput), Object(Symfony\Component\Console\Output\ConsoleOutput))
#22 C:\xampp\htdocs\lumen_projects\WealthSmithApi\vendor\symfony\console\Application.php(273): Symfony\Component\Console\Application->doRunCommand(Object(Illuminate\Database\Console\Migrations\MigrateCommand), Object(Symfony\Component\Console\Input\ArgvInput), Object(Symfony\Component\Console\Output\ConsoleOutput))
#23 C:\xampp\htdocs\lumen_projects\WealthSmithApi\vendor\symfony\console\Application.php(149): Symfony\Component\Console\Application->doRun(Object(Symfony\Component\Console\Input\ArgvInput), Object(Symfony\Component\Console\Output\ConsoleOutput))
#24 C:\xampp\htdocs\lumen_projects\WealthSmithApi\vendor\illuminate\console\Application.php(90): Symfony\Component\Console\Application->run(Object(Symfony\Component\Console\Input\ArgvInput), Object(Symfony\Component\Console\Output\ConsoleOutput))
#25 C:\xampp\htdocs\lumen_projects\WealthSmithApi\vendor\laravel\lumen-framework\src\Console\Kernel.php(115): Illuminate\Console\Application->run(Object(Symfony\Component\Console\Input\ArgvInput), Object(Symfony\Component\Console\Output\ConsoleOutput))
#26 C:\xampp\htdocs\lumen_projects\WealthSmithApi\artisan(35): Laravel\Lumen\Console\Kernel->handle(Object(Symfony\Component\Console\Input\ArgvInput), Object(Symfony\Component\Console\Output\ConsoleOutput))
#27 {main} {"exception":"[object] (Illuminate\\Database\\QueryException(code: 42000): SQLSTATE[42000]: Syntax error or access violation: 1071 Specified key was too long; max key length is 767 bytes (SQL: alter table `users` add unique `users_email_unique`(`email`)) at C:\\xampp\\htdocs\\lumen_projects\\WealthSmithApi\\vendor\\illuminate\\database\\Connection.php:664, PDOException(code: 42000): SQLSTATE[42000]: Syntax error or access violation: 1071 Specified key was too long; max key length is 767 bytes at C:\\xampp\\htdocs\\lumen_projects\\WealthSmithApi\\vendor\\illuminate\\database\\Connection.php:458)
[stacktrace]
#0 C:\\xampp\\htdocs\\lumen_projects\\WealthSmithApi\\vendor\\illuminate\\database\\Connection.php(624): Illuminate\\Database\\Connection->runQueryCallback('alter table `us...', Array, Object(Closure))
#1 C:\\xampp\\htdocs\\lumen_projects\\WealthSmithApi\\vendor\\illuminate\\database\\Connection.php(459): Illuminate\\Database\\Connection->run('alter table `us...', Array, Object(Closure))
#2 C:\\xampp\\htdocs\\lumen_projects\\WealthSmithApi\\vendor\\illuminate\\database\\Schema\\Blueprint.php(97): Illuminate\\Database\\Connection->statement('alter table `us...')
#3 C:\\xampp\\htdocs\\lumen_projects\\WealthSmithApi\\vendor\\illuminate\\database\\Schema\\Builder.php(278): Illuminate\\Database\\Schema\\Blueprint->build(Object(Illuminate\\Database\\MySqlConnection), Object(Illuminate\\Database\\Schema\\Grammars\\MySqlGrammar))
#4 C:\\xampp\\htdocs\\lumen_projects\\WealthSmithApi\\vendor\\illuminate\\database\\Schema\\Builder.php(167): Illuminate\\Database\\Schema\\Builder->build(Object(Illuminate\\Database\\Schema\\Blueprint))
#5 C:\\xampp\\htdocs\\lumen_projects\\WealthSmithApi\\vendor\\illuminate\\support\\Facades\\Facade.php(237): Illuminate\\Database\\Schema\\Builder->create('users', Object(Closure))
#6 C:\\xampp\\htdocs\\lumen_projects\\WealthSmithApi\\database\\migrations\\2019_06_28_171406_create_users_table.php(35): Illuminate\\Support\\Facades\\Facade::__callStatic('create', Array)
#7 C:\\xampp\\htdocs\\lumen_projects\\WealthSmithApi\\vendor\\illuminate\\database\\Migrations\\Migrator.php(385): CreateUsersTable->up()
#8 C:\\xampp\\htdocs\\lumen_projects\\WealthSmithApi\\vendor\\illuminate\\database\\Migrations\\Migrator.php(394): Illuminate\\Database\\Migrations\\Migrator->Illuminate\\Database\\Migrations\\{closure}()
#9 C:\\xampp\\htdocs\\lumen_projects\\WealthSmithApi\\vendor\\illuminate\\database\\Migrations\\Migrator.php(197): Illuminate\\Database\\Migrations\\Migrator->runMigration(Object(CreateUsersTable), 'up')
#10 C:\\xampp\\htdocs\\lumen_projects\\WealthSmithApi\\vendor\\illuminate\\database\\Migrations\\Migrator.php(164): Illuminate\\Database\\Migrations\\Migrator->runUp('C:\\\\xampp\\\\htdocs...', 1, false)
#11 C:\\xampp\\htdocs\\lumen_projects\\WealthSmithApi\\vendor\\illuminate\\database\\Migrations\\Migrator.php(111): Illuminate\\Database\\Migrations\\Migrator->runPending(Array, Array)
#12 C:\\xampp\\htdocs\\lumen_projects\\WealthSmithApi\\vendor\\illuminate\\database\\Console\\Migrations\\MigrateCommand.php(71): Illuminate\\Database\\Migrations\\Migrator->run(Array, Array)
#13 [internal function]: Illuminate\\Database\\Console\\Migrations\\MigrateCommand->handle()
#14 C:\\xampp\\htdocs\\lumen_projects\\WealthSmithApi\\vendor\\illuminate\\container\\BoundMethod.php(32): call_user_func_array(Array, Array)
#15 C:\\xampp\\htdocs\\lumen_projects\\WealthSmithApi\\vendor\\illuminate\\container\\BoundMethod.php(90): Illuminate\\Container\\BoundMethod::Illuminate\\Container\\{closure}()
#16 C:\\xampp\\htdocs\\lumen_projects\\WealthSmithApi\\vendor\\illuminate\\container\\BoundMethod.php(34): Illuminate\\Container\\BoundMethod::callBoundMethod(Object(Laravel\\Lumen\\Application), Array, Object(Closure))
#17 C:\\xampp\\htdocs\\lumen_projects\\WealthSmithApi\\vendor\\illuminate\\container\\Container.php(576): Illuminate\\Container\\BoundMethod::call(Object(Laravel\\Lumen\\Application), Array, Array, NULL)
#18 C:\\xampp\\htdocs\\lumen_projects\\WealthSmithApi\\vendor\\illuminate\\console\\Command.php(183): Illuminate\\Container\\Container->call(Array)
#19 C:\\xampp\\htdocs\\lumen_projects\\WealthSmithApi\\vendor\\symfony\\console\\Command\\Command.php(255): Illuminate\\Console\\Command->execute(Object(Symfony\\Component\\Console\\Input\\ArgvInput), Object(Illuminate\\Console\\OutputStyle))
#20 C:\\xampp\\htdocs\\lumen_projects\\WealthSmithApi\\vendor\\illuminate\\console\\Command.php(170): Symfony\\Component\\Console\\Command\\Command->run(Object(Symfony\\Component\\Console\\Input\\ArgvInput), Object(Illuminate\\Console\\OutputStyle))
#21 C:\\xampp\\htdocs\\lumen_projects\\WealthSmithApi\\vendor\\symfony\\console\\Application.php(921): Illuminate\\Console\\Command->run(Object(Symfony\\Component\\Console\\Input\\ArgvInput), Object(Symfony\\Component\\Console\\Output\\ConsoleOutput))
#22 C:\\xampp\\htdocs\\lumen_projects\\WealthSmithApi\\vendor\\symfony\\console\\Application.php(273): Symfony\\Component\\Console\\Application->doRunCommand(Object(Illuminate\\Database\\Console\\Migrations\\MigrateCommand), Object(Symfony\\Component\\Console\\Input\\ArgvInput), Object(Symfony\\Component\\Console\\Output\\ConsoleOutput))
#23 C:\\xampp\\htdocs\\lumen_projects\\WealthSmithApi\\vendor\\symfony\\console\\Application.php(149): Symfony\\Component\\Console\\Application->doRun(Object(Symfony\\Component\\Console\\Input\\ArgvInput), Object(Symfony\\Component\\Console\\Output\\ConsoleOutput))
#24 C:\\xampp\\htdocs\\lumen_projects\\WealthSmithApi\\vendor\\illuminate\\console\\Application.php(90): Symfony\\Component\\Console\\Application->run(Object(Symfony\\Component\\Console\\Input\\ArgvInput), Object(Symfony\\Component\\Console\\Output\\ConsoleOutput))
#25 C:\\xampp\\htdocs\\lumen_projects\\WealthSmithApi\\vendor\\laravel\\lumen-framework\\src\\Console\\Kernel.php(115): Illuminate\\Console\\Application->run(Object(Symfony\\Component\\Console\\Input\\ArgvInput), Object(Symfony\\Component\\Console\\Output\\ConsoleOutput))
#26 C:\\xampp\\htdocs\\lumen_projects\\WealthSmithApi\\artisan(35): Laravel\\Lumen\\Console\\Kernel->handle(Object(Symfony\\Component\\Console\\Input\\ArgvInput), Object(Symfony\\Component\\Console\\Output\\ConsoleOutput))
#27 {main}
"} 
[2019-07-02 17:49:37] local.ERROR: PDOException: SQLSTATE[42S01]: Base table or view already exists: 1050 Table 'users' already exists in C:\xampp\htdocs\lumen_projects\WealthSmithApi\vendor\illuminate\database\Connection.php:458
Stack trace:
#0 C:\xampp\htdocs\lumen_projects\WealthSmithApi\vendor\illuminate\database\Connection.php(458): PDOStatement->execute()
#1 C:\xampp\htdocs\lumen_projects\WealthSmithApi\vendor\illuminate\database\Connection.php(657): Illuminate\Database\Connection->Illuminate\Database\{closure}('create table `u...', Array)
#2 C:\xampp\htdocs\lumen_projects\WealthSmithApi\vendor\illuminate\database\Connection.php(624): Illuminate\Database\Connection->runQueryCallback('create table `u...', Array, Object(Closure))
#3 C:\xampp\htdocs\lumen_projects\WealthSmithApi\vendor\illuminate\database\Connection.php(459): Illuminate\Database\Connection->run('create table `u...', Array, Object(Closure))
#4 C:\xampp\htdocs\lumen_projects\WealthSmithApi\vendor\illuminate\database\Schema\Blueprint.php(97): Illuminate\Database\Connection->statement('create table `u...')
#5 C:\xampp\htdocs\lumen_projects\WealthSmithApi\vendor\illuminate\database\Schema\Builder.php(278): Illuminate\Database\Schema\Blueprint->build(Object(Illuminate\Database\MySqlConnection), Object(Illuminate\Database\Schema\Grammars\MySqlGrammar))
#6 C:\xampp\htdocs\lumen_projects\WealthSmithApi\vendor\illuminate\database\Schema\Builder.php(167): Illuminate\Database\Schema\Builder->build(Object(Illuminate\Database\Schema\Blueprint))
#7 C:\xampp\htdocs\lumen_projects\WealthSmithApi\vendor\illuminate\support\Facades\Facade.php(237): Illuminate\Database\Schema\Builder->create('users', Object(Closure))
#8 C:\xampp\htdocs\lumen_projects\WealthSmithApi\database\migrations\2019_06_28_171406_create_users_table.php(35): Illuminate\Support\Facades\Facade::__callStatic('create', Array)
#9 C:\xampp\htdocs\lumen_projects\WealthSmithApi\vendor\illuminate\database\Migrations\Migrator.php(385): CreateUsersTable->up()
#10 C:\xampp\htdocs\lumen_projects\WealthSmithApi\vendor\illuminate\database\Migrations\Migrator.php(394): Illuminate\Database\Migrations\Migrator->Illuminate\Database\Migrations\{closure}()
#11 C:\xampp\htdocs\lumen_projects\WealthSmithApi\vendor\illuminate\database\Migrations\Migrator.php(197): Illuminate\Database\Migrations\Migrator->runMigration(Object(CreateUsersTable), 'up')
#12 C:\xampp\htdocs\lumen_projects\WealthSmithApi\vendor\illuminate\database\Migrations\Migrator.php(164): Illuminate\Database\Migrations\Migrator->runUp('C:\\xampp\\htdocs...', 1, false)
#13 C:\xampp\htdocs\lumen_projects\WealthSmithApi\vendor\illuminate\database\Migrations\Migrator.php(111): Illuminate\Database\Migrations\Migrator->runPending(Array, Array)
#14 C:\xampp\htdocs\lumen_projects\WealthSmithApi\vendor\illuminate\database\Console\Migrations\MigrateCommand.php(71): Illuminate\Database\Migrations\Migrator->run(Array, Array)
#15 [internal function]: Illuminate\Database\Console\Migrations\MigrateCommand->handle()
#16 C:\xampp\htdocs\lumen_projects\WealthSmithApi\vendor\illuminate\container\BoundMethod.php(32): call_user_func_array(Array, Array)
#17 C:\xampp\htdocs\lumen_projects\WealthSmithApi\vendor\illuminate\container\BoundMethod.php(90): Illuminate\Container\BoundMethod::Illuminate\Container\{closure}()
#18 C:\xampp\htdocs\lumen_projects\WealthSmithApi\vendor\illuminate\container\BoundMethod.php(34): Illuminate\Container\BoundMethod::callBoundMethod(Object(Laravel\Lumen\Application), Array, Object(Closure))
#19 C:\xampp\htdocs\lumen_projects\WealthSmithApi\vendor\illuminate\container\Container.php(576): Illuminate\Container\BoundMethod::call(Object(Laravel\Lumen\Application), Array, Array, NULL)
#20 C:\xampp\htdocs\lumen_projects\WealthSmithApi\vendor\illuminate\console\Command.php(183): Illuminate\Container\Container->call(Array)
#21 C:\xampp\htdocs\lumen_projects\WealthSmithApi\vendor\symfony\console\Command\Command.php(255): Illuminate\Console\Command->execute(Object(Symfony\Component\Console\Input\ArgvInput), Object(Illuminate\Console\OutputStyle))
#22 C:\xampp\htdocs\lumen_projects\WealthSmithApi\vendor\illuminate\console\Command.php(170): Symfony\Component\Console\Command\Command->run(Object(Symfony\Component\Console\Input\ArgvInput), Object(Illuminate\Console\OutputStyle))
#23 C:\xampp\htdocs\lumen_projects\WealthSmithApi\vendor\symfony\console\Application.php(921): Illuminate\Console\Command->run(Object(Symfony\Component\Console\Input\ArgvInput), Object(Symfony\Component\Console\Output\ConsoleOutput))
#24 C:\xampp\htdocs\lumen_projects\WealthSmithApi\vendor\symfony\console\Application.php(273): Symfony\Component\Console\Application->doRunCommand(Object(Illuminate\Database\Console\Migrations\MigrateCommand), Object(Symfony\Component\Console\Input\ArgvInput), Object(Symfony\Component\Console\Output\ConsoleOutput))
#25 C:\xampp\htdocs\lumen_projects\WealthSmithApi\vendor\symfony\console\Application.php(149): Symfony\Component\Console\Application->doRun(Object(Symfony\Component\Console\Input\ArgvInput), Object(Symfony\Component\Console\Output\ConsoleOutput))
#26 C:\xampp\htdocs\lumen_projects\WealthSmithApi\vendor\illuminate\console\Application.php(90): Symfony\Component\Console\Application->run(Object(Symfony\Component\Console\Input\ArgvInput), Object(Symfony\Component\Console\Output\ConsoleOutput))
#27 C:\xampp\htdocs\lumen_projects\WealthSmithApi\vendor\laravel\lumen-framework\src\Console\Kernel.php(115): Illuminate\Console\Application->run(Object(Symfony\Component\Console\Input\ArgvInput), Object(Symfony\Component\Console\Output\ConsoleOutput))
#28 C:\xampp\htdocs\lumen_projects\WealthSmithApi\artisan(35): Laravel\Lumen\Console\Kernel->handle(Object(Symfony\Component\Console\Input\ArgvInput), Object(Symfony\Component\Console\Output\ConsoleOutput))
#29 {main}

Next Illuminate\Database\QueryException: SQLSTATE[42S01]: Base table or view already exists: 1050 Table 'users' already exists (SQL: create table `users` (`id` bigint unsigned not null auto_increment primary key, `name` varchar(255) not null, `email` varchar(255) not null, `account_no` varchar(255) not null, `image` varchar(255) not null, `provider` varchar(255) not null, `provider_id` varchar(255) not null, `password` varchar(255) null, `phone_number` varchar(255) null, `dob` varchar(255) null, `address` varchar(255) null, `bvn` varchar(255) null, `type_of_id` varchar(255) null, `url_of_id` varchar(255) null, `type_of_add` varchar(255) null, `url_of_add` varchar(255) null, `remember_token` varchar(100) null, `created_at` timestamp null, `updated_at` timestamp null) default character set utf8mb4 collate 'utf8mb4_unicode_ci') in C:\xampp\htdocs\lumen_projects\WealthSmithApi\vendor\illuminate\database\Connection.php:664
Stack trace:
#0 C:\xampp\htdocs\lumen_projects\WealthSmithApi\vendor\illuminate\database\Connection.php(624): Illuminate\Database\Connection->runQueryCallback('create table `u...', Array, Object(Closure))
#1 C:\xampp\htdocs\lumen_projects\WealthSmithApi\vendor\illuminate\database\Connection.php(459): Illuminate\Database\Connection->run('create table `u...', Array, Object(Closure))
#2 C:\xampp\htdocs\lumen_projects\WealthSmithApi\vendor\illuminate\database\Schema\Blueprint.php(97): Illuminate\Database\Connection->statement('create table `u...')
#3 C:\xampp\htdocs\lumen_projects\WealthSmithApi\vendor\illuminate\database\Schema\Builder.php(278): Illuminate\Database\Schema\Blueprint->build(Object(Illuminate\Database\MySqlConnection), Object(Illuminate\Database\Schema\Grammars\MySqlGrammar))
#4 C:\xampp\htdocs\lumen_projects\WealthSmithApi\vendor\illuminate\database\Schema\Builder.php(167): Illuminate\Database\Schema\Builder->build(Object(Illuminate\Database\Schema\Blueprint))
#5 C:\xampp\htdocs\lumen_projects\WealthSmithApi\vendor\illuminate\support\Facades\Facade.php(237): Illuminate\Database\Schema\Builder->create('users', Object(Closure))
#6 C:\xampp\htdocs\lumen_projects\WealthSmithApi\database\migrations\2019_06_28_171406_create_users_table.php(35): Illuminate\Support\Facades\Facade::__callStatic('create', Array)
#7 C:\xampp\htdocs\lumen_projects\WealthSmithApi\vendor\illuminate\database\Migrations\Migrator.php(385): CreateUsersTable->up()
#8 C:\xampp\htdocs\lumen_projects\WealthSmithApi\vendor\illuminate\database\Migrations\Migrator.php(394): Illuminate\Database\Migrations\Migrator->Illuminate\Database\Migrations\{closure}()
#9 C:\xampp\htdocs\lumen_projects\WealthSmithApi\vendor\illuminate\database\Migrations\Migrator.php(197): Illuminate\Database\Migrations\Migrator->runMigration(Object(CreateUsersTable), 'up')
#10 C:\xampp\htdocs\lumen_projects\WealthSmithApi\vendor\illuminate\database\Migrations\Migrator.php(164): Illuminate\Database\Migrations\Migrator->runUp('C:\\xampp\\htdocs...', 1, false)
#11 C:\xampp\htdocs\lumen_projects\WealthSmithApi\vendor\illuminate\database\Migrations\Migrator.php(111): Illuminate\Database\Migrations\Migrator->runPending(Array, Array)
#12 C:\xampp\htdocs\lumen_projects\WealthSmithApi\vendor\illuminate\database\Console\Migrations\MigrateCommand.php(71): Illuminate\Database\Migrations\Migrator->run(Array, Array)
#13 [internal function]: Illuminate\Database\Console\Migrations\MigrateCommand->handle()
#14 C:\xampp\htdocs\lumen_projects\WealthSmithApi\vendor\illuminate\container\BoundMethod.php(32): call_user_func_array(Array, Array)
#15 C:\xampp\htdocs\lumen_projects\WealthSmithApi\vendor\illuminate\container\BoundMethod.php(90): Illuminate\Container\BoundMethod::Illuminate\Container\{closure}()
#16 C:\xampp\htdocs\lumen_projects\WealthSmithApi\vendor\illuminate\container\BoundMethod.php(34): Illuminate\Container\BoundMethod::callBoundMethod(Object(Laravel\Lumen\Application), Array, Object(Closure))
#17 C:\xampp\htdocs\lumen_projects\WealthSmithApi\vendor\illuminate\container\Container.php(576): Illuminate\Container\BoundMethod::call(Object(Laravel\Lumen\Application), Array, Array, NULL)
#18 C:\xampp\htdocs\lumen_projects\WealthSmithApi\vendor\illuminate\console\Command.php(183): Illuminate\Container\Container->call(Array)
#19 C:\xampp\htdocs\lumen_projects\WealthSmithApi\vendor\symfony\console\Command\Command.php(255): Illuminate\Console\Command->execute(Object(Symfony\Component\Console\Input\ArgvInput), Object(Illuminate\Console\OutputStyle))
#20 C:\xampp\htdocs\lumen_projects\WealthSmithApi\vendor\illuminate\console\Command.php(170): Symfony\Component\Console\Command\Command->run(Object(Symfony\Component\Console\Input\ArgvInput), Object(Illuminate\Console\OutputStyle))
#21 C:\xampp\htdocs\lumen_projects\WealthSmithApi\vendor\symfony\console\Application.php(921): Illuminate\Console\Command->run(Object(Symfony\Component\Console\Input\ArgvInput), Object(Symfony\Component\Console\Output\ConsoleOutput))
#22 C:\xampp\htdocs\lumen_projects\WealthSmithApi\vendor\symfony\console\Application.php(273): Symfony\Component\Console\Application->doRunCommand(Object(Illuminate\Database\Console\Migrations\MigrateCommand), Object(Symfony\Component\Console\Input\ArgvInput), Object(Symfony\Component\Console\Output\ConsoleOutput))
#23 C:\xampp\htdocs\lumen_projects\WealthSmithApi\vendor\symfony\console\Application.php(149): Symfony\Component\Console\Application->doRun(Object(Symfony\Component\Console\Input\ArgvInput), Object(Symfony\Component\Console\Output\ConsoleOutput))
#24 C:\xampp\htdocs\lumen_projects\WealthSmithApi\vendor\illuminate\console\Application.php(90): Symfony\Component\Console\Application->run(Object(Symfony\Component\Console\Input\ArgvInput), Object(Symfony\Component\Console\Output\ConsoleOutput))
#25 C:\xampp\htdocs\lumen_projects\WealthSmithApi\vendor\laravel\lumen-framework\src\Console\Kernel.php(115): Illuminate\Console\Application->run(Object(Symfony\Component\Console\Input\ArgvInput), Object(Symfony\Component\Console\Output\ConsoleOutput))
#26 C:\xampp\htdocs\lumen_projects\WealthSmithApi\artisan(35): Laravel\Lumen\Console\Kernel->handle(Object(Symfony\Component\Console\Input\ArgvInput), Object(Symfony\Component\Console\Output\ConsoleOutput))
#27 {main} {"exception":"[object] (Illuminate\\Database\\QueryException(code: 42S01): SQLSTATE[42S01]: Base table or view already exists: 1050 Table 'users' already exists (SQL: create table `users` (`id` bigint unsigned not null auto_increment primary key, `name` varchar(255) not null, `email` varchar(255) not null, `account_no` varchar(255) not null, `image` varchar(255) not null, `provider` varchar(255) not null, `provider_id` varchar(255) not null, `password` varchar(255) null, `phone_number` varchar(255) null, `dob` varchar(255) null, `address` varchar(255) null, `bvn` varchar(255) null, `type_of_id` varchar(255) null, `url_of_id` varchar(255) null, `type_of_add` varchar(255) null, `url_of_add` varchar(255) null, `remember_token` varchar(100) null, `created_at` timestamp null, `updated_at` timestamp null) default character set utf8mb4 collate 'utf8mb4_unicode_ci') at C:\\xampp\\htdocs\\lumen_projects\\WealthSmithApi\\vendor\\illuminate\\database\\Connection.php:664, PDOException(code: 42S01): SQLSTATE[42S01]: Base table or view already exists: 1050 Table 'users' already exists at C:\\xampp\\htdocs\\lumen_projects\\WealthSmithApi\\vendor\\illuminate\\database\\Connection.php:458)
[stacktrace]
#0 C:\\xampp\\htdocs\\lumen_projects\\WealthSmithApi\\vendor\\illuminate\\database\\Connection.php(624): Illuminate\\Database\\Connection->runQueryCallback('create table `u...', Array, Object(Closure))
#1 C:\\xampp\\htdocs\\lumen_projects\\WealthSmithApi\\vendor\\illuminate\\database\\Connection.php(459): Illuminate\\Database\\Connection->run('create table `u...', Array, Object(Closure))
#2 C:\\xampp\\htdocs\\lumen_projects\\WealthSmithApi\\vendor\\illuminate\\database\\Schema\\Blueprint.php(97): Illuminate\\Database\\Connection->statement('create table `u...')
#3 C:\\xampp\\htdocs\\lumen_projects\\WealthSmithApi\\vendor\\illuminate\\database\\Schema\\Builder.php(278): Illuminate\\Database\\Schema\\Blueprint->build(Object(Illuminate\\Database\\MySqlConnection), Object(Illuminate\\Database\\Schema\\Grammars\\MySqlGrammar))
#4 C:\\xampp\\htdocs\\lumen_projects\\WealthSmithApi\\vendor\\illuminate\\database\\Schema\\Builder.php(167): Illuminate\\Database\\Schema\\Builder->build(Object(Illuminate\\Database\\Schema\\Blueprint))
#5 C:\\xampp\\htdocs\\lumen_projects\\WealthSmithApi\\vendor\\illuminate\\support\\Facades\\Facade.php(237): Illuminate\\Database\\Schema\\Builder->create('users', Object(Closure))
#6 C:\\xampp\\htdocs\\lumen_projects\\WealthSmithApi\\database\\migrations\\2019_06_28_171406_create_users_table.php(35): Illuminate\\Support\\Facades\\Facade::__callStatic('create', Array)
#7 C:\\xampp\\htdocs\\lumen_projects\\WealthSmithApi\\vendor\\illuminate\\database\\Migrations\\Migrator.php(385): CreateUsersTable->up()
#8 C:\\xampp\\htdocs\\lumen_projects\\WealthSmithApi\\vendor\\illuminate\\database\\Migrations\\Migrator.php(394): Illuminate\\Database\\Migrations\\Migrator->Illuminate\\Database\\Migrations\\{closure}()
#9 C:\\xampp\\htdocs\\lumen_projects\\WealthSmithApi\\vendor\\illuminate\\database\\Migrations\\Migrator.php(197): Illuminate\\Database\\Migrations\\Migrator->runMigration(Object(CreateUsersTable), 'up')
#10 C:\\xampp\\htdocs\\lumen_projects\\WealthSmithApi\\vendor\\illuminate\\database\\Migrations\\Migrator.php(164): Illuminate\\Database\\Migrations\\Migrator->runUp('C:\\\\xampp\\\\htdocs...', 1, false)
#11 C:\\xampp\\htdocs\\lumen_projects\\WealthSmithApi\\vendor\\illuminate\\database\\Migrations\\Migrator.php(111): Illuminate\\Database\\Migrations\\Migrator->runPending(Array, Array)
#12 C:\\xampp\\htdocs\\lumen_projects\\WealthSmithApi\\vendor\\illuminate\\database\\Console\\Migrations\\MigrateCommand.php(71): Illuminate\\Database\\Migrations\\Migrator->run(Array, Array)
#13 [internal function]: Illuminate\\Database\\Console\\Migrations\\MigrateCommand->handle()
#14 C:\\xampp\\htdocs\\lumen_projects\\WealthSmithApi\\vendor\\illuminate\\container\\BoundMethod.php(32): call_user_func_array(Array, Array)
#15 C:\\xampp\\htdocs\\lumen_projects\\WealthSmithApi\\vendor\\illuminate\\container\\BoundMethod.php(90): Illuminate\\Container\\BoundMethod::Illuminate\\Container\\{closure}()
#16 C:\\xampp\\htdocs\\lumen_projects\\WealthSmithApi\\vendor\\illuminate\\container\\BoundMethod.php(34): Illuminate\\Container\\BoundMethod::callBoundMethod(Object(Laravel\\Lumen\\Application), Array, Object(Closure))
#17 C:\\xampp\\htdocs\\lumen_projects\\WealthSmithApi\\vendor\\illuminate\\container\\Container.php(576): Illuminate\\Container\\BoundMethod::call(Object(Laravel\\Lumen\\Application), Array, Array, NULL)
#18 C:\\xampp\\htdocs\\lumen_projects\\WealthSmithApi\\vendor\\illuminate\\console\\Command.php(183): Illuminate\\Container\\Container->call(Array)
#19 C:\\xampp\\htdocs\\lumen_projects\\WealthSmithApi\\vendor\\symfony\\console\\Command\\Command.php(255): Illuminate\\Console\\Command->execute(Object(Symfony\\Component\\Console\\Input\\ArgvInput), Object(Illuminate\\Console\\OutputStyle))
#20 C:\\xampp\\htdocs\\lumen_projects\\WealthSmithApi\\vendor\\illuminate\\console\\Command.php(170): Symfony\\Component\\Console\\Command\\Command->run(Object(Symfony\\Component\\Console\\Input\\ArgvInput), Object(Illuminate\\Console\\OutputStyle))
#21 C:\\xampp\\htdocs\\lumen_projects\\WealthSmithApi\\vendor\\symfony\\console\\Application.php(921): Illuminate\\Console\\Command->run(Object(Symfony\\Component\\Console\\Input\\ArgvInput), Object(Symfony\\Component\\Console\\Output\\ConsoleOutput))
#22 C:\\xampp\\htdocs\\lumen_projects\\WealthSmithApi\\vendor\\symfony\\console\\Application.php(273): Symfony\\Component\\Console\\Application->doRunCommand(Object(Illuminate\\Database\\Console\\Migrations\\MigrateCommand), Object(Symfony\\Component\\Console\\Input\\ArgvInput), Object(Symfony\\Component\\Console\\Output\\ConsoleOutput))
#23 C:\\xampp\\htdocs\\lumen_projects\\WealthSmithApi\\vendor\\symfony\\console\\Application.php(149): Symfony\\Component\\Console\\Application->doRun(Object(Symfony\\Component\\Console\\Input\\ArgvInput), Object(Symfony\\Component\\Console\\Output\\ConsoleOutput))
#24 C:\\xampp\\htdocs\\lumen_projects\\WealthSmithApi\\vendor\\illuminate\\console\\Application.php(90): Symfony\\Component\\Console\\Application->run(Object(Symfony\\Component\\Console\\Input\\ArgvInput), Object(Symfony\\Component\\Console\\Output\\ConsoleOutput))
#25 C:\\xampp\\htdocs\\lumen_projects\\WealthSmithApi\\vendor\\laravel\\lumen-framework\\src\\Console\\Kernel.php(115): Illuminate\\Console\\Application->run(Object(Symfony\\Component\\Console\\Input\\ArgvInput), Object(Symfony\\Component\\Console\\Output\\ConsoleOutput))
#26 C:\\xampp\\htdocs\\lumen_projects\\WealthSmithApi\\artisan(35): Laravel\\Lumen\\Console\\Kernel->handle(Object(Symfony\\Component\\Console\\Input\\ArgvInput), Object(Symfony\\Component\\Console\\Output\\ConsoleOutput))
#27 {main}
"} 
[2019-07-02 17:50:43] local.ERROR: PDOException: SQLSTATE[42000]: Syntax error or access violation: 1071 Specified key was too long; max key length is 767 bytes in C:\xampp\htdocs\lumen_projects\WealthSmithApi\vendor\illuminate\database\Connection.php:458
Stack trace:
#0 C:\xampp\htdocs\lumen_projects\WealthSmithApi\vendor\illuminate\database\Connection.php(458): PDOStatement->execute()
#1 C:\xampp\htdocs\lumen_projects\WealthSmithApi\vendor\illuminate\database\Connection.php(657): Illuminate\Database\Connection->Illuminate\Database\{closure}('alter table `us...', Array)
#2 C:\xampp\htdocs\lumen_projects\WealthSmithApi\vendor\illuminate\database\Connection.php(624): Illuminate\Database\Connection->runQueryCallback('alter table `us...', Array, Object(Closure))
#3 C:\xampp\htdocs\lumen_projects\WealthSmithApi\vendor\illuminate\database\Connection.php(459): Illuminate\Database\Connection->run('alter table `us...', Array, Object(Closure))
#4 C:\xampp\htdocs\lumen_projects\WealthSmithApi\vendor\illuminate\database\Schema\Blueprint.php(97): Illuminate\Database\Connection->statement('alter table `us...')
#5 C:\xampp\htdocs\lumen_projects\WealthSmithApi\vendor\illuminate\database\Schema\Builder.php(278): Illuminate\Database\Schema\Blueprint->build(Object(Illuminate\Database\MySqlConnection), Object(Illuminate\Database\Schema\Grammars\MySqlGrammar))
#6 C:\xampp\htdocs\lumen_projects\WealthSmithApi\vendor\illuminate\database\Schema\Builder.php(167): Illuminate\Database\Schema\Builder->build(Object(Illuminate\Database\Schema\Blueprint))
#7 C:\xampp\htdocs\lumen_projects\WealthSmithApi\vendor\illuminate\support\Facades\Facade.php(237): Illuminate\Database\Schema\Builder->create('users', Object(Closure))
#8 C:\xampp\htdocs\lumen_projects\WealthSmithApi\database\migrations\2019_06_28_171406_create_users_table.php(35): Illuminate\Support\Facades\Facade::__callStatic('create', Array)
#9 C:\xampp\htdocs\lumen_projects\WealthSmithApi\vendor\illuminate\database\Migrations\Migrator.php(385): CreateUsersTable->up()
#10 C:\xampp\htdocs\lumen_projects\WealthSmithApi\vendor\illuminate\database\Migrations\Migrator.php(394): Illuminate\Database\Migrations\Migrator->Illuminate\Database\Migrations\{closure}()
#11 C:\xampp\htdocs\lumen_projects\WealthSmithApi\vendor\illuminate\database\Migrations\Migrator.php(197): Illuminate\Database\Migrations\Migrator->runMigration(Object(CreateUsersTable), 'up')
#12 C:\xampp\htdocs\lumen_projects\WealthSmithApi\vendor\illuminate\database\Migrations\Migrator.php(164): Illuminate\Database\Migrations\Migrator->runUp('C:\\xampp\\htdocs...', 1, false)
#13 C:\xampp\htdocs\lumen_projects\WealthSmithApi\vendor\illuminate\database\Migrations\Migrator.php(111): Illuminate\Database\Migrations\Migrator->runPending(Array, Array)
#14 C:\xampp\htdocs\lumen_projects\WealthSmithApi\vendor\illuminate\database\Console\Migrations\MigrateCommand.php(71): Illuminate\Database\Migrations\Migrator->run(Array, Array)
#15 [internal function]: Illuminate\Database\Console\Migrations\MigrateCommand->handle()
#16 C:\xampp\htdocs\lumen_projects\WealthSmithApi\vendor\illuminate\container\BoundMethod.php(32): call_user_func_array(Array, Array)
#17 C:\xampp\htdocs\lumen_projects\WealthSmithApi\vendor\illuminate\container\BoundMethod.php(90): Illuminate\Container\BoundMethod::Illuminate\Container\{closure}()
#18 C:\xampp\htdocs\lumen_projects\WealthSmithApi\vendor\illuminate\container\BoundMethod.php(34): Illuminate\Container\BoundMethod::callBoundMethod(Object(Laravel\Lumen\Application), Array, Object(Closure))
#19 C:\xampp\htdocs\lumen_projects\WealthSmithApi\vendor\illuminate\container\Container.php(576): Illuminate\Container\BoundMethod::call(Object(Laravel\Lumen\Application), Array, Array, NULL)
#20 C:\xampp\htdocs\lumen_projects\WealthSmithApi\vendor\illuminate\console\Command.php(183): Illuminate\Container\Container->call(Array)
#21 C:\xampp\htdocs\lumen_projects\WealthSmithApi\vendor\symfony\console\Command\Command.php(255): Illuminate\Console\Command->execute(Object(Symfony\Component\Console\Input\ArgvInput), Object(Illuminate\Console\OutputStyle))
#22 C:\xampp\htdocs\lumen_projects\WealthSmithApi\vendor\illuminate\console\Command.php(170): Symfony\Component\Console\Command\Command->run(Object(Symfony\Component\Console\Input\ArgvInput), Object(Illuminate\Console\OutputStyle))
#23 C:\xampp\htdocs\lumen_projects\WealthSmithApi\vendor\symfony\console\Application.php(921): Illuminate\Console\Command->run(Object(Symfony\Component\Console\Input\ArgvInput), Object(Symfony\Component\Console\Output\ConsoleOutput))
#24 C:\xampp\htdocs\lumen_projects\WealthSmithApi\vendor\symfony\console\Application.php(273): Symfony\Component\Console\Application->doRunCommand(Object(Illuminate\Database\Console\Migrations\MigrateCommand), Object(Symfony\Component\Console\Input\ArgvInput), Object(Symfony\Component\Console\Output\ConsoleOutput))
#25 C:\xampp\htdocs\lumen_projects\WealthSmithApi\vendor\symfony\console\Application.php(149): Symfony\Component\Console\Application->doRun(Object(Symfony\Component\Console\Input\ArgvInput), Object(Symfony\Component\Console\Output\ConsoleOutput))
#26 C:\xampp\htdocs\lumen_projects\WealthSmithApi\vendor\illuminate\console\Application.php(90): Symfony\Component\Console\Application->run(Object(Symfony\Component\Console\Input\ArgvInput), Object(Symfony\Component\Console\Output\ConsoleOutput))
#27 C:\xampp\htdocs\lumen_projects\WealthSmithApi\vendor\laravel\lumen-framework\src\Console\Kernel.php(115): Illuminate\Console\Application->run(Object(Symfony\Component\Console\Input\ArgvInput), Object(Symfony\Component\Console\Output\ConsoleOutput))
#28 C:\xampp\htdocs\lumen_projects\WealthSmithApi\artisan(35): Laravel\Lumen\Console\Kernel->handle(Object(Symfony\Component\Console\Input\ArgvInput), Object(Symfony\Component\Console\Output\ConsoleOutput))
#29 {main}

Next Illuminate\Database\QueryException: SQLSTATE[42000]: Syntax error or access violation: 1071 Specified key was too long; max key length is 767 bytes (SQL: alter table `users` add unique `users_email_unique`(`email`)) in C:\xampp\htdocs\lumen_projects\WealthSmithApi\vendor\illuminate\database\Connection.php:664
Stack trace:
#0 C:\xampp\htdocs\lumen_projects\WealthSmithApi\vendor\illuminate\database\Connection.php(624): Illuminate\Database\Connection->runQueryCallback('alter table `us...', Array, Object(Closure))
#1 C:\xampp\htdocs\lumen_projects\WealthSmithApi\vendor\illuminate\database\Connection.php(459): Illuminate\Database\Connection->run('alter table `us...', Array, Object(Closure))
#2 C:\xampp\htdocs\lumen_projects\WealthSmithApi\vendor\illuminate\database\Schema\Blueprint.php(97): Illuminate\Database\Connection->statement('alter table `us...')
#3 C:\xampp\htdocs\lumen_projects\WealthSmithApi\vendor\illuminate\database\Schema\Builder.php(278): Illuminate\Database\Schema\Blueprint->build(Object(Illuminate\Database\MySqlConnection), Object(Illuminate\Database\Schema\Grammars\MySqlGrammar))
#4 C:\xampp\htdocs\lumen_projects\WealthSmithApi\vendor\illuminate\database\Schema\Builder.php(167): Illuminate\Database\Schema\Builder->build(Object(Illuminate\Database\Schema\Blueprint))
#5 C:\xampp\htdocs\lumen_projects\WealthSmithApi\vendor\illuminate\support\Facades\Facade.php(237): Illuminate\Database\Schema\Builder->create('users', Object(Closure))
#6 C:\xampp\htdocs\lumen_projects\WealthSmithApi\database\migrations\2019_06_28_171406_create_users_table.php(35): Illuminate\Support\Facades\Facade::__callStatic('create', Array)
#7 C:\xampp\htdocs\lumen_projects\WealthSmithApi\vendor\illuminate\database\Migrations\Migrator.php(385): CreateUsersTable->up()
#8 C:\xampp\htdocs\lumen_projects\WealthSmithApi\vendor\illuminate\database\Migrations\Migrator.php(394): Illuminate\Database\Migrations\Migrator->Illuminate\Database\Migrations\{closure}()
#9 C:\xampp\htdocs\lumen_projects\WealthSmithApi\vendor\illuminate\database\Migrations\Migrator.php(197): Illuminate\Database\Migrations\Migrator->runMigration(Object(CreateUsersTable), 'up')
#10 C:\xampp\htdocs\lumen_projects\WealthSmithApi\vendor\illuminate\database\Migrations\Migrator.php(164): Illuminate\Database\Migrations\Migrator->runUp('C:\\xampp\\htdocs...', 1, false)
#11 C:\xampp\htdocs\lumen_projects\WealthSmithApi\vendor\illuminate\database\Migrations\Migrator.php(111): Illuminate\Database\Migrations\Migrator->runPending(Array, Array)
#12 C:\xampp\htdocs\lumen_projects\WealthSmithApi\vendor\illuminate\database\Console\Migrations\MigrateCommand.php(71): Illuminate\Database\Migrations\Migrator->run(Array, Array)
#13 [internal function]: Illuminate\Database\Console\Migrations\MigrateCommand->handle()
#14 C:\xampp\htdocs\lumen_projects\WealthSmithApi\vendor\illuminate\container\BoundMethod.php(32): call_user_func_array(Array, Array)
#15 C:\xampp\htdocs\lumen_projects\WealthSmithApi\vendor\illuminate\container\BoundMethod.php(90): Illuminate\Container\BoundMethod::Illuminate\Container\{closure}()
#16 C:\xampp\htdocs\lumen_projects\WealthSmithApi\vendor\illuminate\container\BoundMethod.php(34): Illuminate\Container\BoundMethod::callBoundMethod(Object(Laravel\Lumen\Application), Array, Object(Closure))
#17 C:\xampp\htdocs\lumen_projects\WealthSmithApi\vendor\illuminate\container\Container.php(576): Illuminate\Container\BoundMethod::call(Object(Laravel\Lumen\Application), Array, Array, NULL)
#18 C:\xampp\htdocs\lumen_projects\WealthSmithApi\vendor\illuminate\console\Command.php(183): Illuminate\Container\Container->call(Array)
#19 C:\xampp\htdocs\lumen_projects\WealthSmithApi\vendor\symfony\console\Command\Command.php(255): Illuminate\Console\Command->execute(Object(Symfony\Component\Console\Input\ArgvInput), Object(Illuminate\Console\OutputStyle))
#20 C:\xampp\htdocs\lumen_projects\WealthSmithApi\vendor\illuminate\console\Command.php(170): Symfony\Component\Console\Command\Command->run(Object(Symfony\Component\Console\Input\ArgvInput), Object(Illuminate\Console\OutputStyle))
#21 C:\xampp\htdocs\lumen_projects\WealthSmithApi\vendor\symfony\console\Application.php(921): Illuminate\Console\Command->run(Object(Symfony\Component\Console\Input\ArgvInput), Object(Symfony\Component\Console\Output\ConsoleOutput))
#22 C:\xampp\htdocs\lumen_projects\WealthSmithApi\vendor\symfony\console\Application.php(273): Symfony\Component\Console\Application->doRunCommand(Object(Illuminate\Database\Console\Migrations\MigrateCommand), Object(Symfony\Component\Console\Input\ArgvInput), Object(Symfony\Component\Console\Output\ConsoleOutput))
#23 C:\xampp\htdocs\lumen_projects\WealthSmithApi\vendor\symfony\console\Application.php(149): Symfony\Component\Console\Application->doRun(Object(Symfony\Component\Console\Input\ArgvInput), Object(Symfony\Component\Console\Output\ConsoleOutput))
#24 C:\xampp\htdocs\lumen_projects\WealthSmithApi\vendor\illuminate\console\Application.php(90): Symfony\Component\Console\Application->run(Object(Symfony\Component\Console\Input\ArgvInput), Object(Symfony\Component\Console\Output\ConsoleOutput))
#25 C:\xampp\htdocs\lumen_projects\WealthSmithApi\vendor\laravel\lumen-framework\src\Console\Kernel.php(115): Illuminate\Console\Application->run(Object(Symfony\Component\Console\Input\ArgvInput), Object(Symfony\Component\Console\Output\ConsoleOutput))
#26 C:\xampp\htdocs\lumen_projects\WealthSmithApi\artisan(35): Laravel\Lumen\Console\Kernel->handle(Object(Symfony\Component\Console\Input\ArgvInput), Object(Symfony\Component\Console\Output\ConsoleOutput))
#27 {main} {"exception":"[object] (Illuminate\\Database\\QueryException(code: 42000): SQLSTATE[42000]: Syntax error or access violation: 1071 Specified key was too long; max key length is 767 bytes (SQL: alter table `users` add unique `users_email_unique`(`email`)) at C:\\xampp\\htdocs\\lumen_projects\\WealthSmithApi\\vendor\\illuminate\\database\\Connection.php:664, PDOException(code: 42000): SQLSTATE[42000]: Syntax error or access violation: 1071 Specified key was too long; max key length is 767 bytes at C:\\xampp\\htdocs\\lumen_projects\\WealthSmithApi\\vendor\\illuminate\\database\\Connection.php:458)
[stacktrace]
#0 C:\\xampp\\htdocs\\lumen_projects\\WealthSmithApi\\vendor\\illuminate\\database\\Connection.php(624): Illuminate\\Database\\Connection->runQueryCallback('alter table `us...', Array, Object(Closure))
#1 C:\\xampp\\htdocs\\lumen_projects\\WealthSmithApi\\vendor\\illuminate\\database\\Connection.php(459): Illuminate\\Database\\Connection->run('alter table `us...', Array, Object(Closure))
#2 C:\\xampp\\htdocs\\lumen_projects\\WealthSmithApi\\vendor\\illuminate\\database\\Schema\\Blueprint.php(97): Illuminate\\Database\\Connection->statement('alter table `us...')
#3 C:\\xampp\\htdocs\\lumen_projects\\WealthSmithApi\\vendor\\illuminate\\database\\Schema\\Builder.php(278): Illuminate\\Database\\Schema\\Blueprint->build(Object(Illuminate\\Database\\MySqlConnection), Object(Illuminate\\Database\\Schema\\Grammars\\MySqlGrammar))
#4 C:\\xampp\\htdocs\\lumen_projects\\WealthSmithApi\\vendor\\illuminate\\database\\Schema\\Builder.php(167): Illuminate\\Database\\Schema\\Builder->build(Object(Illuminate\\Database\\Schema\\Blueprint))
#5 C:\\xampp\\htdocs\\lumen_projects\\WealthSmithApi\\vendor\\illuminate\\support\\Facades\\Facade.php(237): Illuminate\\Database\\Schema\\Builder->create('users', Object(Closure))
#6 C:\\xampp\\htdocs\\lumen_projects\\WealthSmithApi\\database\\migrations\\2019_06_28_171406_create_users_table.php(35): Illuminate\\Support\\Facades\\Facade::__callStatic('create', Array)
#7 C:\\xampp\\htdocs\\lumen_projects\\WealthSmithApi\\vendor\\illuminate\\database\\Migrations\\Migrator.php(385): CreateUsersTable->up()
#8 C:\\xampp\\htdocs\\lumen_projects\\WealthSmithApi\\vendor\\illuminate\\database\\Migrations\\Migrator.php(394): Illuminate\\Database\\Migrations\\Migrator->Illuminate\\Database\\Migrations\\{closure}()
#9 C:\\xampp\\htdocs\\lumen_projects\\WealthSmithApi\\vendor\\illuminate\\database\\Migrations\\Migrator.php(197): Illuminate\\Database\\Migrations\\Migrator->runMigration(Object(CreateUsersTable), 'up')
#10 C:\\xampp\\htdocs\\lumen_projects\\WealthSmithApi\\vendor\\illuminate\\database\\Migrations\\Migrator.php(164): Illuminate\\Database\\Migrations\\Migrator->runUp('C:\\\\xampp\\\\htdocs...', 1, false)
#11 C:\\xampp\\htdocs\\lumen_projects\\WealthSmithApi\\vendor\\illuminate\\database\\Migrations\\Migrator.php(111): Illuminate\\Database\\Migrations\\Migrator->runPending(Array, Array)
#12 C:\\xampp\\htdocs\\lumen_projects\\WealthSmithApi\\vendor\\illuminate\\database\\Console\\Migrations\\MigrateCommand.php(71): Illuminate\\Database\\Migrations\\Migrator->run(Array, Array)
#13 [internal function]: Illuminate\\Database\\Console\\Migrations\\MigrateCommand->handle()
#14 C:\\xampp\\htdocs\\lumen_projects\\WealthSmithApi\\vendor\\illuminate\\container\\BoundMethod.php(32): call_user_func_array(Array, Array)
#15 C:\\xampp\\htdocs\\lumen_projects\\WealthSmithApi\\vendor\\illuminate\\container\\BoundMethod.php(90): Illuminate\\Container\\BoundMethod::Illuminate\\Container\\{closure}()
#16 C:\\xampp\\htdocs\\lumen_projects\\WealthSmithApi\\vendor\\illuminate\\container\\BoundMethod.php(34): Illuminate\\Container\\BoundMethod::callBoundMethod(Object(Laravel\\Lumen\\Application), Array, Object(Closure))
#17 C:\\xampp\\htdocs\\lumen_projects\\WealthSmithApi\\vendor\\illuminate\\container\\Container.php(576): Illuminate\\Container\\BoundMethod::call(Object(Laravel\\Lumen\\Application), Array, Array, NULL)
#18 C:\\xampp\\htdocs\\lumen_projects\\WealthSmithApi\\vendor\\illuminate\\console\\Command.php(183): Illuminate\\Container\\Container->call(Array)
#19 C:\\xampp\\htdocs\\lumen_projects\\WealthSmithApi\\vendor\\symfony\\console\\Command\\Command.php(255): Illuminate\\Console\\Command->execute(Object(Symfony\\Component\\Console\\Input\\ArgvInput), Object(Illuminate\\Console\\OutputStyle))
#20 C:\\xampp\\htdocs\\lumen_projects\\WealthSmithApi\\vendor\\illuminate\\console\\Command.php(170): Symfony\\Component\\Console\\Command\\Command->run(Object(Symfony\\Component\\Console\\Input\\ArgvInput), Object(Illuminate\\Console\\OutputStyle))
#21 C:\\xampp\\htdocs\\lumen_projects\\WealthSmithApi\\vendor\\symfony\\console\\Application.php(921): Illuminate\\Console\\Command->run(Object(Symfony\\Component\\Console\\Input\\ArgvInput), Object(Symfony\\Component\\Console\\Output\\ConsoleOutput))
#22 C:\\xampp\\htdocs\\lumen_projects\\WealthSmithApi\\vendor\\symfony\\console\\Application.php(273): Symfony\\Component\\Console\\Application->doRunCommand(Object(Illuminate\\Database\\Console\\Migrations\\MigrateCommand), Object(Symfony\\Component\\Console\\Input\\ArgvInput), Object(Symfony\\Component\\Console\\Output\\ConsoleOutput))
#23 C:\\xampp\\htdocs\\lumen_projects\\WealthSmithApi\\vendor\\symfony\\console\\Application.php(149): Symfony\\Component\\Console\\Application->doRun(Object(Symfony\\Component\\Console\\Input\\ArgvInput), Object(Symfony\\Component\\Console\\Output\\ConsoleOutput))
#24 C:\\xampp\\htdocs\\lumen_projects\\WealthSmithApi\\vendor\\illuminate\\console\\Application.php(90): Symfony\\Component\\Console\\Application->run(Object(Symfony\\Component\\Console\\Input\\ArgvInput), Object(Symfony\\Component\\Console\\Output\\ConsoleOutput))
#25 C:\\xampp\\htdocs\\lumen_projects\\WealthSmithApi\\vendor\\laravel\\lumen-framework\\src\\Console\\Kernel.php(115): Illuminate\\Console\\Application->run(Object(Symfony\\Component\\Console\\Input\\ArgvInput), Object(Symfony\\Component\\Console\\Output\\ConsoleOutput))
#26 C:\\xampp\\htdocs\\lumen_projects\\WealthSmithApi\\artisan(35): Laravel\\Lumen\\Console\\Kernel->handle(Object(Symfony\\Component\\Console\\Input\\ArgvInput), Object(Symfony\\Component\\Console\\Output\\ConsoleOutput))
#27 {main}
"} 
